[2021-06-26 00:26:29,742] INFO    (fnirs-66): {'rt': 4370, 'anb': 9272, 'ewm': 9044, 'gng': 4370}
[2021-06-26 00:26:29,757] INFO    (fnirs-66): {'gng': 690, 'anb': 1464, 'rt': 690, 'ewm': 1428}
[2021-06-26 12:32:19,825] INFO    (fnirs-66): {'rt': 4370, 'anb': 9272, 'ewm': 9044, 'gng': 4370}
[2021-06-26 12:32:19,840] INFO    (fnirs-66): {'gng': 690, 'anb': 1464, 'rt': 690, 'ewm': 1428}
[2021-06-27 20:46:00,521] INFO    (fnirs-66): {'rt': 4370, 'anb': 9272, 'ewm': 9044, 'gng': 4370}
[2021-06-27 20:46:00,537] INFO    (fnirs-66): {'gng': 690, 'anb': 1464, 'rt': 690, 'ewm': 1428}
[2021-06-27 20:46:44,775] INFO    (fnirs-66): {'rt': 4370, 'anb': 9272, 'ewm': 9044, 'gng': 4370}
[2021-06-27 20:46:44,791] INFO    (fnirs-66): {'gng': 690, 'anb': 1464, 'rt': 690, 'ewm': 1428}
[2021-06-27 20:57:52,232] INFO    (fnirs-66): {'rt': 4370, 'anb': 9272, 'ewm': 9044, 'gng': 4370}
[2021-06-27 20:57:52,250] INFO    (fnirs-66): {'gng': 690, 'anb': 1464, 'rt': 690, 'ewm': 1428}
[2021-06-27 20:58:17,689] INFO    (fnirs-66): {'rt': 4370, 'anb': 9272, 'ewm': 9044, 'gng': 4370}
[2021-06-27 20:58:17,705] INFO    (fnirs-66): {'gng': 690, 'anb': 1464, 'rt': 690, 'ewm': 1428}
[2021-06-27 20:58:33,436] INFO    (fnirs-66): {'rt': 4370, 'anb': 9272, 'ewm': 9044, 'gng': 4370}
[2021-06-27 20:58:33,453] INFO    (fnirs-66): {'gng': 690, 'anb': 1464, 'rt': 690, 'ewm': 1428}
[2021-06-27 23:18:16,111] INFO    (fnirs-66): {'rt': 4370, 'anb': 9272, 'ewm': 9044, 'gng': 4370}
[2021-06-27 23:18:16,127] INFO    (fnirs-66): {'gng': 690, 'anb': 1464, 'rt': 690, 'ewm': 1428}
[2021-06-27 23:18:50,894] INFO    (fnirs-66): {'rt': 4370, 'anb': 9272, 'ewm': 9044, 'gng': 4370}
[2021-06-27 23:18:50,911] INFO    (fnirs-66): {'gng': 690, 'anb': 1464, 'rt': 690, 'ewm': 1428}
[2021-06-28 00:30:55,153] INFO    (fnirs-66): {'rt': 4370, 'anb': 9272, 'ewm': 9044, 'gng': 4370}
[2021-06-28 00:30:55,168] INFO    (fnirs-66): {'gng': 690, 'anb': 1464, 'rt': 690, 'ewm': 1428}
[2021-06-28 00:46:21,506] INFO    (fnirs-66): {'rt': 4370, 'anb': 9272, 'ewm': 9044, 'gng': 4370}
[2021-06-28 00:46:21,522] INFO    (fnirs-66): {'gng': 690, 'anb': 1464, 'rt': 690, 'ewm': 1428}
[2021-06-28 01:03:25,510] INFO    (fnirs-66): {'rt': 4370, 'anb': 9272, 'ewm': 9044, 'gng': 4370}
[2021-06-28 01:03:25,510] INFO    (fnirs-66): {'rt': 4370, 'anb': 9272, 'ewm': 9044, 'gng': 4370}
[2021-06-28 01:03:25,529] INFO    (fnirs-66): {'gng': 690, 'anb': 1464, 'rt': 690, 'ewm': 1428}
[2021-06-28 01:03:25,529] INFO    (fnirs-66): {'gng': 690, 'anb': 1464, 'rt': 690, 'ewm': 1428}
[2021-06-28 01:03:47,407] INFO    (fnirs-66): {'rt': 4370, 'anb': 9272, 'ewm': 9044, 'gng': 4370}
[2021-06-28 01:03:47,422] INFO    (fnirs-66): {'gng': 690, 'anb': 1464, 'rt': 690, 'ewm': 1428}
[2021-06-28 01:05:37,395] INFO    (fnirs-66): {'rt': 4370, 'anb': 9272, 'ewm': 9044, 'gng': 4370}
[2021-06-28 01:05:37,411] INFO    (fnirs-66): {'gng': 690, 'anb': 1464, 'rt': 690, 'ewm': 1428}
[2021-06-28 01:06:26,958] INFO    (fnirs-66): {'rt': 4370, 'anb': 9272, 'ewm': 9044, 'gng': 4370}
[2021-06-28 01:06:26,975] INFO    (fnirs-66): {'gng': 690, 'anb': 1464, 'rt': 690, 'ewm': 1428}
[2021-06-28 01:28:37,875] INFO    (fnirs-66): {'rt': 4370, 'anb': 9272, 'ewm': 9044, 'gng': 4370}
[2021-06-28 01:28:37,892] INFO    (fnirs-66): {'gng': 690, 'anb': 1464, 'rt': 690, 'ewm': 1428}
[2021-06-28 01:29:40,758] INFO    (fnirs-66): {'rt': 4370, 'anb': 9272, 'ewm': 9044, 'gng': 4370}
[2021-06-28 01:29:40,774] INFO    (fnirs-66): {'gng': 690, 'anb': 1464, 'rt': 690, 'ewm': 1428}
[2021-06-28 01:34:54,961] INFO    (fnirs-66): {'rt': 4370, 'anb': 9272, 'ewm': 9044, 'gng': 4370}
[2021-06-28 01:34:54,978] INFO    (fnirs-66): {'gng': 690, 'anb': 1464, 'rt': 690, 'ewm': 1428}
[2021-06-28 02:38:43,442] INFO    (fnirs-66): {'rt': 4370, 'anb': 9272, 'ewm': 9044, 'gng': 4370}
[2021-06-28 02:38:43,458] INFO    (fnirs-66): {'gng': 690, 'anb': 1464, 'rt': 690, 'ewm': 1428}
[2021-06-28 02:39:24,400] INFO    (fnirs-66): {'rt': 4370, 'anb': 9272, 'ewm': 9044, 'gng': 4370}
[2021-06-28 02:39:24,416] INFO    (fnirs-66): {'gng': 690, 'anb': 1464, 'rt': 690, 'ewm': 1428}
[2021-06-28 02:39:57,180] INFO    (fnirs-66): {'rt': 4370, 'anb': 9272, 'ewm': 9044, 'gng': 4370}
[2021-06-28 02:39:57,197] INFO    (fnirs-66): {'gng': 690, 'anb': 1464, 'rt': 690, 'ewm': 1428}
[2021-06-28 02:40:48,483] INFO    (fnirs-66): {'rt': 4370, 'anb': 9272, 'ewm': 9044, 'gng': 4370}
[2021-06-28 02:40:48,488] INFO    (fnirs-66): {'gng': 690, 'anb': 1464, 'rt': 690, 'ewm': 1428}
[2021-06-28 03:14:33,998] INFO    (fnirs-66): {'rt': 4370, 'anb': 9272, 'ewm': 9044, 'gng': 4370}
[2021-06-28 03:14:34,004] INFO    (fnirs-66): {'gng': 690, 'anb': 1464, 'rt': 690, 'ewm': 1428}
[2021-06-28 03:20:46,650] INFO    (fnirs-66): {'rt': 4370, 'anb': 9272, 'ewm': 9044, 'gng': 4370}
[2021-06-28 03:20:46,655] INFO    (fnirs-66): {'gng': 690, 'anb': 1464, 'rt': 690, 'ewm': 1428}
[2021-06-28 03:23:47,689] INFO    (fnirs-66): {'rt': 4370, 'anb': 9272, 'gng': 4370, 'ewm': 9044}
[2021-06-28 03:23:47,698] INFO    (fnirs-66): {'gng': 690, 'ewm': 1428, 'rt': 690, 'anb': 1464}
[2021-06-28 03:34:47,501] INFO    (fnirs-66): {'rt': 4370, 'anb': 9272, 'ewm': 9044, 'gng': 4370}
[2021-06-28 03:34:47,507] INFO    (fnirs-66): {'gng': 690, 'anb': 1464, 'rt': 690, 'ewm': 1428}
[2021-06-28 03:37:48,876] INFO    (fnirs-66): {'rt': 4370, 'anb': 9272, 'gng': 4370, 'ewm': 9044}
[2021-06-28 03:37:48,884] INFO    (fnirs-66): {'gng': 690, 'ewm': 1428, 'rt': 690, 'anb': 1464}
[2021-06-28 03:40:45,775] INFO    (fnirs-66): {'anb': 9760, 'rt': 4600, 'gng': 4600, 'ewm': 9520}
[2021-06-28 03:40:45,781] INFO    (fnirs-66): {'rt': 460, 'anb': 976, 'ewm': 952, 'gng': 460}
[2021-06-28 03:44:00,706] INFO    (fnirs-66): {'rt': 4600, 'anb': 9760, 'gng': 4600, 'ewm': 9520}
[2021-06-28 03:44:00,749] INFO    (fnirs-66): {'anb': 976, 'gng': 460, 'rt': 460, 'ewm': 952}
[2021-06-28 03:47:15,582] INFO    (fnirs-66): {'rt': 4600, 'anb': 9760, 'gng': 4600, 'ewm': 9520}
[2021-06-28 03:47:15,624] INFO    (fnirs-66): {'rt': 460, 'ewm': 952, 'anb': 976, 'gng': 460}
[2021-06-28 03:50:31,032] INFO    (fnirs-66): {'rt': 4600, 'anb': 9760, 'gng': 4600, 'ewm': 9520}
[2021-06-28 03:50:31,040] INFO    (fnirs-66): {'rt': 460, 'gng': 460, 'anb': 976, 'ewm': 952}
[2021-06-28 03:53:47,314] INFO    (fnirs-66): {'rt': 4600, 'anb': 9760, 'gng': 4600, 'ewm': 9520}
[2021-06-28 03:53:47,322] INFO    (fnirs-66): {'ewm': 952, 'anb': 976, 'gng': 460, 'rt': 460}
[2021-06-28 03:57:02,161] INFO    (fnirs-66): {'rt': 4600, 'anb': 9760, 'gng': 4600, 'ewm': 9520}
[2021-06-28 03:57:02,169] INFO    (fnirs-66): {'rt': 460, 'ewm': 952, 'anb': 976, 'gng': 460}
[2021-06-28 04:00:17,118] INFO    (fnirs-66): {'rt': 4600, 'gng': 4600, 'anb': 9760, 'ewm': 9520}
[2021-06-28 04:00:17,126] INFO    (fnirs-66): {'anb': 976, 'ewm': 952, 'gng': 460, 'rt': 460}
[2021-06-28 04:03:31,618] INFO    (fnirs-66): {'rt': 4600, 'anb': 9760, 'gng': 4600, 'ewm': 9520}
[2021-06-28 04:03:31,626] INFO    (fnirs-66): {'gng': 460, 'ewm': 952, 'rt': 460, 'anb': 976}
[2021-06-28 04:06:46,107] INFO    (fnirs-66): {'rt': 4370, 'anb': 9272, 'ewm': 9044, 'gng': 4370}
[2021-06-28 04:06:46,112] INFO    (fnirs-66): {'gng': 690, 'anb': 1464, 'rt': 690, 'ewm': 1428}
[2021-06-28 04:09:44,509] INFO    (fnirs-66): {'rt': 4370, 'anb': 9272, 'gng': 4370, 'ewm': 9044}
[2021-06-28 04:09:44,517] INFO    (fnirs-66): {'gng': 690, 'ewm': 1428, 'rt': 690, 'anb': 1464}
[2021-06-28 04:12:43,427] INFO    (fnirs-66): {'anb': 9760, 'rt': 4600, 'gng': 4600, 'ewm': 9520}
[2021-06-28 04:12:43,433] INFO    (fnirs-66): {'rt': 460, 'anb': 976, 'ewm': 952, 'gng': 460}
[2021-06-28 04:15:59,955] INFO    (fnirs-66): {'rt': 4600, 'anb': 9760, 'gng': 4600, 'ewm': 9520}
[2021-06-28 04:15:59,962] INFO    (fnirs-66): {'anb': 976, 'gng': 460, 'rt': 460, 'ewm': 952}
[2021-06-28 04:19:17,561] INFO    (fnirs-66): {'rt': 4600, 'anb': 9760, 'gng': 4600, 'ewm': 9520}
[2021-06-28 04:19:17,568] INFO    (fnirs-66): {'rt': 460, 'ewm': 952, 'anb': 976, 'gng': 460}
[2021-06-28 04:22:34,436] INFO    (fnirs-66): {'rt': 4600, 'anb': 9760, 'gng': 4600, 'ewm': 9520}
[2021-06-28 04:22:34,444] INFO    (fnirs-66): {'rt': 460, 'gng': 460, 'anb': 976, 'ewm': 952}
[2021-06-28 04:25:51,333] INFO    (fnirs-66): {'rt': 4600, 'anb': 9760, 'gng': 4600, 'ewm': 9520}
[2021-06-28 04:25:51,340] INFO    (fnirs-66): {'ewm': 952, 'anb': 976, 'gng': 460, 'rt': 460}
[2021-06-28 04:29:08,080] INFO    (fnirs-66): {'rt': 4600, 'anb': 9760, 'gng': 4600, 'ewm': 9520}
[2021-06-28 04:29:08,087] INFO    (fnirs-66): {'rt': 460, 'ewm': 952, 'anb': 976, 'gng': 460}
[2021-06-28 04:32:24,440] INFO    (fnirs-66): {'rt': 4600, 'gng': 4600, 'anb': 9760, 'ewm': 9520}
[2021-06-28 04:32:24,447] INFO    (fnirs-66): {'anb': 976, 'ewm': 952, 'gng': 460, 'rt': 460}
[2021-06-28 04:35:42,190] INFO    (fnirs-66): {'rt': 4600, 'anb': 9760, 'gng': 4600, 'ewm': 9520}
[2021-06-28 04:35:42,197] INFO    (fnirs-66): {'gng': 460, 'ewm': 952, 'rt': 460, 'anb': 976}
[2021-06-28 04:38:59,215] INFO    (fnirs-66): {'rt': 4370, 'anb': 9272, 'ewm': 9044, 'gng': 4370}
[2021-06-28 04:38:59,220] INFO    (fnirs-66): {'gng': 690, 'anb': 1464, 'rt': 690, 'ewm': 1428}
[2021-06-28 04:42:05,221] INFO    (fnirs-66): {'rt': 4370, 'anb': 9272, 'gng': 4370, 'ewm': 9044}
[2021-06-28 04:42:05,228] INFO    (fnirs-66): {'gng': 690, 'ewm': 1428, 'rt': 690, 'anb': 1464}
[2021-06-28 04:45:11,423] INFO    (fnirs-66): {'anb': 9760, 'rt': 4600, 'gng': 4600, 'ewm': 9520}
[2021-06-28 04:45:11,430] INFO    (fnirs-66): {'rt': 460, 'anb': 976, 'ewm': 952, 'gng': 460}
[2021-06-28 04:48:35,894] INFO    (fnirs-66): {'rt': 4600, 'anb': 9760, 'gng': 4600, 'ewm': 9520}
[2021-06-28 04:48:35,901] INFO    (fnirs-66): {'anb': 976, 'gng': 460, 'rt': 460, 'ewm': 952}
[2021-06-28 04:52:00,125] INFO    (fnirs-66): {'rt': 4600, 'anb': 9760, 'gng': 4600, 'ewm': 9520}
[2021-06-28 04:52:00,132] INFO    (fnirs-66): {'rt': 460, 'ewm': 952, 'anb': 976, 'gng': 460}
[2021-06-28 04:55:24,190] INFO    (fnirs-66): {'rt': 4600, 'anb': 9760, 'gng': 4600, 'ewm': 9520}
[2021-06-28 04:55:24,197] INFO    (fnirs-66): {'rt': 460, 'gng': 460, 'anb': 976, 'ewm': 952}
[2021-06-28 04:58:47,689] INFO    (fnirs-66): {'rt': 4600, 'anb': 9760, 'gng': 4600, 'ewm': 9520}
[2021-06-28 04:58:47,696] INFO    (fnirs-66): {'ewm': 952, 'anb': 976, 'gng': 460, 'rt': 460}
[2021-06-28 05:02:11,919] INFO    (fnirs-66): {'rt': 4600, 'anb': 9760, 'gng': 4600, 'ewm': 9520}
[2021-06-28 05:02:11,926] INFO    (fnirs-66): {'rt': 460, 'ewm': 952, 'anb': 976, 'gng': 460}
[2021-06-28 05:05:35,086] INFO    (fnirs-66): {'rt': 4600, 'gng': 4600, 'anb': 9760, 'ewm': 9520}
[2021-06-28 05:05:35,093] INFO    (fnirs-66): {'anb': 976, 'ewm': 952, 'gng': 460, 'rt': 460}
[2021-06-28 05:08:59,641] INFO    (fnirs-66): {'rt': 4600, 'anb': 9760, 'gng': 4600, 'ewm': 9520}
[2021-06-28 05:08:59,648] INFO    (fnirs-66): {'gng': 460, 'ewm': 952, 'rt': 460, 'anb': 976}
[2021-06-28 05:12:24,336] INFO    (fnirs-66): {'rt': 4370, 'anb': 9272, 'ewm': 9044, 'gng': 4370}
[2021-06-28 05:12:24,340] INFO    (fnirs-66): {'gng': 690, 'anb': 1464, 'rt': 690, 'ewm': 1428}
[2021-06-28 05:15:29,962] INFO    (fnirs-66): {'rt': 4370, 'anb': 9272, 'gng': 4370, 'ewm': 9044}
[2021-06-28 05:15:29,969] INFO    (fnirs-66): {'gng': 690, 'ewm': 1428, 'rt': 690, 'anb': 1464}
[2021-06-28 05:18:34,935] INFO    (fnirs-66): {'anb': 9760, 'rt': 4600, 'gng': 4600, 'ewm': 9520}
[2021-06-28 05:18:34,942] INFO    (fnirs-66): {'rt': 460, 'anb': 976, 'ewm': 952, 'gng': 460}
[2021-06-28 05:21:58,459] INFO    (fnirs-66): {'rt': 4600, 'anb': 9760, 'gng': 4600, 'ewm': 9520}
[2021-06-28 05:21:58,466] INFO    (fnirs-66): {'anb': 976, 'gng': 460, 'rt': 460, 'ewm': 952}
[2021-06-28 05:25:21,861] INFO    (fnirs-66): {'rt': 4600, 'anb': 9760, 'gng': 4600, 'ewm': 9520}
[2021-06-28 05:25:21,868] INFO    (fnirs-66): {'rt': 460, 'ewm': 952, 'anb': 976, 'gng': 460}
[2021-06-28 05:28:45,619] INFO    (fnirs-66): {'rt': 4600, 'anb': 9760, 'gng': 4600, 'ewm': 9520}
[2021-06-28 05:28:45,627] INFO    (fnirs-66): {'rt': 460, 'gng': 460, 'anb': 976, 'ewm': 952}
[2021-06-28 05:32:09,368] INFO    (fnirs-66): {'rt': 4600, 'anb': 9760, 'gng': 4600, 'ewm': 9520}
[2021-06-28 05:32:09,375] INFO    (fnirs-66): {'ewm': 952, 'anb': 976, 'gng': 460, 'rt': 460}
[2021-06-28 05:35:32,928] INFO    (fnirs-66): {'rt': 4600, 'anb': 9760, 'gng': 4600, 'ewm': 9520}
[2021-06-28 05:35:32,935] INFO    (fnirs-66): {'rt': 460, 'ewm': 952, 'anb': 976, 'gng': 460}
[2021-06-28 05:38:56,264] INFO    (fnirs-66): {'rt': 4600, 'gng': 4600, 'anb': 9760, 'ewm': 9520}
[2021-06-28 05:38:56,271] INFO    (fnirs-66): {'anb': 976, 'ewm': 952, 'gng': 460, 'rt': 460}
[2021-06-28 05:42:19,432] INFO    (fnirs-66): {'rt': 4600, 'anb': 9760, 'gng': 4600, 'ewm': 9520}
[2021-06-28 05:42:19,439] INFO    (fnirs-66): {'gng': 460, 'ewm': 952, 'rt': 460, 'anb': 976}
[2021-06-28 05:45:42,518] INFO    (fnirs-66): {'rt': 4370, 'anb': 9272, 'ewm': 9044, 'gng': 4370}
[2021-06-28 05:45:42,522] INFO    (fnirs-66): {'gng': 690, 'anb': 1464, 'rt': 690, 'ewm': 1428}
[2021-06-28 05:48:38,180] INFO    (fnirs-66): {'rt': 4370, 'anb': 9272, 'gng': 4370, 'ewm': 9044}
[2021-06-28 05:48:38,188] INFO    (fnirs-66): {'gng': 690, 'ewm': 1428, 'rt': 690, 'anb': 1464}
[2021-06-28 05:51:34,009] INFO    (fnirs-66): {'anb': 9760, 'rt': 4600, 'gng': 4600, 'ewm': 9520}
[2021-06-28 05:51:34,016] INFO    (fnirs-66): {'rt': 460, 'anb': 976, 'ewm': 952, 'gng': 460}
[2021-06-28 05:54:47,832] INFO    (fnirs-66): {'rt': 4600, 'anb': 9760, 'gng': 4600, 'ewm': 9520}
[2021-06-28 05:54:47,839] INFO    (fnirs-66): {'anb': 976, 'gng': 460, 'rt': 460, 'ewm': 952}
[2021-06-28 05:58:00,894] INFO    (fnirs-66): {'rt': 4600, 'anb': 9760, 'gng': 4600, 'ewm': 9520}
[2021-06-28 05:58:00,901] INFO    (fnirs-66): {'rt': 460, 'ewm': 952, 'anb': 976, 'gng': 460}
[2021-06-28 06:01:14,723] INFO    (fnirs-66): {'rt': 4600, 'anb': 9760, 'gng': 4600, 'ewm': 9520}
[2021-06-28 06:01:14,730] INFO    (fnirs-66): {'rt': 460, 'gng': 460, 'anb': 976, 'ewm': 952}
[2021-06-28 06:04:28,076] INFO    (fnirs-66): {'rt': 4600, 'anb': 9760, 'gng': 4600, 'ewm': 9520}
[2021-06-28 06:04:28,083] INFO    (fnirs-66): {'ewm': 952, 'anb': 976, 'gng': 460, 'rt': 460}
[2021-06-28 06:07:41,839] INFO    (fnirs-66): {'rt': 4600, 'anb': 9760, 'gng': 4600, 'ewm': 9520}
[2021-06-28 06:07:41,846] INFO    (fnirs-66): {'rt': 460, 'ewm': 952, 'anb': 976, 'gng': 460}
[2021-06-28 06:10:55,407] INFO    (fnirs-66): {'rt': 4600, 'gng': 4600, 'anb': 9760, 'ewm': 9520}
[2021-06-28 06:10:55,414] INFO    (fnirs-66): {'anb': 976, 'ewm': 952, 'gng': 460, 'rt': 460}
[2021-06-28 06:14:09,465] INFO    (fnirs-66): {'rt': 4600, 'anb': 9760, 'gng': 4600, 'ewm': 9520}
[2021-06-28 06:14:09,472] INFO    (fnirs-66): {'gng': 460, 'ewm': 952, 'rt': 460, 'anb': 976}
[2021-06-28 17:14:57,368] INFO    (fnirs-66): {'gng': 690, 'anb': 1464, 'rt': 690, 'ewm': 1428}
[2021-06-28 17:15:53,063] INFO    (fnirs-66): {'gng': 690, 'anb': 1464, 'rt': 690, 'ewm': 1428}
[2021-06-28 17:32:39,714] INFO    (fnirs-66): {'gng': 690, 'anb': 1464, 'rt': 690, 'ewm': 1428}
[2021-06-28 17:33:57,357] INFO    (fnirs-66): {'gng': 690, 'anb': 1464, 'rt': 690, 'ewm': 1428}
[2021-06-28 17:35:38,675] INFO    (fnirs-66): {'gng': 690, 'anb': 1464, 'rt': 690, 'ewm': 1428}
[2021-06-28 17:36:01,540] INFO    (fnirs-66): {'gng': 690, 'anb': 1464, 'rt': 690, 'ewm': 1428}
[2021-06-28 17:36:35,738] INFO    (fnirs-66): {'gng': 690, 'anb': 1464, 'rt': 690, 'ewm': 1428}
[2021-06-28 17:37:22,075] INFO    (fnirs-66): {'gng': 690, 'anb': 1464, 'rt': 690, 'ewm': 1428}
[2021-06-28 17:37:46,964] INFO    (fnirs-66): {'gng': 690, 'anb': 1464, 'rt': 690, 'ewm': 1428}
[2021-06-28 17:37:59,922] INFO    (fnirs-66): {'gng': 690, 'ewm': 1428, 'rt': 690, 'anb': 1464}
[2021-06-28 17:38:22,392] INFO    (fnirs-66): {'gng': 690, 'ewm': 1428, 'rt': 690, 'anb': 1464}
[2021-06-28 17:38:55,784] INFO    (fnirs-66): {'gng': 690, 'ewm': 1428, 'rt': 690, 'anb': 1464}
[2021-06-28 17:39:41,224] INFO    (fnirs-66): {'gng': 690, 'ewm': 1428, 'rt': 690, 'anb': 1464}
[2021-06-28 17:40:06,339] INFO    (fnirs-66): {'gng': 690, 'ewm': 1428, 'rt': 690, 'anb': 1464}
[2021-06-28 17:40:19,299] INFO    (fnirs-66): {'rt': 460, 'anb': 976, 'ewm': 952, 'gng': 460}
[2021-06-28 17:40:42,175] INFO    (fnirs-66): {'rt': 460, 'anb': 976, 'ewm': 952, 'gng': 460}
[2021-06-28 17:41:17,030] INFO    (fnirs-66): {'rt': 460, 'anb': 976, 'ewm': 952, 'gng': 460}
[2021-06-28 17:42:04,273] INFO    (fnirs-66): {'rt': 460, 'anb': 976, 'ewm': 952, 'gng': 460}
[2021-06-28 17:42:29,008] INFO    (fnirs-66): {'rt': 460, 'anb': 976, 'ewm': 952, 'gng': 460}
[2021-06-28 17:42:41,781] INFO    (fnirs-66): {'anb': 976, 'gng': 460, 'rt': 460, 'ewm': 952}
[2021-06-28 17:43:04,358] INFO    (fnirs-66): {'anb': 976, 'gng': 460, 'rt': 460, 'ewm': 952}
[2021-06-28 17:43:38,780] INFO    (fnirs-66): {'anb': 976, 'gng': 460, 'rt': 460, 'ewm': 952}
[2021-06-28 17:44:25,577] INFO    (fnirs-66): {'anb': 976, 'gng': 460, 'rt': 460, 'ewm': 952}
[2021-06-28 17:44:49,954] INFO    (fnirs-66): {'anb': 976, 'gng': 460, 'rt': 460, 'ewm': 952}
[2021-06-28 17:45:03,096] INFO    (fnirs-66): {'rt': 460, 'ewm': 952, 'anb': 976, 'gng': 460}
[2021-06-28 17:45:26,017] INFO    (fnirs-66): {'rt': 460, 'ewm': 952, 'anb': 976, 'gng': 460}
[2021-06-28 17:45:59,863] INFO    (fnirs-66): {'rt': 460, 'ewm': 952, 'anb': 976, 'gng': 460}
[2021-06-28 17:46:47,675] INFO    (fnirs-66): {'rt': 460, 'ewm': 952, 'anb': 976, 'gng': 460}
[2021-06-28 17:47:12,042] INFO    (fnirs-66): {'rt': 460, 'ewm': 952, 'anb': 976, 'gng': 460}
[2021-06-28 17:47:24,040] INFO    (fnirs-66): {'rt': 460, 'gng': 460, 'anb': 976, 'ewm': 952}
[2021-06-28 17:47:46,428] INFO    (fnirs-66): {'rt': 460, 'gng': 460, 'anb': 976, 'ewm': 952}
[2021-06-28 17:48:21,180] INFO    (fnirs-66): {'rt': 460, 'gng': 460, 'anb': 976, 'ewm': 952}
[2021-06-28 17:49:07,437] INFO    (fnirs-66): {'rt': 460, 'gng': 460, 'anb': 976, 'ewm': 952}
[2021-06-28 17:49:31,988] INFO    (fnirs-66): {'rt': 460, 'gng': 460, 'anb': 976, 'ewm': 952}
[2021-06-28 17:49:44,643] INFO    (fnirs-66): {'ewm': 952, 'anb': 976, 'gng': 460, 'rt': 460}
[2021-06-28 17:50:07,683] INFO    (fnirs-66): {'ewm': 952, 'anb': 976, 'gng': 460, 'rt': 460}
[2021-06-28 17:50:41,794] INFO    (fnirs-66): {'ewm': 952, 'anb': 976, 'gng': 460, 'rt': 460}
[2021-06-28 17:51:23,944] INFO    (fnirs-66): {'ewm': 952, 'anb': 976, 'gng': 460, 'rt': 460}
[2021-06-28 17:51:48,387] INFO    (fnirs-66): {'ewm': 952, 'anb': 976, 'gng': 460, 'rt': 460}
[2021-06-28 17:52:01,389] INFO    (fnirs-66): {'rt': 460, 'ewm': 952, 'anb': 976, 'gng': 460}
[2021-06-28 17:52:24,232] INFO    (fnirs-66): {'rt': 460, 'ewm': 952, 'anb': 976, 'gng': 460}
[2021-06-28 17:52:57,939] INFO    (fnirs-66): {'rt': 460, 'ewm': 952, 'anb': 976, 'gng': 460}
[2021-06-28 17:53:43,560] INFO    (fnirs-66): {'rt': 460, 'ewm': 952, 'anb': 976, 'gng': 460}
[2021-06-28 17:54:08,347] INFO    (fnirs-66): {'rt': 460, 'ewm': 952, 'anb': 976, 'gng': 460}
[2021-06-28 17:54:21,235] INFO    (fnirs-66): {'anb': 976, 'ewm': 952, 'gng': 460, 'rt': 460}
[2021-06-28 17:54:43,752] INFO    (fnirs-66): {'anb': 976, 'ewm': 952, 'gng': 460, 'rt': 460}
[2021-06-28 17:55:17,970] INFO    (fnirs-66): {'anb': 976, 'ewm': 952, 'gng': 460, 'rt': 460}
[2021-06-28 17:56:04,499] INFO    (fnirs-66): {'anb': 976, 'ewm': 952, 'gng': 460, 'rt': 460}
[2021-06-28 17:56:28,983] INFO    (fnirs-66): {'anb': 976, 'ewm': 952, 'gng': 460, 'rt': 460}
[2021-06-28 17:56:40,809] INFO    (fnirs-66): {'gng': 460, 'ewm': 952, 'rt': 460, 'anb': 976}
[2021-06-28 17:57:03,310] INFO    (fnirs-66): {'gng': 460, 'ewm': 952, 'rt': 460, 'anb': 976}
[2021-06-28 17:57:37,899] INFO    (fnirs-66): {'gng': 460, 'ewm': 952, 'rt': 460, 'anb': 976}
[2021-06-28 17:58:25,047] INFO    (fnirs-66): {'gng': 460, 'ewm': 952, 'rt': 460, 'anb': 976}
[2021-06-28 17:58:49,579] INFO    (fnirs-66): {'gng': 460, 'ewm': 952, 'rt': 460, 'anb': 976}
