[2021-07-12 03:33:49,750] INFO    (main_entry_finger-275): Runing ISSUE04_EXP01_00 | eval on ['23', '24', '25', '26', '27']
[2021-07-12 03:33:49,756] INFO    (fnirs-68): {'BH': 774, 'BL': 787, 'LH': 789, 'LL': 783, 'RH': 791, 'RL': 765}
[2021-07-12 03:33:49,758] INFO    (fnirs-68): {'BH': 90, 'BL': 90, 'LH': 90, 'LL': 90, 'RH': 90, 'RL': 85}
[2021-07-12 03:33:49,759] INFO    (fnirs-68): {'BH': 90, 'BL': 90, 'LH': 90, 'LL': 90, 'RH': 90, 'RL': 85}
[2021-07-12 03:33:51,979] INFO    (base_engine-64): Train >>> ISSUE04_EXP01_00
[2021-07-12 03:33:51,980] INFO    (base_engine-78): Epc: 0/50, val_loss:100000000.0
[2021-07-12 03:34:10,370] INFO    (base_engine-102): New min Val loss 3.582366406917572 at [000]
[2021-07-12 03:34:10,374] INFO    (base_engine-105): leanring rate = [0.001]
[2021-07-12 03:34:10,375] INFO    (base_engine-78): Epc: 1/50, val_loss:3.582366406917572
[2021-07-12 03:34:28,621] INFO    (base_engine-105): leanring rate = [0.001]
[2021-07-12 03:34:28,622] INFO    (base_engine-78): Epc: 2/50, val_loss:3.582366406917572
[2021-07-12 03:34:46,845] INFO    (base_engine-105): leanring rate = [0.001]
[2021-07-12 03:34:46,845] INFO    (base_engine-78): Epc: 3/50, val_loss:3.582366406917572
[2021-07-12 03:35:05,201] INFO    (base_engine-105): leanring rate = [0.001]
[2021-07-12 03:35:05,202] INFO    (base_engine-78): Epc: 4/50, val_loss:3.582366406917572
[2021-07-12 03:35:23,790] INFO    (base_engine-105): leanring rate = [0.001]
[2021-07-12 03:35:23,791] INFO    (base_engine-78): Epc: 5/50, val_loss:3.582366406917572
[2021-07-12 03:35:42,299] INFO    (base_engine-105): leanring rate = [0.001]
[2021-07-12 03:35:42,299] INFO    (base_engine-78): Epc: 6/50, val_loss:3.582366406917572
[2021-07-12 03:36:00,759] INFO    (base_engine-105): leanring rate = [0.0001]
[2021-07-12 03:36:00,760] INFO    (base_engine-78): Epc: 7/50, val_loss:3.582366406917572
[2021-07-12 03:36:19,271] INFO    (base_engine-105): leanring rate = [0.0001]
[2021-07-12 03:36:19,271] INFO    (base_engine-78): Epc: 8/50, val_loss:3.582366406917572
[2021-07-12 03:36:37,751] INFO    (base_engine-102): New min Val loss 3.5821913480758667 at [008]
[2021-07-12 03:36:37,755] INFO    (base_engine-105): leanring rate = [0.0001]
[2021-07-12 03:36:37,756] INFO    (base_engine-78): Epc: 9/50, val_loss:3.5821913480758667
[2021-07-12 03:36:56,444] INFO    (base_engine-105): leanring rate = [0.0001]
[2021-07-12 03:36:56,444] INFO    (base_engine-78): Epc: 10/50, val_loss:3.5821913480758667
[2021-07-12 03:37:15,005] INFO    (base_engine-105): leanring rate = [0.0001]
[2021-07-12 03:37:15,006] INFO    (base_engine-78): Epc: 11/50, val_loss:3.5821913480758667
[2021-07-12 03:37:33,503] INFO    (base_engine-105): leanring rate = [0.0001]
[2021-07-12 03:37:33,504] INFO    (base_engine-78): Epc: 12/50, val_loss:3.5821913480758667
[2021-07-12 03:37:51,901] INFO    (base_engine-102): New min Val loss 3.5814269185066223 at [012]
[2021-07-12 03:37:51,904] INFO    (base_engine-105): leanring rate = [0.0001]
[2021-07-12 03:37:51,905] INFO    (base_engine-78): Epc: 13/50, val_loss:3.5814269185066223
[2021-07-12 03:38:10,456] INFO    (base_engine-102): New min Val loss 3.5812591910362244 at [013]
[2021-07-12 03:38:10,459] INFO    (base_engine-105): leanring rate = [0.0001]
[2021-07-12 03:38:10,460] INFO    (base_engine-78): Epc: 14/50, val_loss:3.5812591910362244
[2021-07-12 03:38:28,939] INFO    (base_engine-105): leanring rate = [0.0001]
[2021-07-12 03:38:28,940] INFO    (base_engine-78): Epc: 15/50, val_loss:3.5812591910362244
[2021-07-12 03:38:47,442] INFO    (base_engine-105): leanring rate = [0.0001]
[2021-07-12 03:38:47,443] INFO    (base_engine-78): Epc: 16/50, val_loss:3.5812591910362244
[2021-07-12 03:39:06,003] INFO    (base_engine-105): leanring rate = [0.0001]
[2021-07-12 03:39:06,003] INFO    (base_engine-78): Epc: 17/50, val_loss:3.5812591910362244
[2021-07-12 03:39:24,467] INFO    (base_engine-105): leanring rate = [0.0001]
[2021-07-12 03:39:24,467] INFO    (base_engine-78): Epc: 18/50, val_loss:3.5812591910362244
[2021-07-12 03:39:42,927] INFO    (base_engine-105): leanring rate = [1e-05]
[2021-07-12 03:39:42,927] WARNING (base_engine-107): Out of patience and reached lowest learning rate.
[2021-07-12 03:39:42,927] INFO    (main_entry_finger-275): Runing ISSUE04_EXP01_01 | eval on ['51']
[2021-07-12 03:39:42,934] INFO    (fnirs-68): {'BH': 846, 'BL': 863, 'LH': 861, 'LL': 855, 'RH': 863, 'RL': 833}
[2021-07-12 03:39:42,935] INFO    (fnirs-68): {'BH': 17, 'BL': 17, 'LH': 17, 'LL': 17, 'RH': 17, 'RL': 17}
[2021-07-12 03:39:42,936] INFO    (fnirs-68): {'BH': 17, 'BL': 17, 'LH': 17, 'LL': 17, 'RH': 17, 'RL': 17}
[2021-07-12 03:39:42,941] INFO    (base_engine-64): Train >>> ISSUE04_EXP01_01
[2021-07-12 03:39:42,941] INFO    (base_engine-78): Epc: 0/50, val_loss:100000000.0
[2021-07-12 03:40:01,975] INFO    (base_engine-102): New min Val loss 3.5838775634765625 at [000]
[2021-07-12 03:40:01,979] INFO    (base_engine-105): leanring rate = [0.001]
[2021-07-12 03:40:01,979] INFO    (base_engine-78): Epc: 1/50, val_loss:3.5838775634765625
[2021-07-12 03:40:20,894] INFO    (base_engine-102): New min Val loss 3.5829110145568848 at [001]
[2021-07-12 03:40:20,897] INFO    (base_engine-105): leanring rate = [0.001]
[2021-07-12 03:40:20,898] INFO    (base_engine-78): Epc: 2/50, val_loss:3.5829110145568848
[2021-07-12 03:40:39,743] INFO    (base_engine-105): leanring rate = [0.001]
[2021-07-12 03:40:39,744] INFO    (base_engine-78): Epc: 3/50, val_loss:3.5829110145568848
[2021-07-12 03:40:58,768] INFO    (base_engine-105): leanring rate = [0.001]
[2021-07-12 03:40:58,768] INFO    (base_engine-78): Epc: 4/50, val_loss:3.5829110145568848
[2021-07-12 03:41:17,907] INFO    (base_engine-102): New min Val loss 3.5791573524475098 at [004]
[2021-07-12 03:41:17,910] INFO    (base_engine-105): leanring rate = [0.001]
[2021-07-12 03:41:17,911] INFO    (base_engine-78): Epc: 5/50, val_loss:3.5791573524475098
[2021-07-12 03:41:36,848] INFO    (base_engine-105): leanring rate = [0.001]
[2021-07-12 03:41:36,848] INFO    (base_engine-78): Epc: 6/50, val_loss:3.5791573524475098
[2021-07-12 03:41:55,923] INFO    (base_engine-102): New min Val loss 3.5790271759033203 at [006]
[2021-07-12 03:41:55,926] INFO    (base_engine-105): leanring rate = [0.001]
[2021-07-12 03:41:55,927] INFO    (base_engine-78): Epc: 7/50, val_loss:3.5790271759033203
[2021-07-12 03:42:15,061] INFO    (base_engine-102): New min Val loss 3.5743441581726074 at [007]
[2021-07-12 03:42:15,065] INFO    (base_engine-105): leanring rate = [0.001]
[2021-07-12 03:42:15,065] INFO    (base_engine-78): Epc: 8/50, val_loss:3.5743441581726074
[2021-07-12 03:42:34,247] INFO    (base_engine-105): leanring rate = [0.001]
[2021-07-12 03:42:34,247] INFO    (base_engine-78): Epc: 9/50, val_loss:3.5743441581726074
[2021-07-12 03:42:53,332] INFO    (base_engine-105): leanring rate = [0.001]
[2021-07-12 03:42:53,332] INFO    (base_engine-78): Epc: 10/50, val_loss:3.5743441581726074
[2021-07-12 03:43:12,256] INFO    (base_engine-105): leanring rate = [0.001]
[2021-07-12 03:43:12,257] INFO    (base_engine-78): Epc: 11/50, val_loss:3.5743441581726074
[2021-07-12 03:43:31,213] INFO    (base_engine-105): leanring rate = [0.001]
[2021-07-12 03:43:31,213] INFO    (base_engine-78): Epc: 12/50, val_loss:3.5743441581726074
[2021-07-12 03:43:50,057] INFO    (base_engine-105): leanring rate = [0.001]
[2021-07-12 03:43:50,058] INFO    (base_engine-78): Epc: 13/50, val_loss:3.5743441581726074
[2021-07-12 03:44:09,027] INFO    (base_engine-105): leanring rate = [0.0001]
[2021-07-12 03:44:09,028] INFO    (base_engine-78): Epc: 14/50, val_loss:3.5743441581726074
[2021-07-12 03:44:27,975] INFO    (base_engine-105): leanring rate = [0.0001]
[2021-07-12 03:44:27,975] INFO    (base_engine-78): Epc: 15/50, val_loss:3.5743441581726074
[2021-07-12 03:44:46,942] INFO    (base_engine-105): leanring rate = [0.0001]
[2021-07-12 03:44:46,942] INFO    (base_engine-78): Epc: 16/50, val_loss:3.5743441581726074
[2021-07-12 03:45:05,907] INFO    (base_engine-105): leanring rate = [0.0001]
[2021-07-12 03:45:05,907] INFO    (base_engine-78): Epc: 17/50, val_loss:3.5743441581726074
[2021-07-12 03:45:24,700] INFO    (base_engine-105): leanring rate = [0.0001]
[2021-07-12 03:45:24,701] INFO    (base_engine-78): Epc: 18/50, val_loss:3.5743441581726074
[2021-07-12 03:45:43,587] INFO    (base_engine-105): leanring rate = [0.0001]
[2021-07-12 03:45:43,587] INFO    (base_engine-78): Epc: 19/50, val_loss:3.5743441581726074
[2021-07-12 03:46:02,428] INFO    (base_engine-105): leanring rate = [1e-05]
[2021-07-12 03:46:02,428] WARNING (base_engine-107): Out of patience and reached lowest learning rate.
[2021-07-12 03:46:02,429] INFO    (main_entry_finger-275): Runing ISSUE04_EXP01_02 | eval on ['18', '19', '28', '43', '44']
[2021-07-12 03:46:02,434] INFO    (fnirs-68): {'BH': 774, 'BL': 787, 'LH': 789, 'LL': 790, 'RH': 765, 'RL': 808}
[2021-07-12 03:46:02,436] INFO    (fnirs-68): {'BH': 85, 'BL': 90, 'LH': 85, 'LL': 83, 'RH': 84, 'RL': 90}
[2021-07-12 03:46:02,438] INFO    (fnirs-68): {'BH': 85, 'BL': 90, 'LH': 85, 'LL': 83, 'RH': 84, 'RL': 90}
[2021-07-12 03:46:02,442] INFO    (base_engine-64): Train >>> ISSUE04_EXP01_02
[2021-07-12 03:46:02,442] INFO    (base_engine-78): Epc: 0/50, val_loss:100000000.0
[2021-07-12 03:46:20,915] INFO    (base_engine-102): New min Val loss 3.583668053150177 at [000]
[2021-07-12 03:46:20,918] INFO    (base_engine-105): leanring rate = [0.001]
[2021-07-12 03:46:20,919] INFO    (base_engine-78): Epc: 1/50, val_loss:3.583668053150177
[2021-07-12 03:46:39,224] INFO    (base_engine-105): leanring rate = [0.001]
[2021-07-12 03:46:39,225] INFO    (base_engine-78): Epc: 2/50, val_loss:3.583668053150177
[2021-07-12 03:46:57,844] INFO    (base_engine-105): leanring rate = [0.001]
[2021-07-12 03:46:57,844] INFO    (base_engine-78): Epc: 3/50, val_loss:3.583668053150177
[2021-07-12 03:47:16,453] INFO    (base_engine-102): New min Val loss 3.583092302083969 at [003]
[2021-07-12 03:47:16,456] INFO    (base_engine-105): leanring rate = [0.001]
[2021-07-12 03:47:16,457] INFO    (base_engine-78): Epc: 4/50, val_loss:3.583092302083969
[2021-07-12 03:47:34,858] INFO    (base_engine-102): New min Val loss 3.582848846912384 at [004]
[2021-07-12 03:47:34,861] INFO    (base_engine-105): leanring rate = [0.001]
[2021-07-12 03:47:34,861] INFO    (base_engine-78): Epc: 5/50, val_loss:3.582848846912384
[2021-07-12 03:47:53,092] INFO    (base_engine-102): New min Val loss 3.581942617893219 at [005]
[2021-07-12 03:47:53,096] INFO    (base_engine-105): leanring rate = [0.001]
[2021-07-12 03:47:53,096] INFO    (base_engine-78): Epc: 6/50, val_loss:3.581942617893219
[2021-07-12 03:48:11,303] INFO    (base_engine-105): leanring rate = [0.001]
[2021-07-12 03:48:11,304] INFO    (base_engine-78): Epc: 7/50, val_loss:3.581942617893219
[2021-07-12 03:48:29,816] INFO    (base_engine-105): leanring rate = [0.001]
[2021-07-12 03:48:29,817] INFO    (base_engine-78): Epc: 8/50, val_loss:3.581942617893219
[2021-07-12 03:48:48,372] INFO    (base_engine-105): leanring rate = [0.001]
[2021-07-12 03:48:48,372] INFO    (base_engine-78): Epc: 9/50, val_loss:3.581942617893219
[2021-07-12 03:49:06,671] INFO    (base_engine-105): leanring rate = [0.001]
[2021-07-12 03:49:06,671] INFO    (base_engine-78): Epc: 10/50, val_loss:3.581942617893219
[2021-07-12 03:49:25,015] INFO    (base_engine-105): leanring rate = [0.001]
[2021-07-12 03:49:25,016] INFO    (base_engine-78): Epc: 11/50, val_loss:3.581942617893219
[2021-07-12 03:49:43,400] INFO    (base_engine-105): leanring rate = [0.0001]
[2021-07-12 03:49:43,401] INFO    (base_engine-78): Epc: 12/50, val_loss:3.581942617893219
[2021-07-12 03:50:01,811] INFO    (base_engine-105): leanring rate = [0.0001]
[2021-07-12 03:50:01,812] INFO    (base_engine-78): Epc: 13/50, val_loss:3.581942617893219
[2021-07-12 03:50:20,142] INFO    (base_engine-105): leanring rate = [0.0001]
[2021-07-12 03:50:20,142] INFO    (base_engine-78): Epc: 14/50, val_loss:3.581942617893219
[2021-07-12 03:50:38,361] INFO    (base_engine-105): leanring rate = [0.0001]
[2021-07-12 03:50:38,362] INFO    (base_engine-78): Epc: 15/50, val_loss:3.581942617893219
[2021-07-12 03:50:56,606] INFO    (base_engine-105): leanring rate = [0.0001]
[2021-07-12 03:50:56,606] INFO    (base_engine-78): Epc: 16/50, val_loss:3.581942617893219
[2021-07-12 03:51:14,774] INFO    (base_engine-105): leanring rate = [0.0001]
[2021-07-12 03:51:14,774] INFO    (base_engine-78): Epc: 17/50, val_loss:3.581942617893219
[2021-07-12 03:51:33,056] INFO    (base_engine-105): leanring rate = [1e-05]
[2021-07-12 03:51:33,057] WARNING (base_engine-107): Out of patience and reached lowest learning rate.
[2021-07-12 03:51:33,057] INFO    (main_entry_finger-275): Runing ISSUE04_EXP01_03 | eval on ['34', '35', '36']
[2021-07-12 03:51:33,063] INFO    (fnirs-68): {'BH': 810, 'BL': 823, 'LH': 825, 'LL': 819, 'RH': 827, 'RL': 799}
[2021-07-12 03:51:33,064] INFO    (fnirs-68): {'BH': 54, 'BL': 54, 'LH': 51, 'LL': 51, 'RH': 54, 'RL': 54}
[2021-07-12 03:51:33,066] INFO    (fnirs-68): {'BH': 54, 'BL': 54, 'LH': 51, 'LL': 51, 'RH': 54, 'RL': 54}
[2021-07-12 03:51:33,070] INFO    (base_engine-64): Train >>> ISSUE04_EXP01_03
[2021-07-12 03:51:33,071] INFO    (base_engine-78): Epc: 0/50, val_loss:100000000.0
[2021-07-12 03:51:51,562] INFO    (base_engine-102): New min Val loss 3.5773865580558777 at [000]
[2021-07-12 03:51:51,565] INFO    (base_engine-105): leanring rate = [0.001]
[2021-07-12 03:51:51,565] INFO    (base_engine-78): Epc: 1/50, val_loss:3.5773865580558777
[2021-07-12 03:52:10,092] INFO    (base_engine-105): leanring rate = [0.001]
[2021-07-12 03:52:10,093] INFO    (base_engine-78): Epc: 2/50, val_loss:3.5773865580558777
[2021-07-12 03:52:28,524] INFO    (base_engine-105): leanring rate = [0.001]
[2021-07-12 03:52:28,525] INFO    (base_engine-78): Epc: 3/50, val_loss:3.5773865580558777
[2021-07-12 03:52:47,003] INFO    (base_engine-105): leanring rate = [0.001]
[2021-07-12 03:52:47,004] INFO    (base_engine-78): Epc: 4/50, val_loss:3.5773865580558777
[2021-07-12 03:53:05,541] INFO    (base_engine-105): leanring rate = [0.001]
[2021-07-12 03:53:05,541] INFO    (base_engine-78): Epc: 5/50, val_loss:3.5773865580558777
[2021-07-12 03:53:24,012] INFO    (base_engine-105): leanring rate = [0.001]
[2021-07-12 03:53:24,013] INFO    (base_engine-78): Epc: 6/50, val_loss:3.5773865580558777
[2021-07-12 03:53:42,431] INFO    (base_engine-105): leanring rate = [0.0001]
[2021-07-12 03:53:42,432] INFO    (base_engine-78): Epc: 7/50, val_loss:3.5773865580558777
[2021-07-12 03:54:01,005] INFO    (base_engine-105): leanring rate = [0.0001]
[2021-07-12 03:54:01,005] INFO    (base_engine-78): Epc: 8/50, val_loss:3.5773865580558777
[2021-07-12 03:54:19,522] INFO    (base_engine-105): leanring rate = [0.0001]
[2021-07-12 03:54:19,522] INFO    (base_engine-78): Epc: 9/50, val_loss:3.5773865580558777
[2021-07-12 03:54:38,160] INFO    (base_engine-105): leanring rate = [0.0001]
[2021-07-12 03:54:38,160] INFO    (base_engine-78): Epc: 10/50, val_loss:3.5773865580558777
[2021-07-12 03:54:56,743] INFO    (base_engine-105): leanring rate = [0.0001]
[2021-07-12 03:54:56,743] INFO    (base_engine-78): Epc: 11/50, val_loss:3.5773865580558777
[2021-07-12 03:55:15,084] INFO    (base_engine-105): leanring rate = [0.0001]
[2021-07-12 03:55:15,084] INFO    (base_engine-78): Epc: 12/50, val_loss:3.5773865580558777
[2021-07-12 03:55:33,512] INFO    (base_engine-105): leanring rate = [1e-05]
[2021-07-12 03:55:33,512] WARNING (base_engine-107): Out of patience and reached lowest learning rate.
[2021-07-12 03:55:33,513] INFO    (main_entry_finger-275): Runing ISSUE04_EXP01_04 | eval on ['41', '42']
[2021-07-12 03:55:33,518] INFO    (fnirs-68): {'BH': 828, 'BL': 841, 'LH': 843, 'LL': 837, 'RH': 845, 'RL': 816}
[2021-07-12 03:55:33,520] INFO    (fnirs-68): {'BH': 34, 'BL': 36, 'LH': 34, 'LL': 36, 'RH': 34, 'RL': 36}
[2021-07-12 03:55:33,521] INFO    (fnirs-68): {'BH': 34, 'BL': 36, 'LH': 34, 'LL': 36, 'RH': 34, 'RL': 36}
[2021-07-12 03:55:33,525] INFO    (base_engine-64): Train >>> ISSUE04_EXP01_04
[2021-07-12 03:55:33,526] INFO    (base_engine-78): Epc: 0/50, val_loss:100000000.0
[2021-07-12 03:55:52,226] INFO    (base_engine-102): New min Val loss 3.5844572385152182 at [000]
[2021-07-12 03:55:52,229] INFO    (base_engine-105): leanring rate = [0.001]
[2021-07-12 03:55:52,230] INFO    (base_engine-78): Epc: 1/50, val_loss:3.5844572385152182
[2021-07-12 03:56:10,954] INFO    (base_engine-105): leanring rate = [0.001]
[2021-07-12 03:56:10,955] INFO    (base_engine-78): Epc: 2/50, val_loss:3.5844572385152182
[2021-07-12 03:56:29,828] INFO    (base_engine-105): leanring rate = [0.001]
[2021-07-12 03:56:29,828] INFO    (base_engine-78): Epc: 3/50, val_loss:3.5844572385152182
[2021-07-12 03:56:48,733] INFO    (base_engine-102): New min Val loss 3.5837185382843018 at [003]
[2021-07-12 03:56:48,737] INFO    (base_engine-105): leanring rate = [0.001]
[2021-07-12 03:56:48,737] INFO    (base_engine-78): Epc: 4/50, val_loss:3.5837185382843018
[2021-07-12 03:57:07,328] INFO    (base_engine-102): New min Val loss 3.582877000172933 at [004]
[2021-07-12 03:57:07,332] INFO    (base_engine-105): leanring rate = [0.001]
[2021-07-12 03:57:07,332] INFO    (base_engine-78): Epc: 5/50, val_loss:3.582877000172933
[2021-07-12 03:57:26,201] INFO    (base_engine-105): leanring rate = [0.001]
[2021-07-12 03:57:26,202] INFO    (base_engine-78): Epc: 6/50, val_loss:3.582877000172933
[2021-07-12 03:57:45,192] INFO    (base_engine-102): New min Val loss 3.5819568634033203 at [006]
[2021-07-12 03:57:45,196] INFO    (base_engine-105): leanring rate = [0.001]
[2021-07-12 03:57:45,196] INFO    (base_engine-78): Epc: 7/50, val_loss:3.5819568634033203
[2021-07-12 03:58:04,210] INFO    (base_engine-105): leanring rate = [0.001]
[2021-07-12 03:58:04,210] INFO    (base_engine-78): Epc: 8/50, val_loss:3.5819568634033203
[2021-07-12 03:58:23,101] INFO    (base_engine-105): leanring rate = [0.001]
[2021-07-12 03:58:23,101] INFO    (base_engine-78): Epc: 9/50, val_loss:3.5819568634033203
[2021-07-12 03:58:41,745] INFO    (base_engine-105): leanring rate = [0.001]
[2021-07-12 03:58:41,745] INFO    (base_engine-78): Epc: 10/50, val_loss:3.5819568634033203
[2021-07-12 03:59:00,451] INFO    (base_engine-105): leanring rate = [0.001]
[2021-07-12 03:59:00,451] INFO    (base_engine-78): Epc: 11/50, val_loss:3.5819568634033203
[2021-07-12 03:59:19,370] INFO    (base_engine-102): New min Val loss 3.5792107582092285 at [011]
[2021-07-12 03:59:19,374] INFO    (base_engine-105): leanring rate = [0.001]
[2021-07-12 03:59:19,374] INFO    (base_engine-78): Epc: 12/50, val_loss:3.5792107582092285
[2021-07-12 03:59:38,306] INFO    (base_engine-105): leanring rate = [0.001]
[2021-07-12 03:59:38,306] INFO    (base_engine-78): Epc: 13/50, val_loss:3.5792107582092285
[2021-07-12 03:59:57,141] INFO    (base_engine-105): leanring rate = [0.001]
[2021-07-12 03:59:57,141] INFO    (base_engine-78): Epc: 14/50, val_loss:3.5792107582092285
[2021-07-12 04:00:15,932] INFO    (base_engine-105): leanring rate = [0.001]
[2021-07-12 04:00:15,932] INFO    (base_engine-78): Epc: 15/50, val_loss:3.5792107582092285
[2021-07-12 04:00:34,696] INFO    (base_engine-105): leanring rate = [0.001]
[2021-07-12 04:00:34,696] INFO    (base_engine-78): Epc: 16/50, val_loss:3.5792107582092285
[2021-07-12 04:00:53,540] INFO    (base_engine-102): New min Val loss 3.5788493156433105 at [016]
[2021-07-12 04:00:53,543] INFO    (base_engine-105): leanring rate = [0.001]
[2021-07-12 04:00:53,544] INFO    (base_engine-78): Epc: 17/50, val_loss:3.5788493156433105
[2021-07-12 04:01:12,552] INFO    (base_engine-105): leanring rate = [0.001]
[2021-07-12 04:01:12,553] INFO    (base_engine-78): Epc: 18/50, val_loss:3.5788493156433105
[2021-07-12 04:01:31,301] INFO    (base_engine-105): leanring rate = [0.001]
[2021-07-12 04:01:31,301] INFO    (base_engine-78): Epc: 19/50, val_loss:3.5788493156433105
[2021-07-12 04:01:50,173] INFO    (base_engine-105): leanring rate = [0.001]
[2021-07-12 04:01:50,174] INFO    (base_engine-78): Epc: 20/50, val_loss:3.5788493156433105
[2021-07-12 04:02:09,009] INFO    (base_engine-105): leanring rate = [0.001]
[2021-07-12 04:02:09,009] INFO    (base_engine-78): Epc: 21/50, val_loss:3.5788493156433105
[2021-07-12 04:02:27,932] INFO    (base_engine-105): leanring rate = [0.001]
[2021-07-12 04:02:27,932] INFO    (base_engine-78): Epc: 22/50, val_loss:3.5788493156433105
[2021-07-12 04:02:46,631] INFO    (base_engine-105): leanring rate = [0.0001]
[2021-07-12 04:02:46,631] INFO    (base_engine-78): Epc: 23/50, val_loss:3.5788493156433105
[2021-07-12 04:03:05,394] INFO    (base_engine-105): leanring rate = [0.0001]
[2021-07-12 04:03:05,394] INFO    (base_engine-78): Epc: 24/50, val_loss:3.5788493156433105
[2021-07-12 04:03:24,064] INFO    (base_engine-105): leanring rate = [0.0001]
[2021-07-12 04:03:24,065] INFO    (base_engine-78): Epc: 25/50, val_loss:3.5788493156433105
[2021-07-12 04:03:42,663] INFO    (base_engine-105): leanring rate = [0.0001]
[2021-07-12 04:03:42,663] INFO    (base_engine-78): Epc: 26/50, val_loss:3.5788493156433105
[2021-07-12 04:04:01,341] INFO    (base_engine-105): leanring rate = [0.0001]
[2021-07-12 04:04:01,341] INFO    (base_engine-78): Epc: 27/50, val_loss:3.5788493156433105
[2021-07-12 04:04:20,495] INFO    (base_engine-105): leanring rate = [0.0001]
[2021-07-12 04:04:20,496] INFO    (base_engine-78): Epc: 28/50, val_loss:3.5788493156433105
[2021-07-12 04:04:39,530] INFO    (base_engine-105): leanring rate = [1e-05]
[2021-07-12 04:04:39,531] WARNING (base_engine-107): Out of patience and reached lowest learning rate.
[2021-07-12 04:04:39,531] INFO    (main_entry_finger-275): Runing ISSUE04_EXP01_05 | eval on ['38', '39', '40']
[2021-07-12 04:04:39,537] INFO    (fnirs-68): {'BH': 810, 'BL': 823, 'LH': 825, 'LL': 819, 'RH': 827, 'RL': 799}
[2021-07-12 04:04:39,538] INFO    (fnirs-68): {'BH': 54, 'BL': 51, 'LH': 51, 'LL': 54, 'RH': 54, 'RL': 54}
[2021-07-12 04:04:39,540] INFO    (fnirs-68): {'BH': 54, 'BL': 51, 'LH': 51, 'LL': 54, 'RH': 54, 'RL': 54}
[2021-07-12 04:04:39,544] INFO    (base_engine-64): Train >>> ISSUE04_EXP01_05
[2021-07-12 04:04:39,544] INFO    (base_engine-78): Epc: 0/50, val_loss:100000000.0
[2021-07-12 04:04:58,128] INFO    (base_engine-102): New min Val loss 3.5969040989875793 at [000]
[2021-07-12 04:04:58,132] INFO    (base_engine-105): leanring rate = [0.001]
[2021-07-12 04:04:58,132] INFO    (base_engine-78): Epc: 1/50, val_loss:3.5969040989875793
[2021-07-12 04:05:16,677] INFO    (base_engine-102): New min Val loss 3.5850921869277954 at [001]
[2021-07-12 04:05:16,681] INFO    (base_engine-105): leanring rate = [0.001]
[2021-07-12 04:05:16,681] INFO    (base_engine-78): Epc: 2/50, val_loss:3.5850921869277954
[2021-07-12 04:05:35,251] INFO    (base_engine-105): leanring rate = [0.001]
[2021-07-12 04:05:35,252] INFO    (base_engine-78): Epc: 3/50, val_loss:3.5850921869277954
[2021-07-12 04:05:53,783] INFO    (base_engine-102): New min Val loss 3.58416348695755 at [003]
[2021-07-12 04:05:53,786] INFO    (base_engine-105): leanring rate = [0.001]
[2021-07-12 04:05:53,786] INFO    (base_engine-78): Epc: 4/50, val_loss:3.58416348695755
[2021-07-12 04:06:12,314] INFO    (base_engine-102): New min Val loss 3.582621395587921 at [004]
[2021-07-12 04:06:12,318] INFO    (base_engine-105): leanring rate = [0.001]
[2021-07-12 04:06:12,318] INFO    (base_engine-78): Epc: 5/50, val_loss:3.582621395587921
[2021-07-12 04:06:30,782] INFO    (base_engine-105): leanring rate = [0.001]
[2021-07-12 04:06:30,782] INFO    (base_engine-78): Epc: 6/50, val_loss:3.582621395587921
[2021-07-12 04:06:49,454] INFO    (base_engine-105): leanring rate = [0.001]
[2021-07-12 04:06:49,454] INFO    (base_engine-78): Epc: 7/50, val_loss:3.582621395587921
[2021-07-12 04:07:07,806] INFO    (base_engine-105): leanring rate = [0.001]
[2021-07-12 04:07:07,807] INFO    (base_engine-78): Epc: 8/50, val_loss:3.582621395587921
[2021-07-12 04:07:26,271] INFO    (base_engine-105): leanring rate = [0.001]
[2021-07-12 04:07:26,271] INFO    (base_engine-78): Epc: 9/50, val_loss:3.582621395587921
[2021-07-12 04:07:44,817] INFO    (base_engine-105): leanring rate = [0.001]
[2021-07-12 04:07:44,818] INFO    (base_engine-78): Epc: 10/50, val_loss:3.582621395587921
[2021-07-12 04:08:03,384] INFO    (base_engine-105): leanring rate = [0.0001]
[2021-07-12 04:08:03,384] INFO    (base_engine-78): Epc: 11/50, val_loss:3.582621395587921
[2021-07-12 04:08:21,679] INFO    (base_engine-105): leanring rate = [0.0001]
[2021-07-12 04:08:21,679] INFO    (base_engine-78): Epc: 12/50, val_loss:3.582621395587921
[2021-07-12 04:08:39,965] INFO    (base_engine-102): New min Val loss 3.5823814868927 at [012]
[2021-07-12 04:08:39,968] INFO    (base_engine-105): leanring rate = [0.0001]
[2021-07-12 04:08:39,969] INFO    (base_engine-78): Epc: 13/50, val_loss:3.5823814868927
[2021-07-12 04:08:58,288] INFO    (base_engine-105): leanring rate = [0.0001]
[2021-07-12 04:08:58,288] INFO    (base_engine-78): Epc: 14/50, val_loss:3.5823814868927
[2021-07-12 04:09:16,582] INFO    (base_engine-105): leanring rate = [0.0001]
[2021-07-12 04:09:16,582] INFO    (base_engine-78): Epc: 15/50, val_loss:3.5823814868927
[2021-07-12 04:09:35,119] INFO    (base_engine-105): leanring rate = [0.0001]
[2021-07-12 04:09:35,119] INFO    (base_engine-78): Epc: 16/50, val_loss:3.5823814868927
[2021-07-12 04:09:53,729] INFO    (base_engine-105): leanring rate = [1e-05]
[2021-07-12 04:09:53,729] WARNING (base_engine-107): Out of patience and reached lowest learning rate.
[2021-07-12 04:09:53,730] INFO    (main_entry_finger-275): Runing ISSUE04_EXP01_06 | eval on ['48', '49', '50']
[2021-07-12 04:09:53,735] INFO    (fnirs-68): {'BH': 810, 'BL': 823, 'LH': 826, 'LL': 837, 'RH': 827, 'RL': 799}
[2021-07-12 04:09:53,737] INFO    (fnirs-68): {'BH': 54, 'BL': 54, 'LH': 53, 'RH': 51, 'RL': 54, 'LL': 52}
[2021-07-12 04:09:53,738] INFO    (fnirs-68): {'BH': 54, 'BL': 54, 'LH': 53, 'RH': 51, 'RL': 54, 'LL': 52}
[2021-07-12 04:09:53,743] INFO    (base_engine-64): Train >>> ISSUE04_EXP01_06
[2021-07-12 04:09:53,743] INFO    (base_engine-78): Epc: 0/50, val_loss:100000000.0
[2021-07-12 04:10:12,368] INFO    (base_engine-102): New min Val loss 3.5874409675598145 at [000]
[2021-07-12 04:10:12,371] INFO    (base_engine-105): leanring rate = [0.001]
[2021-07-12 04:10:12,372] INFO    (base_engine-78): Epc: 1/50, val_loss:3.5874409675598145
[2021-07-12 04:10:31,010] INFO    (base_engine-102): New min Val loss 3.5853317379951477 at [001]
[2021-07-12 04:10:31,013] INFO    (base_engine-105): leanring rate = [0.001]
[2021-07-12 04:10:31,014] INFO    (base_engine-78): Epc: 2/50, val_loss:3.5853317379951477
[2021-07-12 04:10:49,302] INFO    (base_engine-102): New min Val loss 3.58211487531662 at [002]
[2021-07-12 04:10:49,305] INFO    (base_engine-105): leanring rate = [0.001]
[2021-07-12 04:10:49,305] INFO    (base_engine-78): Epc: 3/50, val_loss:3.58211487531662
[2021-07-12 04:11:07,655] INFO    (base_engine-105): leanring rate = [0.001]
[2021-07-12 04:11:07,655] INFO    (base_engine-78): Epc: 4/50, val_loss:3.58211487531662
[2021-07-12 04:11:25,932] INFO    (base_engine-102): New min Val loss 3.5780136585235596 at [004]
[2021-07-12 04:11:25,936] INFO    (base_engine-105): leanring rate = [0.001]
[2021-07-12 04:11:25,936] INFO    (base_engine-78): Epc: 5/50, val_loss:3.5780136585235596
[2021-07-12 04:11:44,247] INFO    (base_engine-105): leanring rate = [0.001]
[2021-07-12 04:11:44,247] INFO    (base_engine-78): Epc: 6/50, val_loss:3.5780136585235596
[2021-07-12 04:12:02,750] INFO    (base_engine-105): leanring rate = [0.001]
[2021-07-12 04:12:02,750] INFO    (base_engine-78): Epc: 7/50, val_loss:3.5780136585235596
[2021-07-12 04:12:21,138] INFO    (base_engine-105): leanring rate = [0.001]
[2021-07-12 04:12:21,138] INFO    (base_engine-78): Epc: 8/50, val_loss:3.5780136585235596
[2021-07-12 04:12:39,508] INFO    (base_engine-105): leanring rate = [0.001]
[2021-07-12 04:12:39,508] INFO    (base_engine-78): Epc: 9/50, val_loss:3.5780136585235596
[2021-07-12 04:12:57,972] INFO    (base_engine-105): leanring rate = [0.001]
[2021-07-12 04:12:57,973] INFO    (base_engine-78): Epc: 10/50, val_loss:3.5780136585235596
[2021-07-12 04:13:16,500] INFO    (base_engine-105): leanring rate = [0.0001]
[2021-07-12 04:13:16,500] INFO    (base_engine-78): Epc: 11/50, val_loss:3.5780136585235596
[2021-07-12 04:13:34,855] INFO    (base_engine-105): leanring rate = [0.0001]
[2021-07-12 04:13:34,855] INFO    (base_engine-78): Epc: 12/50, val_loss:3.5780136585235596
[2021-07-12 04:13:53,215] INFO    (base_engine-105): leanring rate = [0.0001]
[2021-07-12 04:13:53,215] INFO    (base_engine-78): Epc: 13/50, val_loss:3.5780136585235596
[2021-07-12 04:14:11,729] INFO    (base_engine-105): leanring rate = [0.0001]
[2021-07-12 04:14:11,729] INFO    (base_engine-78): Epc: 14/50, val_loss:3.5780136585235596
[2021-07-12 04:14:30,307] INFO    (base_engine-105): leanring rate = [0.0001]
[2021-07-12 04:14:30,307] INFO    (base_engine-78): Epc: 15/50, val_loss:3.5780136585235596
[2021-07-12 04:14:49,010] INFO    (base_engine-105): leanring rate = [0.0001]
[2021-07-12 04:14:49,011] INFO    (base_engine-78): Epc: 16/50, val_loss:3.5780136585235596
[2021-07-12 04:15:07,714] INFO    (base_engine-105): leanring rate = [1e-05]
[2021-07-12 04:15:07,714] WARNING (base_engine-107): Out of patience and reached lowest learning rate.
[2021-07-12 04:15:07,715] INFO    (main_entry_finger-275): Runing ISSUE04_EXP01_07 | eval on ['20', '21', '22']
[2021-07-12 04:15:07,720] INFO    (fnirs-68): {'BH': 810, 'BL': 823, 'LH': 825, 'LL': 819, 'RH': 827, 'RL': 799}
[2021-07-12 04:15:07,722] INFO    (fnirs-68): {'BH': 54, 'BL': 51, 'LH': 54, 'LL': 51, 'RH': 54, 'RL': 54}
[2021-07-12 04:15:07,723] INFO    (fnirs-68): {'BH': 54, 'BL': 51, 'LH': 54, 'LL': 51, 'RH': 54, 'RL': 54}
[2021-07-12 04:15:07,727] INFO    (base_engine-64): Train >>> ISSUE04_EXP01_07
[2021-07-12 04:15:07,728] INFO    (base_engine-78): Epc: 0/50, val_loss:100000000.0
[2021-07-12 04:15:26,365] INFO    (base_engine-102): New min Val loss 3.580740749835968 at [000]
[2021-07-12 04:15:26,369] INFO    (base_engine-105): leanring rate = [0.001]
[2021-07-12 04:15:26,369] INFO    (base_engine-78): Epc: 1/50, val_loss:3.580740749835968
[2021-07-12 04:15:44,971] INFO    (base_engine-105): leanring rate = [0.001]
[2021-07-12 04:15:44,972] INFO    (base_engine-78): Epc: 2/50, val_loss:3.580740749835968
[2021-07-12 04:16:03,662] INFO    (base_engine-105): leanring rate = [0.001]
[2021-07-12 04:16:03,662] INFO    (base_engine-78): Epc: 3/50, val_loss:3.580740749835968
[2021-07-12 04:16:22,349] INFO    (base_engine-105): leanring rate = [0.001]
[2021-07-12 04:16:22,350] INFO    (base_engine-78): Epc: 4/50, val_loss:3.580740749835968
[2021-07-12 04:16:40,915] INFO    (base_engine-102): New min Val loss 3.57829350233078 at [004]
[2021-07-12 04:16:40,919] INFO    (base_engine-105): leanring rate = [0.001]
[2021-07-12 04:16:40,919] INFO    (base_engine-78): Epc: 5/50, val_loss:3.57829350233078
[2021-07-12 04:16:59,588] INFO    (base_engine-105): leanring rate = [0.001]
[2021-07-12 04:16:59,588] INFO    (base_engine-78): Epc: 6/50, val_loss:3.57829350233078
[2021-07-12 04:17:18,267] INFO    (base_engine-102): New min Val loss 3.5760024189949036 at [006]
[2021-07-12 04:17:18,270] INFO    (base_engine-105): leanring rate = [0.001]
[2021-07-12 04:17:18,270] INFO    (base_engine-78): Epc: 7/50, val_loss:3.5760024189949036
[2021-07-12 04:17:36,927] INFO    (base_engine-105): leanring rate = [0.001]
[2021-07-12 04:17:36,928] INFO    (base_engine-78): Epc: 8/50, val_loss:3.5760024189949036
[2021-07-12 04:17:55,595] INFO    (base_engine-105): leanring rate = [0.001]
[2021-07-12 04:17:55,595] INFO    (base_engine-78): Epc: 9/50, val_loss:3.5760024189949036
[2021-07-12 04:18:14,135] INFO    (base_engine-105): leanring rate = [0.001]
[2021-07-12 04:18:14,135] INFO    (base_engine-78): Epc: 10/50, val_loss:3.5760024189949036
[2021-07-12 04:18:32,551] INFO    (base_engine-105): leanring rate = [0.001]
[2021-07-12 04:18:32,552] INFO    (base_engine-78): Epc: 11/50, val_loss:3.5760024189949036
[2021-07-12 04:18:50,966] INFO    (base_engine-105): leanring rate = [0.001]
[2021-07-12 04:18:50,966] INFO    (base_engine-78): Epc: 12/50, val_loss:3.5760024189949036
[2021-07-12 04:19:09,456] INFO    (base_engine-105): leanring rate = [0.0001]
[2021-07-12 04:19:09,457] INFO    (base_engine-78): Epc: 13/50, val_loss:3.5760024189949036
[2021-07-12 04:19:27,995] INFO    (base_engine-105): leanring rate = [0.0001]
[2021-07-12 04:19:27,996] INFO    (base_engine-78): Epc: 14/50, val_loss:3.5760024189949036
[2021-07-12 04:19:46,496] INFO    (base_engine-105): leanring rate = [0.0001]
[2021-07-12 04:19:46,496] INFO    (base_engine-78): Epc: 15/50, val_loss:3.5760024189949036
[2021-07-12 04:20:05,058] INFO    (base_engine-105): leanring rate = [0.0001]
[2021-07-12 04:20:05,058] INFO    (base_engine-78): Epc: 16/50, val_loss:3.5760024189949036
[2021-07-12 04:20:23,506] INFO    (base_engine-105): leanring rate = [0.0001]
[2021-07-12 04:20:23,507] INFO    (base_engine-78): Epc: 17/50, val_loss:3.5760024189949036
[2021-07-12 04:20:41,848] INFO    (base_engine-105): leanring rate = [0.0001]
[2021-07-12 04:20:41,849] INFO    (base_engine-78): Epc: 18/50, val_loss:3.5760024189949036
[2021-07-12 04:21:00,226] INFO    (base_engine-105): leanring rate = [1e-05]
[2021-07-12 04:21:00,227] WARNING (base_engine-107): Out of patience and reached lowest learning rate.
[2021-07-12 04:21:00,227] INFO    (main_entry_finger-275): Runing ISSUE04_EXP01_08 | eval on ['45', '46', '47']
[2021-07-12 04:21:00,232] INFO    (fnirs-68): {'BH': 810, 'BL': 823, 'LH': 825, 'LL': 819, 'RH': 827, 'RL': 799}
[2021-07-12 04:21:00,234] INFO    (fnirs-68): {'BH': 53, 'BL': 54, 'LH': 51, 'LL': 54, 'RH': 54, 'RL': 53}
[2021-07-12 04:21:00,235] INFO    (fnirs-68): {'BH': 53, 'BL': 54, 'LH': 51, 'LL': 54, 'RH': 54, 'RL': 53}
[2021-07-12 04:21:00,239] INFO    (base_engine-64): Train >>> ISSUE04_EXP01_08
[2021-07-12 04:21:00,240] INFO    (base_engine-78): Epc: 0/50, val_loss:100000000.0
[2021-07-12 04:21:18,554] INFO    (base_engine-102): New min Val loss 3.5849227905273438 at [000]
[2021-07-12 04:21:18,557] INFO    (base_engine-105): leanring rate = [0.001]
[2021-07-12 04:21:18,557] INFO    (base_engine-78): Epc: 1/50, val_loss:3.5849227905273438
[2021-07-12 04:21:36,991] INFO    (base_engine-102): New min Val loss 3.5843639969825745 at [001]
[2021-07-12 04:21:36,995] INFO    (base_engine-105): leanring rate = [0.001]
[2021-07-12 04:21:36,995] INFO    (base_engine-78): Epc: 2/50, val_loss:3.5843639969825745
[2021-07-12 04:21:55,419] INFO    (base_engine-105): leanring rate = [0.001]
[2021-07-12 04:21:55,420] INFO    (base_engine-78): Epc: 3/50, val_loss:3.5843639969825745
[2021-07-12 04:24:09,918] INFO    (main_entry_finger-275): Runing ISSUE04_EXP01_00 | eval on ['23', '24', '25', '26', '27']
[2021-07-12 04:24:09,924] INFO    (fnirs-68): {'BH': 774, 'BL': 787, 'LH': 789, 'LL': 783, 'RH': 791, 'RL': 765}
[2021-07-12 04:24:09,926] INFO    (fnirs-68): {'BH': 90, 'BL': 90, 'LH': 90, 'LL': 90, 'RH': 90, 'RL': 85}
[2021-07-12 04:24:09,928] INFO    (fnirs-68): {'BH': 90, 'BL': 90, 'LH': 90, 'LL': 90, 'RH': 90, 'RL': 85}
[2021-07-12 04:24:12,069] INFO    (base_engine-64): Train >>> ISSUE04_EXP01_00
[2021-07-12 04:24:12,069] INFO    (base_engine-78): Epc: 0/50, val_loss:100000000.0
[2021-07-12 04:24:21,947] INFO    (base_engine-102): New min Val loss 3.582412511110306 at [000]
[2021-07-12 04:24:21,951] INFO    (base_engine-105): leanring rate = [0.001]
[2021-07-12 04:24:21,951] INFO    (base_engine-78): Epc: 1/50, val_loss:3.582412511110306
[2021-07-12 04:24:31,818] INFO    (base_engine-105): leanring rate = [0.001]
[2021-07-12 04:24:31,818] INFO    (base_engine-78): Epc: 2/50, val_loss:3.582412511110306
[2021-07-12 06:54:52,679] INFO    (main_entry_finger-277): Runing ISSUE04_EXP01_00 | eval on ['23', '24', '25', '26', '27']
[2021-07-12 06:54:52,685] INFO    (fnirs-68): {'BH': 774, 'BL': 787, 'LH': 789, 'LL': 783, 'RH': 791, 'RL': 765}
[2021-07-12 06:54:52,687] INFO    (fnirs-68): {'BH': 90, 'BL': 90, 'LH': 90, 'LL': 90, 'RH': 90, 'RL': 85}
[2021-07-12 06:54:52,689] INFO    (fnirs-68): {'BH': 90, 'BL': 90, 'LH': 90, 'LL': 90, 'RH': 90, 'RL': 85}
[2021-07-12 06:54:54,870] INFO    (base_engine-64): Train >>> ISSUE04_EXP01_00
[2021-07-12 06:54:54,870] INFO    (base_engine-78): Epc: 0/50, val_loss:100000000.0
[2021-07-12 06:55:13,750] INFO    (base_engine-102): New min Val loss 3.57988703250885 at [000]
[2021-07-12 06:55:13,755] INFO    (base_engine-105): leanring rate = [0.001]
[2021-07-12 06:55:13,755] INFO    (base_engine-78): Epc: 1/50, val_loss:3.57988703250885
[2021-07-12 06:55:32,385] INFO    (base_engine-105): leanring rate = [0.001]
[2021-07-12 06:55:32,386] INFO    (base_engine-78): Epc: 2/50, val_loss:3.57988703250885
[2021-07-12 06:55:50,825] INFO    (base_engine-105): leanring rate = [0.001]
[2021-07-12 06:55:50,826] INFO    (base_engine-78): Epc: 3/50, val_loss:3.57988703250885
[2021-07-12 06:56:09,451] INFO    (base_engine-105): leanring rate = [0.001]
[2021-07-12 06:56:09,451] INFO    (base_engine-78): Epc: 4/50, val_loss:3.57988703250885
[2021-07-12 06:56:27,908] INFO    (base_engine-105): leanring rate = [0.001]
[2021-07-12 06:56:27,909] INFO    (base_engine-78): Epc: 5/50, val_loss:3.57988703250885
[2021-07-12 06:56:46,294] INFO    (base_engine-105): leanring rate = [0.001]
[2021-07-12 06:56:46,295] INFO    (base_engine-78): Epc: 6/50, val_loss:3.57988703250885
[2021-07-12 06:57:04,768] INFO    (base_engine-105): leanring rate = [0.0001]
[2021-07-12 06:57:04,769] INFO    (base_engine-78): Epc: 7/50, val_loss:3.57988703250885
[2021-07-12 06:57:23,214] INFO    (base_engine-105): leanring rate = [0.0001]
[2021-07-12 06:57:23,214] INFO    (base_engine-78): Epc: 8/50, val_loss:3.57988703250885
[2021-07-12 06:57:41,923] INFO    (base_engine-105): leanring rate = [0.0001]
[2021-07-12 06:57:41,923] INFO    (base_engine-78): Epc: 9/50, val_loss:3.57988703250885
[2021-07-12 06:58:00,506] INFO    (base_engine-105): leanring rate = [0.0001]
[2021-07-12 06:58:00,506] INFO    (base_engine-78): Epc: 10/50, val_loss:3.57988703250885
[2021-07-12 06:58:18,944] INFO    (base_engine-105): leanring rate = [0.0001]
[2021-07-12 06:58:18,945] INFO    (base_engine-78): Epc: 11/50, val_loss:3.57988703250885
[2021-07-12 06:58:37,413] INFO    (base_engine-105): leanring rate = [0.0001]
[2021-07-12 06:58:37,414] INFO    (base_engine-78): Epc: 12/50, val_loss:3.57988703250885
[2021-07-12 06:58:55,820] INFO    (base_engine-105): leanring rate = [1e-05]
[2021-07-12 06:58:55,821] WARNING (base_engine-107): Out of patience and reached lowest learning rate.
[2021-07-12 06:58:55,821] INFO    (main_entry_finger-277): Runing ISSUE04_EXP01_01 | eval on ['51']
[2021-07-12 06:58:55,827] INFO    (fnirs-68): {'BH': 846, 'BL': 863, 'LH': 861, 'LL': 855, 'RH': 863, 'RL': 833}
[2021-07-12 06:58:55,828] INFO    (fnirs-68): {'BH': 17, 'BL': 17, 'LH': 17, 'LL': 17, 'RH': 17, 'RL': 17}
[2021-07-12 06:58:55,830] INFO    (fnirs-68): {'BH': 17, 'BL': 17, 'LH': 17, 'LL': 17, 'RH': 17, 'RL': 17}
[2021-07-12 06:58:55,834] INFO    (base_engine-64): Train >>> ISSUE04_EXP01_01
[2021-07-12 06:58:55,834] INFO    (base_engine-78): Epc: 0/50, val_loss:100000000.0
[2021-07-12 06:59:14,843] INFO    (base_engine-102): New min Val loss 3.6940832138061523 at [000]
[2021-07-12 06:59:14,846] INFO    (base_engine-105): leanring rate = [0.001]
[2021-07-12 06:59:14,847] INFO    (base_engine-78): Epc: 1/50, val_loss:3.6940832138061523
[2021-07-12 06:59:33,841] INFO    (base_engine-102): New min Val loss 3.631230354309082 at [001]
[2021-07-12 06:59:33,845] INFO    (base_engine-105): leanring rate = [0.001]
[2021-07-12 06:59:33,845] INFO    (base_engine-78): Epc: 2/50, val_loss:3.631230354309082
[2021-07-12 06:59:52,919] INFO    (base_engine-105): leanring rate = [0.001]
[2021-07-12 06:59:52,919] INFO    (base_engine-78): Epc: 3/50, val_loss:3.631230354309082
[2021-07-12 07:00:11,981] INFO    (base_engine-105): leanring rate = [0.001]
[2021-07-12 07:00:11,981] INFO    (base_engine-78): Epc: 4/50, val_loss:3.631230354309082
[2021-07-12 07:00:31,285] INFO    (base_engine-105): leanring rate = [0.001]
[2021-07-12 07:00:31,285] INFO    (base_engine-78): Epc: 5/50, val_loss:3.631230354309082
[2021-07-12 07:00:50,494] INFO    (base_engine-105): leanring rate = [0.001]
[2021-07-12 07:00:50,494] INFO    (base_engine-78): Epc: 6/50, val_loss:3.631230354309082
[2021-07-12 07:01:09,622] INFO    (base_engine-105): leanring rate = [0.001]
[2021-07-12 07:01:09,622] INFO    (base_engine-78): Epc: 7/50, val_loss:3.631230354309082
[2021-07-12 07:01:28,807] INFO    (base_engine-105): leanring rate = [0.0001]
[2021-07-12 07:01:28,808] INFO    (base_engine-78): Epc: 8/50, val_loss:3.631230354309082
[2021-07-12 07:01:48,110] INFO    (base_engine-105): leanring rate = [0.0001]
[2021-07-12 07:01:48,111] INFO    (base_engine-78): Epc: 9/50, val_loss:3.631230354309082
[2021-07-12 07:02:07,174] INFO    (base_engine-105): leanring rate = [0.0001]
[2021-07-12 07:02:07,174] INFO    (base_engine-78): Epc: 10/50, val_loss:3.631230354309082
[2021-07-12 07:02:26,355] INFO    (base_engine-105): leanring rate = [0.0001]
[2021-07-12 07:02:26,356] INFO    (base_engine-78): Epc: 11/50, val_loss:3.631230354309082
[2021-07-12 07:02:45,307] INFO    (base_engine-105): leanring rate = [0.0001]
[2021-07-12 07:02:45,308] INFO    (base_engine-78): Epc: 12/50, val_loss:3.631230354309082
[2021-07-12 07:03:04,454] INFO    (base_engine-105): leanring rate = [0.0001]
[2021-07-12 07:03:04,454] INFO    (base_engine-78): Epc: 13/50, val_loss:3.631230354309082
[2021-07-12 07:03:23,427] INFO    (base_engine-105): leanring rate = [1e-05]
[2021-07-12 07:03:23,428] WARNING (base_engine-107): Out of patience and reached lowest learning rate.
[2021-07-12 07:03:23,428] INFO    (main_entry_finger-277): Runing ISSUE04_EXP01_02 | eval on ['18', '19', '28', '43', '44']
[2021-07-12 07:03:23,434] INFO    (fnirs-68): {'BH': 774, 'BL': 787, 'LH': 789, 'LL': 790, 'RH': 765, 'RL': 808}
[2021-07-12 07:03:23,435] INFO    (fnirs-68): {'BH': 85, 'BL': 90, 'LH': 85, 'LL': 83, 'RH': 84, 'RL': 90}
[2021-07-12 07:03:23,437] INFO    (fnirs-68): {'BH': 85, 'BL': 90, 'LH': 85, 'LL': 83, 'RH': 84, 'RL': 90}
[2021-07-12 07:03:23,441] INFO    (base_engine-64): Train >>> ISSUE04_EXP01_02
[2021-07-12 07:03:23,442] INFO    (base_engine-78): Epc: 0/50, val_loss:100000000.0
[2021-07-12 07:03:41,970] INFO    (base_engine-102): New min Val loss 3.6313474774360657 at [000]
[2021-07-12 07:03:41,974] INFO    (base_engine-105): leanring rate = [0.001]
[2021-07-12 07:03:41,975] INFO    (base_engine-78): Epc: 1/50, val_loss:3.6313474774360657
[2021-07-12 07:04:00,504] INFO    (base_engine-102): New min Val loss 3.599220484495163 at [001]
[2021-07-12 07:04:00,508] INFO    (base_engine-105): leanring rate = [0.001]
[2021-07-12 07:04:00,508] INFO    (base_engine-78): Epc: 2/50, val_loss:3.599220484495163
[2021-07-12 07:04:19,322] INFO    (base_engine-105): leanring rate = [0.001]
[2021-07-12 07:04:19,322] INFO    (base_engine-78): Epc: 3/50, val_loss:3.599220484495163
[2021-07-12 07:04:38,060] INFO    (base_engine-105): leanring rate = [0.001]
[2021-07-12 07:04:38,061] INFO    (base_engine-78): Epc: 4/50, val_loss:3.599220484495163
[2021-07-12 07:04:56,875] INFO    (base_engine-105): leanring rate = [0.001]
[2021-07-12 07:04:56,876] INFO    (base_engine-78): Epc: 5/50, val_loss:3.599220484495163
[2021-07-12 07:05:15,737] INFO    (base_engine-105): leanring rate = [0.001]
[2021-07-12 07:05:15,738] INFO    (base_engine-78): Epc: 6/50, val_loss:3.599220484495163
[2021-07-12 07:05:34,458] INFO    (base_engine-105): leanring rate = [0.001]
[2021-07-12 07:05:34,458] INFO    (base_engine-78): Epc: 7/50, val_loss:3.599220484495163
[2021-07-12 07:05:53,239] INFO    (base_engine-105): leanring rate = [0.0001]
[2021-07-12 07:05:53,239] INFO    (base_engine-78): Epc: 8/50, val_loss:3.599220484495163
[2021-07-12 07:06:11,917] INFO    (base_engine-105): leanring rate = [0.0001]
[2021-07-12 07:06:11,917] INFO    (base_engine-78): Epc: 9/50, val_loss:3.599220484495163
[2021-07-12 07:06:30,631] INFO    (base_engine-105): leanring rate = [0.0001]
[2021-07-12 07:06:30,631] INFO    (base_engine-78): Epc: 10/50, val_loss:3.599220484495163
[2021-07-12 07:06:49,454] INFO    (base_engine-105): leanring rate = [0.0001]
[2021-07-12 07:06:49,455] INFO    (base_engine-78): Epc: 11/50, val_loss:3.599220484495163
[2021-07-12 07:07:08,103] INFO    (base_engine-105): leanring rate = [0.0001]
[2021-07-12 07:07:08,103] INFO    (base_engine-78): Epc: 12/50, val_loss:3.599220484495163
[2021-07-12 07:07:26,772] INFO    (base_engine-105): leanring rate = [0.0001]
[2021-07-12 07:07:26,773] INFO    (base_engine-78): Epc: 13/50, val_loss:3.599220484495163
[2021-07-12 07:07:45,432] INFO    (base_engine-105): leanring rate = [1e-05]
[2021-07-12 07:07:45,433] WARNING (base_engine-107): Out of patience and reached lowest learning rate.
[2021-07-12 07:07:45,433] INFO    (main_entry_finger-277): Runing ISSUE04_EXP01_03 | eval on ['34', '35', '36']
[2021-07-12 07:07:45,439] INFO    (fnirs-68): {'BH': 810, 'BL': 823, 'LH': 825, 'LL': 819, 'RH': 827, 'RL': 799}
[2021-07-12 07:07:45,440] INFO    (fnirs-68): {'BH': 54, 'BL': 54, 'LH': 51, 'LL': 51, 'RH': 54, 'RL': 54}
[2021-07-12 07:07:45,442] INFO    (fnirs-68): {'BH': 54, 'BL': 54, 'LH': 51, 'LL': 51, 'RH': 54, 'RL': 54}
[2021-07-12 07:07:45,446] INFO    (base_engine-64): Train >>> ISSUE04_EXP01_03
[2021-07-12 07:07:45,446] INFO    (base_engine-78): Epc: 0/50, val_loss:100000000.0
[2021-07-12 07:08:04,323] INFO    (base_engine-102): New min Val loss 3.5943286418914795 at [000]
[2021-07-12 07:08:04,330] INFO    (base_engine-105): leanring rate = [0.001]
[2021-07-12 07:08:04,331] INFO    (base_engine-78): Epc: 1/50, val_loss:3.5943286418914795
[2021-07-12 07:08:23,147] INFO    (base_engine-105): leanring rate = [0.001]
[2021-07-12 07:08:23,148] INFO    (base_engine-78): Epc: 2/50, val_loss:3.5943286418914795
[2021-07-12 07:08:41,962] INFO    (base_engine-105): leanring rate = [0.001]
[2021-07-12 07:08:41,962] INFO    (base_engine-78): Epc: 3/50, val_loss:3.5943286418914795
[2021-07-12 07:09:00,775] INFO    (base_engine-105): leanring rate = [0.001]
[2021-07-12 07:09:00,776] INFO    (base_engine-78): Epc: 4/50, val_loss:3.5943286418914795
[2021-07-12 07:09:19,522] INFO    (base_engine-105): leanring rate = [0.001]
[2021-07-12 07:09:19,523] INFO    (base_engine-78): Epc: 5/50, val_loss:3.5943286418914795
[2021-07-12 07:09:38,050] INFO    (base_engine-105): leanring rate = [0.001]
[2021-07-12 07:09:38,050] INFO    (base_engine-78): Epc: 6/50, val_loss:3.5943286418914795
[2021-07-12 07:09:56,541] INFO    (base_engine-105): leanring rate = [0.0001]
[2021-07-12 07:09:56,541] INFO    (base_engine-78): Epc: 7/50, val_loss:3.5943286418914795
[2021-07-12 07:10:15,101] INFO    (base_engine-105): leanring rate = [0.0001]
[2021-07-12 07:10:15,101] INFO    (base_engine-78): Epc: 8/50, val_loss:3.5943286418914795
[2021-07-12 07:10:33,842] INFO    (base_engine-105): leanring rate = [0.0001]
[2021-07-12 07:10:33,842] INFO    (base_engine-78): Epc: 9/50, val_loss:3.5943286418914795
[2021-07-12 07:10:52,520] INFO    (base_engine-105): leanring rate = [0.0001]
[2021-07-12 07:10:52,520] INFO    (base_engine-78): Epc: 10/50, val_loss:3.5943286418914795
[2021-07-12 07:11:11,201] INFO    (base_engine-105): leanring rate = [0.0001]
[2021-07-12 07:11:11,201] INFO    (base_engine-78): Epc: 11/50, val_loss:3.5943286418914795
[2021-07-12 07:11:29,903] INFO    (base_engine-105): leanring rate = [0.0001]
[2021-07-12 07:11:29,903] INFO    (base_engine-78): Epc: 12/50, val_loss:3.5943286418914795
[2021-07-12 07:11:48,684] INFO    (base_engine-105): leanring rate = [1e-05]
[2021-07-12 07:11:48,685] WARNING (base_engine-107): Out of patience and reached lowest learning rate.
[2021-07-12 07:11:48,685] INFO    (main_entry_finger-277): Runing ISSUE04_EXP01_04 | eval on ['41', '42']
[2021-07-12 07:11:48,690] INFO    (fnirs-68): {'BH': 828, 'BL': 841, 'LH': 843, 'LL': 837, 'RH': 845, 'RL': 816}
[2021-07-12 07:11:48,692] INFO    (fnirs-68): {'BH': 34, 'BL': 36, 'LH': 34, 'LL': 36, 'RH': 34, 'RL': 36}
[2021-07-12 07:11:48,693] INFO    (fnirs-68): {'BH': 34, 'BL': 36, 'LH': 34, 'LL': 36, 'RH': 34, 'RL': 36}
[2021-07-12 07:11:48,697] INFO    (base_engine-64): Train >>> ISSUE04_EXP01_04
[2021-07-12 07:11:48,698] INFO    (base_engine-78): Epc: 0/50, val_loss:100000000.0
[2021-07-12 07:12:07,546] INFO    (base_engine-102): New min Val loss 3.6153806845347085 at [000]
[2021-07-12 07:12:07,550] INFO    (base_engine-105): leanring rate = [0.001]
[2021-07-12 07:12:07,550] INFO    (base_engine-78): Epc: 1/50, val_loss:3.6153806845347085
[2021-07-12 07:12:26,372] INFO    (base_engine-102): New min Val loss 3.5905930201212564 at [001]
[2021-07-12 07:12:26,375] INFO    (base_engine-105): leanring rate = [0.001]
[2021-07-12 07:12:26,376] INFO    (base_engine-78): Epc: 2/50, val_loss:3.5905930201212564
[2021-07-12 07:12:45,360] INFO    (base_engine-105): leanring rate = [0.001]
[2021-07-12 07:12:45,360] INFO    (base_engine-78): Epc: 3/50, val_loss:3.5905930201212564
[2021-07-12 07:13:04,452] INFO    (base_engine-102): New min Val loss 3.3896767298380532 at [003]
[2021-07-12 07:13:04,456] INFO    (base_engine-105): leanring rate = [0.001]
[2021-07-12 07:13:04,456] INFO    (base_engine-78): Epc: 4/50, val_loss:3.3896767298380532
[2021-07-12 07:13:23,412] INFO    (base_engine-102): New min Val loss 3.148107369740804 at [004]
[2021-07-12 07:13:23,416] INFO    (base_engine-105): leanring rate = [0.001]
[2021-07-12 07:13:23,416] INFO    (base_engine-78): Epc: 5/50, val_loss:3.148107369740804
[2021-07-12 07:13:42,409] INFO    (base_engine-105): leanring rate = [0.001]
[2021-07-12 07:13:42,410] INFO    (base_engine-78): Epc: 6/50, val_loss:3.148107369740804
[2021-07-12 07:14:01,551] INFO    (base_engine-102): New min Val loss 3.0486555099487305 at [006]
[2021-07-12 07:14:01,556] INFO    (base_engine-105): leanring rate = [0.001]
[2021-07-12 07:14:01,557] INFO    (base_engine-78): Epc: 7/50, val_loss:3.0486555099487305
[2021-07-12 07:14:20,396] INFO    (base_engine-102): New min Val loss 2.946354309717814 at [007]
[2021-07-12 07:14:20,399] INFO    (base_engine-105): leanring rate = [0.001]
[2021-07-12 07:14:20,400] INFO    (base_engine-78): Epc: 8/50, val_loss:2.946354309717814
[2021-07-12 07:14:39,335] INFO    (base_engine-102): New min Val loss 2.8585305213928223 at [008]
[2021-07-12 07:14:39,339] INFO    (base_engine-105): leanring rate = [0.001]
[2021-07-12 07:14:39,339] INFO    (base_engine-78): Epc: 9/50, val_loss:2.8585305213928223
[2021-07-12 07:14:58,404] INFO    (base_engine-105): leanring rate = [0.001]
[2021-07-12 07:14:58,404] INFO    (base_engine-78): Epc: 10/50, val_loss:2.8585305213928223
[2021-07-12 07:15:17,515] INFO    (base_engine-105): leanring rate = [0.001]
[2021-07-12 07:15:17,516] INFO    (base_engine-78): Epc: 11/50, val_loss:2.8585305213928223
[2021-07-12 07:15:36,674] INFO    (base_engine-102): New min Val loss 2.8363701502482095 at [011]
[2021-07-12 07:15:36,678] INFO    (base_engine-105): leanring rate = [0.001]
[2021-07-12 07:15:36,678] INFO    (base_engine-78): Epc: 12/50, val_loss:2.8363701502482095
[2021-07-12 07:15:55,813] INFO    (base_engine-105): leanring rate = [0.001]
[2021-07-12 07:15:55,813] INFO    (base_engine-78): Epc: 13/50, val_loss:2.8363701502482095
[2021-07-12 07:16:14,930] INFO    (base_engine-105): leanring rate = [0.001]
[2021-07-12 07:16:14,930] INFO    (base_engine-78): Epc: 14/50, val_loss:2.8363701502482095
[2021-07-12 07:16:34,017] INFO    (base_engine-105): leanring rate = [0.001]
[2021-07-12 07:16:34,018] INFO    (base_engine-78): Epc: 15/50, val_loss:2.8363701502482095
[2021-07-12 07:16:52,991] INFO    (base_engine-105): leanring rate = [0.001]
[2021-07-12 07:16:52,991] INFO    (base_engine-78): Epc: 16/50, val_loss:2.8363701502482095
[2021-07-12 07:17:11,828] INFO    (base_engine-105): leanring rate = [0.001]
[2021-07-12 07:17:11,828] INFO    (base_engine-78): Epc: 17/50, val_loss:2.8363701502482095
[2021-07-12 07:17:30,623] INFO    (base_engine-105): leanring rate = [0.0001]
[2021-07-12 07:17:30,623] INFO    (base_engine-78): Epc: 18/50, val_loss:2.8363701502482095
[2021-07-12 07:17:49,523] INFO    (base_engine-105): leanring rate = [0.0001]
[2021-07-12 07:17:49,523] INFO    (base_engine-78): Epc: 19/50, val_loss:2.8363701502482095
[2021-07-12 07:18:08,571] INFO    (base_engine-105): leanring rate = [0.0001]
[2021-07-12 07:18:08,571] INFO    (base_engine-78): Epc: 20/50, val_loss:2.8363701502482095
[2021-07-12 07:18:27,685] INFO    (base_engine-105): leanring rate = [0.0001]
[2021-07-12 07:18:27,685] INFO    (base_engine-78): Epc: 21/50, val_loss:2.8363701502482095
[2021-07-12 07:18:46,745] INFO    (base_engine-105): leanring rate = [0.0001]
[2021-07-12 07:18:46,745] INFO    (base_engine-78): Epc: 22/50, val_loss:2.8363701502482095
[2021-07-12 07:19:05,856] INFO    (base_engine-105): leanring rate = [0.0001]
[2021-07-12 07:19:05,856] INFO    (base_engine-78): Epc: 23/50, val_loss:2.8363701502482095
[2021-07-12 07:19:24,941] INFO    (base_engine-105): leanring rate = [1e-05]
[2021-07-12 07:19:24,942] WARNING (base_engine-107): Out of patience and reached lowest learning rate.
[2021-07-12 07:19:24,942] INFO    (main_entry_finger-277): Runing ISSUE04_EXP01_05 | eval on ['38', '39', '40']
[2021-07-12 07:19:24,948] INFO    (fnirs-68): {'BH': 810, 'BL': 823, 'LH': 825, 'LL': 819, 'RH': 827, 'RL': 799}
[2021-07-12 07:19:24,949] INFO    (fnirs-68): {'BH': 54, 'BL': 51, 'LH': 51, 'LL': 54, 'RH': 54, 'RL': 54}
[2021-07-12 07:19:24,951] INFO    (fnirs-68): {'BH': 54, 'BL': 51, 'LH': 51, 'LL': 54, 'RH': 54, 'RL': 54}
[2021-07-12 07:19:24,955] INFO    (base_engine-64): Train >>> ISSUE04_EXP01_05
[2021-07-12 07:19:24,956] INFO    (base_engine-78): Epc: 0/50, val_loss:100000000.0
[2021-07-12 07:19:43,701] INFO    (base_engine-102): New min Val loss 3.594022035598755 at [000]
[2021-07-12 07:19:43,705] INFO    (base_engine-105): leanring rate = [0.001]
[2021-07-12 07:19:43,706] INFO    (base_engine-78): Epc: 1/50, val_loss:3.594022035598755
[2021-07-12 07:20:02,594] INFO    (base_engine-102): New min Val loss 3.587928295135498 at [001]
[2021-07-12 07:20:02,597] INFO    (base_engine-105): leanring rate = [0.001]
[2021-07-12 07:20:02,598] INFO    (base_engine-78): Epc: 2/50, val_loss:3.587928295135498
[2021-07-12 07:20:21,348] INFO    (base_engine-105): leanring rate = [0.001]
[2021-07-12 07:20:21,348] INFO    (base_engine-78): Epc: 3/50, val_loss:3.587928295135498
[2021-07-12 07:20:39,997] INFO    (base_engine-105): leanring rate = [0.001]
[2021-07-12 07:20:39,997] INFO    (base_engine-78): Epc: 4/50, val_loss:3.587928295135498
[2021-07-12 07:20:58,699] INFO    (base_engine-105): leanring rate = [0.001]
[2021-07-12 07:20:58,699] INFO    (base_engine-78): Epc: 5/50, val_loss:3.587928295135498
[2021-07-12 07:21:17,429] INFO    (base_engine-105): leanring rate = [0.001]
[2021-07-12 07:21:17,430] INFO    (base_engine-78): Epc: 6/50, val_loss:3.587928295135498
[2021-07-12 07:21:36,380] INFO    (base_engine-105): leanring rate = [0.001]
[2021-07-12 07:21:36,381] INFO    (base_engine-78): Epc: 7/50, val_loss:3.587928295135498
[2021-07-12 07:21:55,488] INFO    (base_engine-105): leanring rate = [0.0001]
[2021-07-12 07:21:55,488] INFO    (base_engine-78): Epc: 8/50, val_loss:3.587928295135498
[2021-07-12 07:22:14,670] INFO    (base_engine-105): leanring rate = [0.0001]
[2021-07-12 07:22:14,670] INFO    (base_engine-78): Epc: 9/50, val_loss:3.587928295135498
[2021-07-12 07:22:33,539] INFO    (base_engine-105): leanring rate = [0.0001]
[2021-07-12 07:22:33,540] INFO    (base_engine-78): Epc: 10/50, val_loss:3.587928295135498
[2021-07-12 07:22:52,469] INFO    (base_engine-105): leanring rate = [0.0001]
[2021-07-12 07:22:52,469] INFO    (base_engine-78): Epc: 11/50, val_loss:3.587928295135498
[2021-07-12 07:23:11,276] INFO    (base_engine-105): leanring rate = [0.0001]
[2021-07-12 07:23:11,276] INFO    (base_engine-78): Epc: 12/50, val_loss:3.587928295135498
[2021-07-12 07:23:29,932] INFO    (base_engine-105): leanring rate = [0.0001]
[2021-07-12 07:23:29,932] INFO    (base_engine-78): Epc: 13/50, val_loss:3.587928295135498
[2021-07-12 07:23:48,694] INFO    (base_engine-105): leanring rate = [1e-05]
[2021-07-12 07:23:48,695] WARNING (base_engine-107): Out of patience and reached lowest learning rate.
[2021-07-12 07:23:48,695] INFO    (main_entry_finger-277): Runing ISSUE04_EXP01_06 | eval on ['48', '49', '50']
[2021-07-12 07:23:48,700] INFO    (fnirs-68): {'BH': 810, 'BL': 823, 'LH': 826, 'LL': 837, 'RH': 827, 'RL': 799}
[2021-07-12 07:23:48,702] INFO    (fnirs-68): {'BH': 54, 'BL': 54, 'LH': 53, 'RH': 51, 'RL': 54, 'LL': 52}
[2021-07-12 07:23:48,704] INFO    (fnirs-68): {'BH': 54, 'BL': 54, 'LH': 53, 'RH': 51, 'RL': 54, 'LL': 52}
[2021-07-12 07:23:48,708] INFO    (base_engine-64): Train >>> ISSUE04_EXP01_06
[2021-07-12 07:23:48,708] INFO    (base_engine-78): Epc: 0/50, val_loss:100000000.0
[2021-07-12 07:24:07,344] INFO    (base_engine-102): New min Val loss 3.6097514033317566 at [000]
[2021-07-12 07:24:07,348] INFO    (base_engine-105): leanring rate = [0.001]
[2021-07-12 07:24:07,348] INFO    (base_engine-78): Epc: 1/50, val_loss:3.6097514033317566
[2021-07-12 07:24:26,007] INFO    (base_engine-102): New min Val loss 3.596503257751465 at [001]
[2021-07-12 07:24:26,011] INFO    (base_engine-105): leanring rate = [0.001]
[2021-07-12 07:24:26,011] INFO    (base_engine-78): Epc: 2/50, val_loss:3.596503257751465
[2021-07-12 07:24:44,722] INFO    (base_engine-102): New min Val loss 3.5942822694778442 at [002]
[2021-07-12 07:24:44,725] INFO    (base_engine-105): leanring rate = [0.001]
[2021-07-12 07:24:44,726] INFO    (base_engine-78): Epc: 3/50, val_loss:3.5942822694778442
[2021-07-12 07:25:03,428] INFO    (base_engine-105): leanring rate = [0.001]
[2021-07-12 07:25:03,428] INFO    (base_engine-78): Epc: 4/50, val_loss:3.5942822694778442
[2021-07-12 07:25:21,963] INFO    (base_engine-105): leanring rate = [0.001]
[2021-07-12 07:25:21,964] INFO    (base_engine-78): Epc: 5/50, val_loss:3.5942822694778442
[2021-07-12 07:25:40,496] INFO    (base_engine-105): leanring rate = [0.001]
[2021-07-12 07:25:40,496] INFO    (base_engine-78): Epc: 6/50, val_loss:3.5942822694778442
[2021-07-12 07:25:59,138] INFO    (base_engine-105): leanring rate = [0.001]
[2021-07-12 07:25:59,139] INFO    (base_engine-78): Epc: 7/50, val_loss:3.5942822694778442
[2021-07-12 07:26:18,414] INFO    (base_engine-105): leanring rate = [0.001]
[2021-07-12 07:26:18,414] INFO    (base_engine-78): Epc: 8/50, val_loss:3.5942822694778442
[2021-07-12 07:26:37,312] INFO    (base_engine-105): leanring rate = [0.0001]
[2021-07-12 07:26:37,312] INFO    (base_engine-78): Epc: 9/50, val_loss:3.5942822694778442
[2021-07-12 07:26:56,007] INFO    (base_engine-105): leanring rate = [0.0001]
[2021-07-12 07:26:56,007] INFO    (base_engine-78): Epc: 10/50, val_loss:3.5942822694778442
[2021-07-12 07:27:14,512] INFO    (base_engine-105): leanring rate = [0.0001]
[2021-07-12 07:27:14,512] INFO    (base_engine-78): Epc: 11/50, val_loss:3.5942822694778442
[2021-07-12 07:27:33,755] INFO    (base_engine-105): leanring rate = [0.0001]
[2021-07-12 07:27:33,755] INFO    (base_engine-78): Epc: 12/50, val_loss:3.5942822694778442
[2021-07-12 07:27:52,451] INFO    (base_engine-105): leanring rate = [0.0001]
[2021-07-12 07:27:52,452] INFO    (base_engine-78): Epc: 13/50, val_loss:3.5942822694778442
[2021-07-12 07:28:11,107] INFO    (base_engine-105): leanring rate = [0.0001]
[2021-07-12 07:28:11,108] INFO    (base_engine-78): Epc: 14/50, val_loss:3.5942822694778442
[2021-07-12 07:28:29,950] INFO    (base_engine-105): leanring rate = [1e-05]
[2021-07-12 07:28:29,950] WARNING (base_engine-107): Out of patience and reached lowest learning rate.
[2021-07-12 07:28:29,951] INFO    (main_entry_finger-277): Runing ISSUE04_EXP01_07 | eval on ['20', '21', '22']
[2021-07-12 07:28:29,956] INFO    (fnirs-68): {'BH': 810, 'BL': 823, 'LH': 825, 'LL': 819, 'RH': 827, 'RL': 799}
[2021-07-12 07:28:29,957] INFO    (fnirs-68): {'BH': 54, 'BL': 51, 'LH': 54, 'LL': 51, 'RH': 54, 'RL': 54}
[2021-07-12 07:28:29,959] INFO    (fnirs-68): {'BH': 54, 'BL': 51, 'LH': 54, 'LL': 51, 'RH': 54, 'RL': 54}
[2021-07-12 07:28:29,963] INFO    (base_engine-64): Train >>> ISSUE04_EXP01_07
[2021-07-12 07:28:29,963] INFO    (base_engine-78): Epc: 0/50, val_loss:100000000.0
[2021-07-12 07:28:48,933] INFO    (base_engine-102): New min Val loss 3.5608955025672913 at [000]
[2021-07-12 07:28:48,936] INFO    (base_engine-105): leanring rate = [0.001]
[2021-07-12 07:28:48,937] INFO    (base_engine-78): Epc: 1/50, val_loss:3.5608955025672913
[2021-07-12 07:29:07,696] INFO    (base_engine-105): leanring rate = [0.001]
[2021-07-12 07:29:07,697] INFO    (base_engine-78): Epc: 2/50, val_loss:3.5608955025672913
[2021-07-12 07:29:26,553] INFO    (base_engine-102): New min Val loss 3.5574368238449097 at [002]
[2021-07-12 07:29:26,556] INFO    (base_engine-105): leanring rate = [0.001]
[2021-07-12 07:29:26,557] INFO    (base_engine-78): Epc: 3/50, val_loss:3.5574368238449097
[2021-07-12 07:29:45,358] INFO    (base_engine-102): New min Val loss 3.5421964526176453 at [003]
[2021-07-12 07:29:45,362] INFO    (base_engine-105): leanring rate = [0.001]
[2021-07-12 07:29:45,362] INFO    (base_engine-78): Epc: 4/50, val_loss:3.5421964526176453
[2021-07-12 07:30:04,472] INFO    (base_engine-102): New min Val loss 3.5125428438186646 at [004]
[2021-07-12 07:30:04,476] INFO    (base_engine-105): leanring rate = [0.001]
[2021-07-12 07:30:04,476] INFO    (base_engine-78): Epc: 5/50, val_loss:3.5125428438186646
[2021-07-12 07:30:23,800] INFO    (base_engine-102): New min Val loss 3.4579089283943176 at [005]
[2021-07-12 07:30:23,804] INFO    (base_engine-105): leanring rate = [0.001]
[2021-07-12 07:30:23,805] INFO    (base_engine-78): Epc: 6/50, val_loss:3.4579089283943176
[2021-07-12 07:30:42,707] INFO    (base_engine-105): leanring rate = [0.001]
[2021-07-12 07:30:42,708] INFO    (base_engine-78): Epc: 7/50, val_loss:3.4579089283943176
[2021-07-12 07:31:01,810] INFO    (base_engine-105): leanring rate = [0.001]
[2021-07-12 07:31:01,811] INFO    (base_engine-78): Epc: 8/50, val_loss:3.4579089283943176
[2021-07-12 07:31:21,050] INFO    (base_engine-105): leanring rate = [0.001]
[2021-07-12 07:31:21,051] INFO    (base_engine-78): Epc: 9/50, val_loss:3.4579089283943176
[2021-07-12 07:31:39,960] INFO    (base_engine-105): leanring rate = [0.001]
[2021-07-12 07:31:39,961] INFO    (base_engine-78): Epc: 10/50, val_loss:3.4579089283943176
[2021-07-12 07:31:59,074] INFO    (base_engine-105): leanring rate = [0.001]
[2021-07-12 07:31:59,074] INFO    (base_engine-78): Epc: 11/50, val_loss:3.4579089283943176
[2021-07-12 07:32:18,811] INFO    (base_engine-105): leanring rate = [0.0001]
[2021-07-12 07:32:18,811] INFO    (base_engine-78): Epc: 12/50, val_loss:3.4579089283943176
[2021-07-12 07:32:37,471] INFO    (base_engine-105): leanring rate = [0.0001]
[2021-07-12 07:32:37,472] INFO    (base_engine-78): Epc: 13/50, val_loss:3.4579089283943176
[2021-07-12 07:32:56,604] INFO    (base_engine-105): leanring rate = [0.0001]
[2021-07-12 07:32:56,605] INFO    (base_engine-78): Epc: 14/50, val_loss:3.4579089283943176
[2021-07-12 07:33:15,682] INFO    (base_engine-105): leanring rate = [0.0001]
[2021-07-12 07:33:15,683] INFO    (base_engine-78): Epc: 15/50, val_loss:3.4579089283943176
[2021-07-12 07:33:34,720] INFO    (base_engine-105): leanring rate = [0.0001]
[2021-07-12 07:33:34,720] INFO    (base_engine-78): Epc: 16/50, val_loss:3.4579089283943176
[2021-07-12 07:33:53,878] INFO    (base_engine-105): leanring rate = [0.0001]
[2021-07-12 07:33:53,878] INFO    (base_engine-78): Epc: 17/50, val_loss:3.4579089283943176
[2021-07-12 07:34:12,697] INFO    (base_engine-105): leanring rate = [1e-05]
[2021-07-12 07:34:12,698] WARNING (base_engine-107): Out of patience and reached lowest learning rate.
[2021-07-12 07:34:12,698] INFO    (main_entry_finger-277): Runing ISSUE04_EXP01_08 | eval on ['45', '46', '47']
[2021-07-12 07:34:12,703] INFO    (fnirs-68): {'BH': 810, 'BL': 823, 'LH': 825, 'LL': 819, 'RH': 827, 'RL': 799}
[2021-07-12 07:34:12,705] INFO    (fnirs-68): {'BH': 53, 'BL': 54, 'LH': 51, 'LL': 54, 'RH': 54, 'RL': 53}
[2021-07-12 07:34:12,707] INFO    (fnirs-68): {'BH': 53, 'BL': 54, 'LH': 51, 'LL': 54, 'RH': 54, 'RL': 53}
[2021-07-12 07:34:12,711] INFO    (base_engine-64): Train >>> ISSUE04_EXP01_08
[2021-07-12 07:34:12,711] INFO    (base_engine-78): Epc: 0/50, val_loss:100000000.0
[2021-07-12 07:34:31,638] INFO    (base_engine-102): New min Val loss 3.632073998451233 at [000]
[2021-07-12 07:34:31,642] INFO    (base_engine-105): leanring rate = [0.001]
[2021-07-12 07:34:31,643] INFO    (base_engine-78): Epc: 1/50, val_loss:3.632073998451233
[2021-07-12 07:34:50,777] INFO    (base_engine-105): leanring rate = [0.001]
[2021-07-12 07:34:50,777] INFO    (base_engine-78): Epc: 2/50, val_loss:3.632073998451233
[2021-07-12 07:35:09,667] INFO    (base_engine-105): leanring rate = [0.001]
[2021-07-12 07:35:09,668] INFO    (base_engine-78): Epc: 3/50, val_loss:3.632073998451233
[2021-07-12 07:35:28,329] INFO    (base_engine-105): leanring rate = [0.001]
[2021-07-12 07:35:28,329] INFO    (base_engine-78): Epc: 4/50, val_loss:3.632073998451233
[2021-07-12 07:35:47,495] INFO    (base_engine-105): leanring rate = [0.001]
[2021-07-12 07:35:47,496] INFO    (base_engine-78): Epc: 5/50, val_loss:3.632073998451233
[2021-07-12 07:36:06,561] INFO    (base_engine-105): leanring rate = [0.001]
[2021-07-12 07:36:06,561] INFO    (base_engine-78): Epc: 6/50, val_loss:3.632073998451233
[2021-07-12 07:36:25,345] INFO    (base_engine-105): leanring rate = [0.0001]
[2021-07-12 07:36:25,346] INFO    (base_engine-78): Epc: 7/50, val_loss:3.632073998451233
[2021-07-12 07:36:44,376] INFO    (base_engine-105): leanring rate = [0.0001]
[2021-07-12 07:36:44,376] INFO    (base_engine-78): Epc: 8/50, val_loss:3.632073998451233
[2021-07-12 07:37:03,293] INFO    (base_engine-105): leanring rate = [0.0001]
[2021-07-12 07:37:03,293] INFO    (base_engine-78): Epc: 9/50, val_loss:3.632073998451233
[2021-07-12 07:37:22,048] INFO    (base_engine-105): leanring rate = [0.0001]
[2021-07-12 07:37:22,049] INFO    (base_engine-78): Epc: 10/50, val_loss:3.632073998451233
[2021-07-12 07:37:40,869] INFO    (base_engine-105): leanring rate = [0.0001]
[2021-07-12 07:37:40,869] INFO    (base_engine-78): Epc: 11/50, val_loss:3.632073998451233
[2021-07-12 07:37:59,547] INFO    (base_engine-105): leanring rate = [0.0001]
[2021-07-12 07:37:59,547] INFO    (base_engine-78): Epc: 12/50, val_loss:3.632073998451233
[2021-07-12 07:38:18,150] INFO    (base_engine-105): leanring rate = [1e-05]
[2021-07-12 07:38:18,151] WARNING (base_engine-107): Out of patience and reached lowest learning rate.
[2021-07-12 07:38:18,151] INFO    (main_entry_finger-277): Runing ISSUE04_EXP01_09 | eval on ['29', '30', '31', '32']
[2021-07-12 07:38:18,156] INFO    (fnirs-68): {'BH': 792, 'BL': 816, 'LH': 809, 'LL': 802, 'RH': 809, 'RL': 782}
[2021-07-12 07:38:18,158] INFO    (fnirs-68): {'BH': 70, 'BL': 67, 'LH': 70, 'LL': 68, 'RH': 68, 'RL': 71}
[2021-07-12 07:38:18,160] INFO    (fnirs-68): {'BH': 70, 'BL': 67, 'LH': 70, 'LL': 68, 'RH': 68, 'RL': 71}
[2021-07-12 07:38:18,164] INFO    (base_engine-64): Train >>> ISSUE04_EXP01_09
[2021-07-12 07:38:18,164] INFO    (base_engine-78): Epc: 0/50, val_loss:100000000.0
[2021-07-12 07:38:37,137] INFO    (base_engine-102): New min Val loss 3.578654964764913 at [000]
[2021-07-12 07:38:37,142] INFO    (base_engine-105): leanring rate = [0.001]
[2021-07-12 07:38:37,142] INFO    (base_engine-78): Epc: 1/50, val_loss:3.578654964764913
[2021-07-12 07:38:56,434] INFO    (base_engine-105): leanring rate = [0.001]
[2021-07-12 07:38:56,434] INFO    (base_engine-78): Epc: 2/50, val_loss:3.578654964764913
[2021-07-12 07:39:15,545] INFO    (base_engine-105): leanring rate = [0.001]
[2021-07-12 07:39:15,545] INFO    (base_engine-78): Epc: 3/50, val_loss:3.578654964764913
[2021-07-12 07:39:34,549] INFO    (base_engine-105): leanring rate = [0.001]
[2021-07-12 07:39:34,549] INFO    (base_engine-78): Epc: 4/50, val_loss:3.578654964764913
[2021-07-12 07:39:53,571] INFO    (base_engine-105): leanring rate = [0.001]
[2021-07-12 07:39:53,572] INFO    (base_engine-78): Epc: 5/50, val_loss:3.578654964764913
[2021-07-12 07:40:12,524] INFO    (base_engine-105): leanring rate = [0.001]
[2021-07-12 07:40:12,524] INFO    (base_engine-78): Epc: 6/50, val_loss:3.578654964764913
[2021-07-12 07:40:31,544] INFO    (base_engine-105): leanring rate = [0.0001]
[2021-07-12 07:40:31,544] INFO    (base_engine-78): Epc: 7/50, val_loss:3.578654964764913
[2021-07-12 07:40:50,511] INFO    (base_engine-105): leanring rate = [0.0001]
[2021-07-12 07:40:50,511] INFO    (base_engine-78): Epc: 8/50, val_loss:3.578654964764913
[2021-07-12 07:41:09,442] INFO    (base_engine-105): leanring rate = [0.0001]
[2021-07-12 07:41:09,442] INFO    (base_engine-78): Epc: 9/50, val_loss:3.578654964764913
[2021-07-12 07:41:28,424] INFO    (base_engine-105): leanring rate = [0.0001]
[2021-07-12 07:41:28,425] INFO    (base_engine-78): Epc: 10/50, val_loss:3.578654964764913
[2021-07-12 07:41:47,380] INFO    (base_engine-105): leanring rate = [0.0001]
[2021-07-12 07:41:47,380] INFO    (base_engine-78): Epc: 11/50, val_loss:3.578654964764913
[2021-07-12 07:42:06,170] INFO    (base_engine-105): leanring rate = [0.0001]
[2021-07-12 07:42:06,170] INFO    (base_engine-78): Epc: 12/50, val_loss:3.578654964764913
[2021-07-12 07:42:24,970] INFO    (base_engine-105): leanring rate = [1e-05]
[2021-07-12 07:42:24,970] WARNING (base_engine-107): Out of patience and reached lowest learning rate.
[2021-07-12 07:42:24,971] INFO    (main_entry_finger-277): Runing ISSUE04_EXP01_10 | eval on ['1', '2', '3', '4', '5', '6', '7', '8', '9', '10', '11', '12', '13', '14', '15', '16', '17', '33', '37']
[2021-07-12 07:42:24,975] INFO    (fnirs-68): {'BH': 573, 'BL': 561, 'LH': 544, 'LL': 551, 'RH': 558, 'RL': 574}
[2021-07-12 07:42:24,978] INFO    (fnirs-68): {'BH': 304, 'BL': 316, 'LH': 306, 'LL': 323, 'RH': 323, 'RL': 306}
[2021-07-12 07:42:24,981] INFO    (fnirs-68): {'BH': 304, 'BL': 316, 'LH': 306, 'LL': 323, 'RH': 323, 'RL': 306}
[2021-07-12 07:42:24,985] INFO    (base_engine-64): Train >>> ISSUE04_EXP01_10
[2021-07-12 07:42:24,985] INFO    (base_engine-78): Epc: 0/50, val_loss:100000000.0
[2021-07-12 07:42:41,887] INFO    (base_engine-102): New min Val loss 3.6021387823696793 at [000]
[2021-07-12 07:42:41,891] INFO    (base_engine-105): leanring rate = [0.001]
[2021-07-12 07:42:41,891] INFO    (base_engine-78): Epc: 1/50, val_loss:3.6021387823696793
[2021-07-12 07:42:58,828] INFO    (base_engine-102): New min Val loss 3.5945064117168557 at [001]
[2021-07-12 07:42:58,832] INFO    (base_engine-105): leanring rate = [0.001]
[2021-07-12 07:42:58,832] INFO    (base_engine-78): Epc: 2/50, val_loss:3.5945064117168557
[2021-07-12 07:43:15,814] INFO    (base_engine-102): New min Val loss 3.590792655944824 at [002]
[2021-07-12 07:43:15,818] INFO    (base_engine-105): leanring rate = [0.001]
[2021-07-12 07:43:15,818] INFO    (base_engine-78): Epc: 3/50, val_loss:3.590792655944824
[2021-07-12 07:43:32,804] INFO    (base_engine-105): leanring rate = [0.001]
[2021-07-12 07:43:32,804] INFO    (base_engine-78): Epc: 4/50, val_loss:3.590792655944824
[2021-07-12 07:43:50,104] INFO    (base_engine-105): leanring rate = [0.001]
[2021-07-12 07:43:50,104] INFO    (base_engine-78): Epc: 5/50, val_loss:3.590792655944824
[2021-07-12 07:44:07,154] INFO    (base_engine-105): leanring rate = [0.001]
[2021-07-12 07:44:07,155] INFO    (base_engine-78): Epc: 6/50, val_loss:3.590792655944824
[2021-07-12 07:44:24,119] INFO    (base_engine-105): leanring rate = [0.001]
[2021-07-12 07:44:24,119] INFO    (base_engine-78): Epc: 7/50, val_loss:3.590792655944824
[2021-07-12 07:44:40,840] INFO    (base_engine-105): leanring rate = [0.001]
[2021-07-12 07:44:40,840] INFO    (base_engine-78): Epc: 8/50, val_loss:3.590792655944824
[2021-07-12 07:44:57,743] INFO    (base_engine-105): leanring rate = [0.0001]
[2021-07-12 07:44:57,743] INFO    (base_engine-78): Epc: 9/50, val_loss:3.590792655944824
[2021-07-12 07:45:14,722] INFO    (base_engine-105): leanring rate = [0.0001]
[2021-07-12 07:45:14,723] INFO    (base_engine-78): Epc: 10/50, val_loss:3.590792655944824
[2021-07-12 07:45:31,464] INFO    (base_engine-105): leanring rate = [0.0001]
[2021-07-12 07:45:31,464] INFO    (base_engine-78): Epc: 11/50, val_loss:3.590792655944824
[2021-07-12 07:45:48,388] INFO    (base_engine-105): leanring rate = [0.0001]
[2021-07-12 07:45:48,388] INFO    (base_engine-78): Epc: 12/50, val_loss:3.590792655944824
[2021-07-12 07:46:05,416] INFO    (base_engine-105): leanring rate = [0.0001]
[2021-07-12 07:46:05,416] INFO    (base_engine-78): Epc: 13/50, val_loss:3.590792655944824
[2021-07-12 07:46:22,384] INFO    (base_engine-105): leanring rate = [0.0001]
[2021-07-12 07:46:22,385] INFO    (base_engine-78): Epc: 14/50, val_loss:3.590792655944824
[2021-07-12 07:46:39,331] INFO    (base_engine-105): leanring rate = [1e-05]
[2021-07-12 07:46:39,331] WARNING (base_engine-107): Out of patience and reached lowest learning rate.
