[2021-07-12 04:28:03,048] INFO    (fnirs-68): {'BH': 774, 'BL': 787, 'LH': 789, 'LL': 783, 'RH': 791, 'RL': 765}
[2021-07-12 04:31:58,161] INFO    (fnirs-68): {'BH': 4856, 'BL': 4953, 'LH': 4969, 'LL': 4931, 'RH': 4971, 'RL': 4052}
[2021-07-12 04:32:37,807] INFO    (fnirs-68): {'BH': 4856, 'BL': 4953, 'LH': 4969, 'LL': 4931, 'RH': 4971, 'RL': 4052}
[2021-07-12 04:32:37,921] INFO    (fnirs-68): {'BH': 565, 'BL': 565, 'LH': 565, 'LL': 565, 'RH': 565, 'RL': 451}
[2021-07-12 04:32:38,512] INFO    (fnirs-68): {'BH': 5308, 'BL': 5427, 'LH': 5421, 'LL': 5383, 'RH': 5423, 'RL': 4413}
[2021-07-12 04:32:38,583] INFO    (fnirs-68): {'BH': 90, 'BL': 91, 'LH': 90, 'LL': 90, 'RH': 90, 'RL': 90}
[2021-07-12 04:32:39,233] INFO    (fnirs-68): {'BH': 4856, 'BL': 4953, 'LH': 4969, 'LL': 4970, 'RH': 4054, 'RL': 5083}
[2021-07-12 04:32:39,351] INFO    (fnirs-68): {'BH': 451, 'BL': 565, 'LH': 450, 'LL': 526, 'RH': 452, 'RL': 565}
[2021-07-12 04:32:39,922] INFO    (fnirs-68): {'BH': 5082, 'BL': 5179, 'LH': 5195, 'LL': 5157, 'RH': 5197, 'RL': 4233}
[2021-07-12 04:32:40,017] INFO    (fnirs-68): {'BH': 339, 'BL': 339, 'LH': 271, 'LL': 271, 'RH': 339, 'RL': 339}
[2021-07-12 04:32:40,648] INFO    (fnirs-68): {'BH': 5195, 'BL': 5292, 'LH': 5308, 'LL': 5270, 'RH': 5310, 'RL': 4323}
[2021-07-12 04:32:40,731] INFO    (fnirs-68): {'BH': 181, 'BL': 226, 'LH': 181, 'LL': 226, 'RH': 181, 'RL': 226}
[2021-07-12 04:32:41,467] INFO    (fnirs-68): {'BH': 5082, 'BL': 5179, 'LH': 5195, 'LL': 5157, 'RH': 5197, 'RL': 4233}
[2021-07-12 04:32:41,561] INFO    (fnirs-68): {'BH': 339, 'BL': 271, 'LH': 271, 'LL': 339, 'RH': 339, 'RL': 339}
[2021-07-12 04:32:42,205] INFO    (fnirs-68): {'BH': 5082, 'BL': 5179, 'LH': 5196, 'LL': 5270, 'RH': 5197, 'RL': 4232}
[2021-07-12 04:32:42,299] INFO    (fnirs-68): {'BH': 339, 'BL': 339, 'LH': 338, 'RH': 272, 'RL': 339, 'LL': 301}
[2021-07-12 04:32:42,864] INFO    (fnirs-68): {'BH': 5082, 'BL': 5179, 'LH': 5195, 'LL': 5157, 'RH': 5197, 'RL': 4233}
[2021-07-12 04:32:42,956] INFO    (fnirs-68): {'BH': 339, 'BL': 271, 'LH': 339, 'LL': 271, 'RH': 339, 'RL': 339}
[2021-07-12 04:32:43,524] INFO    (fnirs-68): {'BH': 5083, 'BL': 5179, 'LH': 5195, 'LL': 5157, 'RH': 5197, 'RL': 4233}
[2021-07-12 04:32:43,617] INFO    (fnirs-68): {'BH': 338, 'BL': 339, 'LH': 270, 'LL': 339, 'RH': 339, 'RL': 338}
[2021-07-12 04:32:44,278] INFO    (fnirs-68): {'BH': 4971, 'BL': 5132, 'LH': 5084, 'LL': 5045, 'RH': 5084, 'RL': 4143}
[2021-07-12 04:32:44,381] INFO    (fnirs-68): {'BH': 450, 'BL': 386, 'LH': 450, 'LL': 360, 'RH': 360, 'RL': 451}
[2021-07-12 04:32:44,771] INFO    (fnirs-68): {'BH': 3613, 'BL': 3528, 'LH': 2885, 'LL': 3463, 'RH': 3503, 'RL': 3614}
[2021-07-12 04:32:45,026] INFO    (fnirs-68): {'BH': 1808, 'BL': 1990, 'LH': 1921, 'LL': 2033, 'RH': 2033, 'RL': 1621}
[2021-07-12 04:33:27,042] INFO    (main_entry_finger-275): Runing ISSUE04_EXP02_00 | eval on ['23', '24', '25', '26', '27']
[2021-07-12 04:33:27,098] INFO    (fnirs-68): {'BH': 4856, 'BL': 4953, 'LH': 4969, 'LL': 4931, 'RH': 4971, 'RL': 4052}
[2021-07-12 04:33:27,123] INFO    (fnirs-68): {'BH': 565, 'BL': 565, 'LH': 565, 'LL': 565, 'RH': 565, 'RL': 451}
[2021-07-12 04:33:27,145] INFO    (fnirs-68): {'BH': 565, 'BL': 565, 'LH': 565, 'LL': 565, 'RH': 565, 'RL': 451}
[2021-07-12 04:33:36,832] INFO    (base_engine-64): Train >>> ISSUE04_EXP02_00
[2021-07-12 04:33:36,849] INFO    (base_engine-78): Epc: 0/50, val_loss:100000000.0
