[2021-05-25 09:49:32,947] INFO    (__init__-24): DEVICE: cuda, found 1 gpus: ['0']
[2021-05-25 09:49:43,417] INFO    (fnirs-66): {'rt': 3910, 'anb': 8296, 'ewm': 8092, 'gng': 3910}
[2021-05-25 09:50:04,965] INFO    (__init__-24): DEVICE: cuda, found 1 gpus: ['0']
[2021-05-25 09:50:05,329] INFO    (fnirs-66): {'rt': 3910, 'anb': 8296, 'ewm': 8092, 'gng': 3910}
[2021-05-25 09:50:05,464] INFO    (fnirs-66): {'gng': 1150, 'ewm': 2380, 'rt': 1150, 'anb': 2440}
[2021-05-25 09:50:05,783] INFO    (fnirs-66): {'anb': 8296, 'rt': 3910, 'gng': 3910, 'ewm': 8092}
[2021-05-25 09:50:05,916] INFO    (fnirs-66): {'rt': 1150, 'anb': 2440, 'ewm': 2380, 'gng': 1150}
[2021-05-25 09:50:06,244] INFO    (fnirs-66): {'rt': 4140, 'anb': 8784, 'gng': 4140, 'ewm': 8568}
[2021-05-25 09:50:06,360] INFO    (fnirs-66): {'rt': 920, 'ewm': 1904, 'anb': 1952, 'gng': 920}
[2021-05-25 09:50:06,732] INFO    (fnirs-66): {'rt': 4140, 'anb': 8784, 'gng': 4140, 'ewm': 8568}
[2021-05-25 09:50:06,846] INFO    (fnirs-66): {'rt': 920, 'ewm': 1904, 'anb': 1952, 'gng': 920}
[2021-05-25 09:50:07,179] INFO    (fnirs-66): {'rt': 4140, 'gng': 4140, 'anb': 8784, 'ewm': 8568}
[2021-05-25 09:50:07,290] INFO    (fnirs-66): {'anb': 1952, 'ewm': 1904, 'gng': 920, 'rt': 920}
[2021-05-25 10:14:28,154] INFO    (__init__-24): DEVICE: cuda, found 1 gpus: ['0']
[2021-05-25 10:14:28,517] INFO    (fnirs-66): {'rt': 3910, 'anb': 11067, 'ewm': 3876, 'gng': 3910}
[2021-05-25 10:14:28,649] INFO    (fnirs-66): {'gng': 1150, 'ewm': 1140, 'rt': 1150, 'anb': 3255}
[2021-05-25 10:14:28,966] INFO    (fnirs-66): {'anb': 11067, 'rt': 3910, 'gng': 3910, 'ewm': 3876}
[2021-05-25 10:14:29,097] INFO    (fnirs-66): {'rt': 1150, 'anb': 3255, 'ewm': 1140, 'gng': 1150}
[2021-05-25 10:14:29,424] INFO    (fnirs-66): {'rt': 4140, 'anb': 11718, 'gng': 4140, 'ewm': 4104}
[2021-05-25 10:14:29,534] INFO    (fnirs-66): {'rt': 920, 'ewm': 912, 'anb': 2604, 'gng': 920}
[2021-05-25 10:14:29,895] INFO    (fnirs-66): {'rt': 4140, 'anb': 11718, 'gng': 4140, 'ewm': 4104}
[2021-05-25 10:14:30,004] INFO    (fnirs-66): {'rt': 920, 'ewm': 912, 'anb': 2604, 'gng': 920}
[2021-05-25 10:14:30,331] INFO    (fnirs-66): {'rt': 4140, 'gng': 4140, 'anb': 11718, 'ewm': 4104}
[2021-05-25 10:14:30,439] INFO    (fnirs-66): {'anb': 2604, 'ewm': 912, 'gng': 920, 'rt': 920}
[2021-05-25 10:15:13,462] INFO    (__init__-24): DEVICE: cuda, found 1 gpus: ['0']
[2021-05-25 10:15:13,470] INFO    (main_entry-144): Runing ISSUE01_EXP02_00 | eval ids : ['2001']
[2021-05-25 10:15:13,512] INFO    (fnirs-66): {'rt': 3910, 'anb': 8296, 'ewm': 8092, 'gng': 3910}
[2021-05-25 10:15:13,578] INFO    (fnirs-66): {'gng': 1150, 'ewm': 2380, 'rt': 1150, 'anb': 2440}
[2021-05-25 10:15:13,599] INFO    (fnirs-66): {'gng': 1150, 'ewm': 2380, 'rt': 1150, 'anb': 2440}
[2021-05-25 10:15:42,410] INFO    (__init__-24): DEVICE: cuda, found 1 gpus: ['0']
[2021-05-25 10:15:42,419] INFO    (main_entry-144): Runing ISSUE01_EXP02_00 | eval ids : ['2001']
[2021-05-25 10:15:42,464] INFO    (fnirs-66): {'rt': 3910, 'anb': 8296, 'ewm': 8092, 'gng': 3910}
[2021-05-25 10:15:42,536] INFO    (fnirs-66): {'gng': 1150, 'ewm': 2380, 'rt': 1150, 'anb': 2440}
[2021-05-25 10:15:42,559] INFO    (fnirs-66): {'gng': 1150, 'ewm': 2380, 'rt': 1150, 'anb': 2440}
[2021-05-25 10:15:44,521] INFO    (base_engine-64): Train >>> ISSUE01_EXP02_00
[2021-05-25 10:15:44,529] INFO    (base_engine-78): Epc: 0/50, val_loss:100000000.0
[2021-05-25 10:16:00,776] INFO    (__init__-24): DEVICE: cuda, found 1 gpus: ['0']
[2021-05-25 10:16:00,789] INFO    (main_entry-144): Runing ISSUE01_EXP02_00 | eval ids : ['2001']
[2021-05-25 10:16:00,832] INFO    (fnirs-66): {'rt': 3910, 'anb': 8296, 'ewm': 8092, 'gng': 3910}
[2021-05-25 10:16:00,900] INFO    (fnirs-66): {'gng': 1150, 'ewm': 2380, 'rt': 1150, 'anb': 2440}
[2021-05-25 10:16:00,920] INFO    (fnirs-66): {'gng': 1150, 'ewm': 2380, 'rt': 1150, 'anb': 2440}
[2021-05-25 10:16:02,791] INFO    (base_engine-64): Train >>> ISSUE01_EXP02_00
[2021-05-25 10:16:02,799] INFO    (base_engine-78): Epc: 0/50, val_loss:100000000.0
[2021-05-25 10:22:29,779] INFO    (__init__-24): DEVICE: cuda, found 1 gpus: ['0']
[2021-05-25 10:22:29,792] INFO    (main_entry-189): Runing ISSUE01_EXP02_00
[2021-05-25 10:55:54,408] INFO    (__init__-24): DEVICE: cuda, found 1 gpus: ['0']
[2021-05-25 10:55:54,767] INFO    (fnirs-66): {'rt': 3910, 'anb': 8296, 'ewm': 8092, 'gng': 3910}
[2021-05-25 10:55:54,897] INFO    (fnirs-66): {'gng': 1150, 'ewm': 2380, 'rt': 1150, 'anb': 2440}
[2021-05-25 10:55:55,207] INFO    (fnirs-66): {'anb': 8296, 'rt': 3910, 'gng': 3910, 'ewm': 8092}
[2021-05-25 10:55:55,335] INFO    (fnirs-66): {'rt': 1150, 'anb': 2440, 'ewm': 2380, 'gng': 1150}
[2021-05-25 10:55:55,656] INFO    (fnirs-66): {'rt': 4140, 'anb': 8784, 'gng': 4140, 'ewm': 8568}
[2021-05-25 10:55:55,767] INFO    (fnirs-66): {'rt': 920, 'ewm': 1904, 'anb': 1952, 'gng': 920}
[2021-05-25 10:55:56,128] INFO    (fnirs-66): {'rt': 4140, 'anb': 8784, 'gng': 4140, 'ewm': 8568}
[2021-05-25 10:55:56,240] INFO    (fnirs-66): {'rt': 920, 'ewm': 1904, 'anb': 1952, 'gng': 920}
[2021-05-25 10:55:56,558] INFO    (fnirs-66): {'rt': 4140, 'gng': 4140, 'anb': 8784, 'ewm': 8568}
[2021-05-25 10:55:56,668] INFO    (fnirs-66): {'anb': 1952, 'ewm': 1904, 'gng': 920, 'rt': 920}
[2021-05-25 10:56:28,446] INFO    (__init__-24): DEVICE: cuda, found 1 gpus: ['0']
[2021-05-25 10:56:28,801] INFO    (fnirs-66): {'rt': 3910, 'anb': 8296, 'ewm': 8092, 'gng': 3910}
[2021-05-25 10:56:28,934] INFO    (fnirs-66): {'gng': 1150, 'ewm': 2380, 'rt': 1150, 'anb': 2440}
[2021-05-25 10:56:29,246] INFO    (fnirs-66): {'anb': 8296, 'rt': 3910, 'gng': 3910, 'ewm': 8092}
[2021-05-25 10:56:29,376] INFO    (fnirs-66): {'rt': 1150, 'anb': 2440, 'ewm': 2380, 'gng': 1150}
[2021-05-25 10:56:29,701] INFO    (fnirs-66): {'rt': 4140, 'anb': 8784, 'gng': 4140, 'ewm': 8568}
[2021-05-25 10:56:29,814] INFO    (fnirs-66): {'rt': 920, 'ewm': 1904, 'anb': 1952, 'gng': 920}
[2021-05-25 10:56:30,173] INFO    (fnirs-66): {'rt': 4140, 'anb': 8784, 'gng': 4140, 'ewm': 8568}
[2021-05-25 10:56:30,284] INFO    (fnirs-66): {'rt': 920, 'ewm': 1904, 'anb': 1952, 'gng': 920}
[2021-05-25 10:56:30,606] INFO    (fnirs-66): {'rt': 4140, 'gng': 4140, 'anb': 8784, 'ewm': 8568}
[2021-05-25 10:56:30,719] INFO    (fnirs-66): {'anb': 1952, 'ewm': 1904, 'gng': 920, 'rt': 920}
[2021-05-25 10:59:39,901] INFO    (__init__-24): DEVICE: cuda, found 1 gpus: ['0']
[2021-05-25 10:59:39,915] INFO    (main_entry-199): Runing ISSUE01_EXP02_00
[2021-05-25 10:59:39,959] INFO    (fnirs-66): {'rt': 3910, 'anb': 8296, 'ewm': 8092, 'gng': 3910}
[2021-05-25 10:59:40,029] INFO    (fnirs-66): {'gng': 1150, 'ewm': 2380, 'rt': 1150, 'anb': 2440}
[2021-05-25 10:59:40,050] INFO    (fnirs-66): {'gng': 1150, 'ewm': 2380, 'rt': 1150, 'anb': 2440}
[2021-05-25 11:00:33,870] INFO    (__init__-24): DEVICE: cuda, found 1 gpus: ['0']
[2021-05-25 11:00:33,874] INFO    (main_entry-199): Runing ISSUE01_EXP02_00
[2021-05-25 11:00:33,936] INFO    (fnirs-66): {'rt': 3910, 'anb': 8296, 'ewm': 8092, 'gng': 3910}
[2021-05-25 11:00:33,945] INFO    (fnirs-66): {'gng': 1150, 'ewm': 2380, 'rt': 1150, 'anb': 2440}
[2021-05-25 11:00:33,998] INFO    (fnirs-66): {'gng': 1150, 'ewm': 2380, 'rt': 1150, 'anb': 2440}
[2021-05-25 11:00:35,822] INFO    (base_engine-64): Train >>> ISSUE01_EXP02_00
[2021-05-25 11:00:35,823] INFO    (base_engine-78): Epc: 0/50, val_loss:100000000.0
