[2021-07-04 10:10:16,352] INFO    (main_cnn-88): Runing ISSUE04_EXP03_00 | eval on ['23', '24', '25', '51', '18', '19', '28']
[2021-07-04 10:11:32,788] INFO    (main_cnn-88): Runing ISSUE04_EXP03_00 | eval on ['23', '24', '25', '51', '18', '19', '28']
[2021-07-04 10:11:32,810] INFO    (fnirs-68): {'BH': 412, 'BL': 403, 'LH': 391, 'LL': 396, 'RH': 414, 'RL': 413}
[2021-07-04 10:11:32,828] INFO    (fnirs-68): {'BH': 126, 'BL': 122, 'LH': 126, 'LL': 119, 'RH': 119, 'RL': 119}
[2021-07-04 10:11:32,847] INFO    (fnirs-68): {'BH': 126, 'BL': 122, 'LH': 126, 'LL': 119, 'RH': 119, 'RL': 119}
[2021-07-04 10:11:35,020] INFO    (base_engine-64): Train >>> ISSUE04_EXP03_00
[2021-07-04 10:11:35,035] INFO    (base_engine-78): Epc: 0/50, val_loss:100000000.0
[2021-07-04 10:11:50,655] INFO    (base_engine-102): New min Val loss 0.3254964996028591 at [000]
[2021-07-04 10:11:50,680] INFO    (base_engine-105): leanring rate = [0.0001]
[2021-07-04 10:11:50,695] INFO    (base_engine-78): Epc: 1/50, val_loss:0.3254964996028591
[2021-07-04 10:11:56,394] INFO    (base_engine-105): leanring rate = [0.0001]
[2021-07-04 10:11:56,409] INFO    (base_engine-78): Epc: 2/50, val_loss:0.3254964996028591
[2021-07-04 10:12:02,108] INFO    (base_engine-105): leanring rate = [0.0001]
[2021-07-04 10:12:02,122] INFO    (base_engine-78): Epc: 3/50, val_loss:0.3254964996028591
[2021-07-04 10:12:07,811] INFO    (base_engine-105): leanring rate = [0.0001]
[2021-07-04 10:12:07,827] INFO    (base_engine-78): Epc: 4/50, val_loss:0.3254964996028591
[2021-07-04 10:12:13,505] INFO    (base_engine-105): leanring rate = [0.0001]
[2021-07-04 10:12:13,521] INFO    (base_engine-78): Epc: 5/50, val_loss:0.3254964996028591
[2021-07-04 10:12:19,195] INFO    (base_engine-105): leanring rate = [0.0001]
[2021-07-04 10:12:19,210] INFO    (base_engine-78): Epc: 6/50, val_loss:0.3254964996028591
[2021-07-04 10:12:24,966] INFO    (base_engine-105): leanring rate = [1e-05]
[2021-07-04 10:12:24,981] WARNING (base_engine-107): Out of patience and reached lowest learning rate.
[2021-07-04 10:12:25,006] INFO    (engine-66): Resume from 0 epoch
[2021-07-04 10:12:26,332] INFO    (main_cnn-88): Runing ISSUE04_EXP03_01 | eval on ['34', '35', '36', '41', '42']
[2021-07-04 10:12:26,353] INFO    (fnirs-68): {'BH': 448, 'BL': 435, 'LH': 448, 'LL': 432, 'RH': 425, 'RL': 449}
[2021-07-04 10:12:26,372] INFO    (fnirs-68): {'BH': 90, 'BL': 90, 'LH': 85, 'LL': 90, 'RH': 90, 'RL': 90}
[2021-07-04 10:12:26,390] INFO    (fnirs-68): {'BH': 90, 'BL': 90, 'LH': 85, 'LL': 90, 'RH': 90, 'RL': 90}
[2021-07-04 10:12:26,413] INFO    (base_engine-64): Train >>> ISSUE04_EXP03_01
[2021-07-04 10:12:26,428] INFO    (base_engine-78): Epc: 0/50, val_loss:100000000.0
[2021-07-04 10:12:32,289] INFO    (base_engine-102): New min Val loss 0.21069999438960377 at [000]
[2021-07-04 10:12:32,313] INFO    (base_engine-105): leanring rate = [0.0001]
[2021-07-04 10:12:32,328] INFO    (base_engine-78): Epc: 1/50, val_loss:0.21069999438960377
[2021-07-04 10:12:38,196] INFO    (base_engine-105): leanring rate = [0.0001]
[2021-07-04 10:12:38,211] INFO    (base_engine-78): Epc: 2/50, val_loss:0.21069999438960377
[2021-07-04 10:12:44,131] INFO    (base_engine-105): leanring rate = [0.0001]
[2021-07-04 10:12:44,146] INFO    (base_engine-78): Epc: 3/50, val_loss:0.21069999438960377
[2021-07-04 10:12:50,008] INFO    (base_engine-105): leanring rate = [0.0001]
[2021-07-04 10:12:50,023] INFO    (base_engine-78): Epc: 4/50, val_loss:0.21069999438960377
[2021-07-04 10:12:55,885] INFO    (base_engine-105): leanring rate = [0.0001]
[2021-07-04 10:12:55,900] INFO    (base_engine-78): Epc: 5/50, val_loss:0.21069999438960377
[2021-07-04 10:13:01,768] INFO    (base_engine-105): leanring rate = [0.0001]
[2021-07-04 10:13:01,783] INFO    (base_engine-78): Epc: 6/50, val_loss:0.21069999438960377
[2021-07-04 10:13:07,645] INFO    (base_engine-105): leanring rate = [1e-05]
[2021-07-04 10:13:07,660] WARNING (base_engine-107): Out of patience and reached lowest learning rate.
[2021-07-04 10:13:07,682] INFO    (engine-66): Resume from 0 epoch
[2021-07-04 10:13:08,625] INFO    (main_cnn-88): Runing ISSUE04_EXP03_02 | eval on ['38', '39', '40', '48', '49', '50']
[2021-07-04 10:13:08,646] INFO    (fnirs-68): {'BH': 430, 'BL': 417, 'LH': 408, 'LL': 408, 'RH': 432, 'RL': 431}
[2021-07-04 10:13:08,664] INFO    (fnirs-68): {'BH': 108, 'BL': 102, 'LH': 107, 'LL': 105, 'RH': 102, 'RL': 108}
[2021-07-04 10:13:08,682] INFO    (fnirs-68): {'BH': 108, 'BL': 102, 'LH': 107, 'LL': 105, 'RH': 102, 'RL': 108}
[2021-07-04 10:13:08,705] INFO    (base_engine-64): Train >>> ISSUE04_EXP03_02
[2021-07-04 10:13:08,720] INFO    (base_engine-78): Epc: 0/50, val_loss:100000000.0
[2021-07-04 10:13:14,489] INFO    (base_engine-102): New min Val loss 0.2599264627847916 at [000]
[2021-07-04 10:13:14,513] INFO    (base_engine-105): leanring rate = [0.0001]
[2021-07-04 10:13:14,528] INFO    (base_engine-78): Epc: 1/50, val_loss:0.2599264627847916
[2021-07-04 10:13:20,304] INFO    (base_engine-105): leanring rate = [0.0001]
[2021-07-04 10:13:20,319] INFO    (base_engine-78): Epc: 2/50, val_loss:0.2599264627847916
[2021-07-04 10:13:26,077] INFO    (base_engine-105): leanring rate = [0.0001]
[2021-07-04 10:13:26,092] INFO    (base_engine-78): Epc: 3/50, val_loss:0.2599264627847916
[2021-07-04 10:13:31,865] INFO    (base_engine-105): leanring rate = [0.0001]
[2021-07-04 10:13:31,880] INFO    (base_engine-78): Epc: 4/50, val_loss:0.2599264627847916
[2021-07-04 10:13:37,657] INFO    (base_engine-105): leanring rate = [0.0001]
[2021-07-04 10:13:37,672] INFO    (base_engine-78): Epc: 5/50, val_loss:0.2599264627847916
[2021-07-04 10:13:43,459] INFO    (base_engine-105): leanring rate = [0.0001]
[2021-07-04 10:13:43,474] INFO    (base_engine-78): Epc: 6/50, val_loss:0.2599264627847916
[2021-07-04 10:13:49,227] INFO    (base_engine-105): leanring rate = [1e-05]
[2021-07-04 10:13:49,242] WARNING (base_engine-107): Out of patience and reached lowest learning rate.
[2021-07-04 10:13:49,264] INFO    (engine-66): Resume from 0 epoch
[2021-07-04 10:13:50,337] INFO    (main_cnn-88): Runing ISSUE04_EXP03_03 | eval on ['20', '21', '22', '45', '46', '47']
[2021-07-04 10:13:50,362] INFO    (fnirs-68): {'BH': 431, 'BL': 417, 'LH': 430, 'LL': 414, 'RH': 408, 'RL': 432}
[2021-07-04 10:13:50,384] INFO    (fnirs-68): {'BH': 107, 'BL': 108, 'LH': 108, 'LL': 102, 'RH': 108, 'RL': 107}
[2021-07-04 10:13:50,403] INFO    (fnirs-68): {'BH': 107, 'BL': 108, 'LH': 108, 'LL': 102, 'RH': 108, 'RL': 107}
[2021-07-04 10:13:50,426] INFO    (base_engine-64): Train >>> ISSUE04_EXP03_03
[2021-07-04 10:13:50,442] INFO    (base_engine-78): Epc: 0/50, val_loss:100000000.0
[2021-07-04 10:13:56,400] INFO    (base_engine-102): New min Val loss 0.2857731305635892 at [000]
[2021-07-04 10:13:56,425] INFO    (base_engine-105): leanring rate = [0.0001]
[2021-07-04 10:13:56,440] INFO    (base_engine-78): Epc: 1/50, val_loss:0.2857731305635892
[2021-07-04 10:14:02,334] INFO    (base_engine-105): leanring rate = [0.0001]
[2021-07-04 10:14:02,349] INFO    (base_engine-78): Epc: 2/50, val_loss:0.2857731305635892
[2021-07-04 10:14:08,188] INFO    (base_engine-105): leanring rate = [0.0001]
[2021-07-04 10:14:08,202] INFO    (base_engine-78): Epc: 3/50, val_loss:0.2857731305635892
[2021-07-04 10:14:14,069] INFO    (base_engine-105): leanring rate = [0.0001]
[2021-07-04 10:14:14,083] INFO    (base_engine-78): Epc: 4/50, val_loss:0.2857731305635892
[2021-07-04 10:14:19,940] INFO    (base_engine-105): leanring rate = [0.0001]
[2021-07-04 10:14:19,955] INFO    (base_engine-78): Epc: 5/50, val_loss:0.2857731305635892
[2021-07-04 10:14:25,771] INFO    (base_engine-105): leanring rate = [0.0001]
[2021-07-04 10:14:25,791] INFO    (base_engine-78): Epc: 6/50, val_loss:0.2857731305635892
[2021-07-04 10:14:31,701] INFO    (base_engine-105): leanring rate = [1e-05]
[2021-07-04 10:14:31,716] WARNING (base_engine-107): Out of patience and reached lowest learning rate.
[2021-07-04 10:14:31,738] INFO    (engine-66): Resume from 0 epoch
[2021-07-04 10:14:32,932] INFO    (main_cnn-88): Runing ISSUE04_EXP03_04 | eval on ['29', '30', '31', '1', '2', '3']
[2021-07-04 10:14:32,953] INFO    (fnirs-68): {'BH': 431, 'BL': 428, 'LH': 408, 'LL': 414, 'RH': 408, 'RL': 431}
[2021-07-04 10:14:32,972] INFO    (fnirs-68): {'BH': 102, 'BL': 102, 'LH': 102, 'LL': 107, 'RH': 102, 'RL': 102}
[2021-07-04 10:14:32,991] INFO    (fnirs-68): {'BH': 102, 'BL': 102, 'LH': 102, 'LL': 107, 'RH': 102, 'RL': 102}
[2021-07-04 10:14:33,014] INFO    (base_engine-64): Train >>> ISSUE04_EXP03_04
[2021-07-04 10:14:33,029] INFO    (base_engine-78): Epc: 0/50, val_loss:100000000.0
[2021-07-04 10:14:38,778] INFO    (base_engine-102): New min Val loss 0.2527334384429149 at [000]
[2021-07-04 10:14:38,802] INFO    (base_engine-105): leanring rate = [0.0001]
[2021-07-04 10:14:38,816] INFO    (base_engine-78): Epc: 1/50, val_loss:0.2527334384429149
[2021-07-04 10:14:44,559] INFO    (base_engine-105): leanring rate = [0.0001]
[2021-07-04 10:14:44,574] INFO    (base_engine-78): Epc: 2/50, val_loss:0.2527334384429149
[2021-07-04 10:14:50,317] INFO    (base_engine-105): leanring rate = [0.0001]
[2021-07-04 10:14:50,331] INFO    (base_engine-78): Epc: 3/50, val_loss:0.2527334384429149
[2021-07-04 10:14:56,073] INFO    (base_engine-105): leanring rate = [0.0001]
[2021-07-04 10:14:56,088] INFO    (base_engine-78): Epc: 4/50, val_loss:0.2527334384429149
[2021-07-04 10:15:01,828] INFO    (base_engine-105): leanring rate = [0.0001]
[2021-07-04 10:15:01,843] INFO    (base_engine-78): Epc: 5/50, val_loss:0.2527334384429149
[2021-07-04 10:15:07,631] INFO    (base_engine-105): leanring rate = [0.0001]
[2021-07-04 10:15:07,646] INFO    (base_engine-78): Epc: 6/50, val_loss:0.2527334384429149
[2021-07-04 10:15:13,385] INFO    (base_engine-105): leanring rate = [1e-05]
[2021-07-04 10:15:13,399] WARNING (base_engine-107): Out of patience and reached lowest learning rate.
[2021-07-04 10:15:13,422] INFO    (engine-66): Resume from 0 epoch
[2021-07-04 10:15:14,489] INFO    (engine-71): ACCURACY_ISSUE04_EXP03 = 0.34308510638297873 
[2021-07-04 10:15:14,508] INFO    (engine-72): Precision_ISSUE04_EXP03 = [0.42456897 0.18645731 0.42224317] 
[2021-07-04 10:15:14,526] INFO    (engine-73): RECALL_ISSUE04_EXP03 = [0.369606   0.35185185 0.31954351] 
[2021-07-04 10:15:14,544] INFO    (engine-74): F1_ISSUE04_EXP03 = [0.39518556 0.24374599 0.363784  ] 
[2021-07-04 12:40:14,389] INFO    (main_cnn-88): Runing ISSUE04_EXP03_00 | eval on ['23', '24', '25', '51', '18', '19', '28']
[2021-07-04 12:40:14,393] INFO    (fnirs-68): {'BH': 412, 'BL': 403, 'LH': 391, 'LL': 396, 'RH': 414, 'RL': 413}
[2021-07-04 12:40:14,395] INFO    (fnirs-68): {'BH': 126, 'BL': 122, 'LH': 126, 'LL': 119, 'RH': 119, 'RL': 119}
[2021-07-04 12:40:14,397] INFO    (fnirs-68): {'BH': 126, 'BL': 122, 'LH': 126, 'LL': 119, 'RH': 119, 'RL': 119}
[2021-07-04 12:40:16,543] INFO    (base_engine-64): Train >>> ISSUE04_EXP03_00
[2021-07-04 12:40:16,543] INFO    (base_engine-78): Epc: 0/50, val_loss:100000000.0
[2021-07-04 12:40:19,102] INFO    (base_engine-102): New min Val loss 0.3254467538885168 at [000]
[2021-07-04 12:40:19,111] INFO    (base_engine-105): leanring rate = [0.0001]
[2021-07-04 12:40:19,111] INFO    (base_engine-78): Epc: 1/50, val_loss:0.3254467538885168
[2021-07-04 12:40:21,633] INFO    (base_engine-105): leanring rate = [0.0001]
[2021-07-04 12:40:21,634] INFO    (base_engine-78): Epc: 2/50, val_loss:0.3254467538885168
[2021-07-04 12:40:24,151] INFO    (base_engine-105): leanring rate = [0.0001]
[2021-07-04 12:40:24,152] INFO    (base_engine-78): Epc: 3/50, val_loss:0.3254467538885168
[2021-07-04 12:40:26,660] INFO    (base_engine-105): leanring rate = [0.0001]
[2021-07-04 12:40:26,661] INFO    (base_engine-78): Epc: 4/50, val_loss:0.3254467538885168
[2021-07-04 12:40:29,155] INFO    (base_engine-105): leanring rate = [0.0001]
[2021-07-04 12:40:29,156] INFO    (base_engine-78): Epc: 5/50, val_loss:0.3254467538885168
[2021-07-04 12:40:31,678] INFO    (base_engine-105): leanring rate = [0.0001]
[2021-07-04 12:40:31,678] INFO    (base_engine-78): Epc: 6/50, val_loss:0.3254467538885168
[2021-07-04 12:40:34,178] INFO    (base_engine-105): leanring rate = [1e-05]
[2021-07-04 12:40:34,179] WARNING (base_engine-107): Out of patience and reached lowest learning rate.
[2021-07-04 12:40:34,186] INFO    (engine-66): Resume from 0 epoch
[2021-07-04 12:40:34,732] INFO    (main_cnn-88): Runing ISSUE04_EXP03_01 | eval on ['34', '35', '36', '41', '42']
[2021-07-04 12:40:34,736] INFO    (fnirs-68): {'BH': 448, 'BL': 435, 'LH': 448, 'LL': 432, 'RH': 425, 'RL': 449}
[2021-07-04 12:40:34,738] INFO    (fnirs-68): {'BH': 90, 'BL': 90, 'LH': 85, 'LL': 90, 'RH': 90, 'RL': 90}
[2021-07-04 12:40:34,739] INFO    (fnirs-68): {'BH': 90, 'BL': 90, 'LH': 85, 'LL': 90, 'RH': 90, 'RL': 90}
[2021-07-04 12:40:34,744] INFO    (base_engine-64): Train >>> ISSUE04_EXP03_01
[2021-07-04 12:40:34,744] INFO    (base_engine-78): Epc: 0/50, val_loss:100000000.0
[2021-07-04 12:40:37,307] INFO    (base_engine-102): New min Val loss 0.21306524916393002 at [000]
[2021-07-04 12:40:37,315] INFO    (base_engine-105): leanring rate = [0.0001]
[2021-07-04 12:40:37,315] INFO    (base_engine-78): Epc: 1/50, val_loss:0.21306524916393002
[2021-07-04 12:40:39,901] INFO    (base_engine-105): leanring rate = [0.0001]
[2021-07-04 12:40:39,902] INFO    (base_engine-78): Epc: 2/50, val_loss:0.21306524916393002
[2021-07-04 12:40:42,502] INFO    (base_engine-105): leanring rate = [0.0001]
[2021-07-04 12:40:42,502] INFO    (base_engine-78): Epc: 3/50, val_loss:0.21306524916393002
[2021-07-04 12:40:45,091] INFO    (base_engine-105): leanring rate = [0.0001]
[2021-07-04 12:40:45,092] INFO    (base_engine-78): Epc: 4/50, val_loss:0.21306524916393002
[2021-07-04 12:40:47,729] INFO    (base_engine-105): leanring rate = [0.0001]
[2021-07-04 12:40:47,730] INFO    (base_engine-78): Epc: 5/50, val_loss:0.21306524916393002
[2021-07-04 12:40:50,344] INFO    (base_engine-105): leanring rate = [0.0001]
[2021-07-04 12:40:50,345] INFO    (base_engine-78): Epc: 6/50, val_loss:0.21306524916393002
[2021-07-04 12:40:52,994] INFO    (base_engine-105): leanring rate = [1e-05]
[2021-07-04 12:40:52,995] WARNING (base_engine-107): Out of patience and reached lowest learning rate.
[2021-07-04 12:40:53,001] INFO    (engine-66): Resume from 0 epoch
[2021-07-04 12:40:53,403] INFO    (main_cnn-88): Runing ISSUE04_EXP03_02 | eval on ['38', '39', '40', '48', '49', '50']
[2021-07-04 12:40:53,406] INFO    (fnirs-68): {'BH': 430, 'BL': 417, 'LH': 408, 'LL': 408, 'RH': 432, 'RL': 431}
[2021-07-04 12:40:53,408] INFO    (fnirs-68): {'BH': 108, 'BL': 102, 'LH': 107, 'LL': 105, 'RH': 102, 'RL': 108}
[2021-07-04 12:40:53,410] INFO    (fnirs-68): {'BH': 108, 'BL': 102, 'LH': 107, 'LL': 105, 'RH': 102, 'RL': 108}
[2021-07-04 12:40:53,415] INFO    (base_engine-64): Train >>> ISSUE04_EXP03_02
[2021-07-04 12:40:53,415] INFO    (base_engine-78): Epc: 0/50, val_loss:100000000.0
[2021-07-04 12:40:55,941] INFO    (base_engine-102): New min Val loss 0.2676932597771669 at [000]
[2021-07-04 12:40:55,949] INFO    (base_engine-105): leanring rate = [0.0001]
[2021-07-04 12:40:55,949] INFO    (base_engine-78): Epc: 1/50, val_loss:0.2676932597771669
[2021-07-04 12:40:58,492] INFO    (base_engine-105): leanring rate = [0.0001]
[2021-07-04 12:40:58,492] INFO    (base_engine-78): Epc: 2/50, val_loss:0.2676932597771669
[2021-07-04 12:41:01,015] INFO    (base_engine-105): leanring rate = [0.0001]
[2021-07-04 12:41:01,016] INFO    (base_engine-78): Epc: 3/50, val_loss:0.2676932597771669
[2021-07-04 12:41:03,550] INFO    (base_engine-105): leanring rate = [0.0001]
[2021-07-04 12:41:03,550] INFO    (base_engine-78): Epc: 4/50, val_loss:0.2676932597771669
[2021-07-04 12:41:06,073] INFO    (base_engine-105): leanring rate = [0.0001]
[2021-07-04 12:41:06,073] INFO    (base_engine-78): Epc: 5/50, val_loss:0.2676932597771669
[2021-07-04 12:41:08,594] INFO    (base_engine-105): leanring rate = [0.0001]
[2021-07-04 12:41:08,595] INFO    (base_engine-78): Epc: 6/50, val_loss:0.2676932597771669
[2021-07-04 12:41:11,126] INFO    (base_engine-105): leanring rate = [1e-05]
[2021-07-04 12:41:11,126] WARNING (base_engine-107): Out of patience and reached lowest learning rate.
[2021-07-04 12:41:11,132] INFO    (engine-66): Resume from 0 epoch
[2021-07-04 12:41:11,594] INFO    (main_cnn-88): Runing ISSUE04_EXP03_03 | eval on ['20', '21', '22', '45', '46', '47']
[2021-07-04 12:41:11,597] INFO    (fnirs-68): {'BH': 431, 'BL': 417, 'LH': 430, 'LL': 414, 'RH': 408, 'RL': 432}
[2021-07-04 12:41:11,599] INFO    (fnirs-68): {'BH': 107, 'BL': 108, 'LH': 108, 'LL': 102, 'RH': 108, 'RL': 107}
[2021-07-04 12:41:11,601] INFO    (fnirs-68): {'BH': 107, 'BL': 108, 'LH': 108, 'LL': 102, 'RH': 108, 'RL': 107}
[2021-07-04 12:41:11,606] INFO    (base_engine-64): Train >>> ISSUE04_EXP03_03
[2021-07-04 12:41:11,606] INFO    (base_engine-78): Epc: 0/50, val_loss:100000000.0
[2021-07-04 12:41:14,175] INFO    (base_engine-102): New min Val loss 0.2873931664686937 at [000]
[2021-07-04 12:41:14,182] INFO    (base_engine-105): leanring rate = [0.0001]
[2021-07-04 12:41:14,183] INFO    (base_engine-78): Epc: 1/50, val_loss:0.2873931664686937
[2021-07-04 12:41:16,734] INFO    (base_engine-105): leanring rate = [0.0001]
[2021-07-04 12:41:16,735] INFO    (base_engine-78): Epc: 2/50, val_loss:0.2873931664686937
[2021-07-04 12:41:19,304] INFO    (base_engine-105): leanring rate = [0.0001]
[2021-07-04 12:41:19,305] INFO    (base_engine-78): Epc: 3/50, val_loss:0.2873931664686937
[2021-07-04 12:41:21,860] INFO    (base_engine-105): leanring rate = [0.0001]
[2021-07-04 12:41:21,861] INFO    (base_engine-78): Epc: 4/50, val_loss:0.2873931664686937
[2021-07-04 12:41:24,408] INFO    (base_engine-105): leanring rate = [0.0001]
[2021-07-04 12:41:24,409] INFO    (base_engine-78): Epc: 5/50, val_loss:0.2873931664686937
[2021-07-04 12:41:26,971] INFO    (base_engine-105): leanring rate = [0.0001]
[2021-07-04 12:41:26,971] INFO    (base_engine-78): Epc: 6/50, val_loss:0.2873931664686937
[2021-07-04 12:41:29,534] INFO    (base_engine-105): leanring rate = [1e-05]
[2021-07-04 12:41:29,534] WARNING (base_engine-107): Out of patience and reached lowest learning rate.
[2021-07-04 12:41:29,541] INFO    (engine-66): Resume from 0 epoch
[2021-07-04 12:41:30,042] INFO    (main_cnn-88): Runing ISSUE04_EXP03_04 | eval on ['29', '30', '31', '1', '2', '3']
[2021-07-04 12:41:30,046] INFO    (fnirs-68): {'BH': 431, 'BL': 428, 'LH': 408, 'LL': 414, 'RH': 408, 'RL': 431}
[2021-07-04 12:41:30,047] INFO    (fnirs-68): {'BH': 102, 'BL': 102, 'LH': 102, 'LL': 107, 'RH': 102, 'RL': 102}
[2021-07-04 12:41:30,049] INFO    (fnirs-68): {'BH': 102, 'BL': 102, 'LH': 102, 'LL': 107, 'RH': 102, 'RL': 102}
[2021-07-04 12:41:30,054] INFO    (base_engine-64): Train >>> ISSUE04_EXP03_04
[2021-07-04 12:41:30,055] INFO    (base_engine-78): Epc: 0/50, val_loss:100000000.0
[2021-07-04 12:41:32,565] INFO    (base_engine-102): New min Val loss 0.25931962331136066 at [000]
[2021-07-04 12:41:32,572] INFO    (base_engine-105): leanring rate = [0.0001]
[2021-07-04 12:41:32,573] INFO    (base_engine-78): Epc: 1/50, val_loss:0.25931962331136066
[2021-07-04 12:41:35,062] INFO    (base_engine-105): leanring rate = [0.0001]
[2021-07-04 12:41:35,062] INFO    (base_engine-78): Epc: 2/50, val_loss:0.25931962331136066
[2021-07-04 12:41:37,551] INFO    (base_engine-105): leanring rate = [0.0001]
[2021-07-04 12:41:37,552] INFO    (base_engine-78): Epc: 3/50, val_loss:0.25931962331136066
[2021-07-04 12:41:40,053] INFO    (base_engine-105): leanring rate = [0.0001]
[2021-07-04 12:41:40,053] INFO    (base_engine-78): Epc: 4/50, val_loss:0.25931962331136066
[2021-07-04 12:41:42,571] INFO    (base_engine-105): leanring rate = [0.0001]
[2021-07-04 12:41:42,571] INFO    (base_engine-78): Epc: 5/50, val_loss:0.25931962331136066
[2021-07-04 12:41:45,051] INFO    (base_engine-105): leanring rate = [0.0001]
[2021-07-04 12:41:45,051] INFO    (base_engine-78): Epc: 6/50, val_loss:0.25931962331136066
[2021-07-04 12:41:47,539] INFO    (base_engine-105): leanring rate = [1e-05]
[2021-07-04 12:41:47,540] WARNING (base_engine-107): Out of patience and reached lowest learning rate.
[2021-07-04 12:41:47,545] INFO    (engine-66): Resume from 0 epoch
[2021-07-04 12:41:47,986] INFO    (engine-71): ACCURACY_ISSUE04_EXP03 = 0.3254654255319149 
[2021-07-04 12:41:47,987] INFO    (engine-72): Precision_ISSUE04_EXP03 = [0.3512931  0.17075564 0.45146089] 
[2021-07-04 12:41:47,987] INFO    (engine-73): RECALL_ISSUE04_EXP03 = [0.33231397 0.33333333 0.31827243] 
[2021-07-04 12:41:47,988] INFO    (engine-74): F1_ISSUE04_EXP03 = [0.34154007 0.22582738 0.37334373] 
[2021-07-04 14:50:56,569] INFO    (main_cnn-88): Runing ISSUE04_EXP03_00 | eval on ['23', '24', '25', '51', '18', '19', '28']
[2021-07-04 14:50:56,573] INFO    (fnirs-68): {'BH': 412, 'BL': 403, 'LH': 391, 'LL': 396, 'RH': 414, 'RL': 413}
[2021-07-04 14:50:56,575] INFO    (fnirs-68): {'BH': 126, 'BL': 122, 'LH': 126, 'LL': 119, 'RH': 119, 'RL': 119}
[2021-07-04 14:50:56,577] INFO    (fnirs-68): {'BH': 126, 'BL': 122, 'LH': 126, 'LL': 119, 'RH': 119, 'RL': 119}
[2021-07-04 14:50:58,689] INFO    (base_engine-64): Train >>> ISSUE04_EXP03_00
[2021-07-04 14:50:58,690] INFO    (base_engine-78): Epc: 0/50, val_loss:100000000.0
[2021-07-04 14:51:01,150] INFO    (base_engine-102): New min Val loss 0.3254467571103895 at [000]
[2021-07-04 14:51:01,159] INFO    (base_engine-105): leanring rate = [0.0001]
[2021-07-04 14:51:01,160] INFO    (base_engine-78): Epc: 1/50, val_loss:0.3254467571103895
[2021-07-04 14:51:03,595] INFO    (base_engine-105): leanring rate = [0.0001]
[2021-07-04 14:51:03,596] INFO    (base_engine-78): Epc: 2/50, val_loss:0.3254467571103895
[2021-07-04 14:51:06,021] INFO    (base_engine-105): leanring rate = [0.0001]
[2021-07-04 14:51:06,021] INFO    (base_engine-78): Epc: 3/50, val_loss:0.3254467571103895
[2021-07-04 14:51:08,440] INFO    (base_engine-105): leanring rate = [0.0001]
[2021-07-04 14:51:08,440] INFO    (base_engine-78): Epc: 4/50, val_loss:0.3254467571103895
[2021-07-04 14:51:10,852] INFO    (base_engine-105): leanring rate = [0.0001]
[2021-07-04 14:51:10,853] INFO    (base_engine-78): Epc: 5/50, val_loss:0.3254467571103895
[2021-07-04 14:51:13,275] INFO    (base_engine-105): leanring rate = [0.0001]
[2021-07-04 14:51:13,276] INFO    (base_engine-78): Epc: 6/50, val_loss:0.3254467571103895
[2021-07-04 14:51:15,708] INFO    (base_engine-105): leanring rate = [1e-05]
[2021-07-04 14:51:15,708] WARNING (base_engine-107): Out of patience and reached lowest learning rate.
[2021-07-04 14:51:15,714] INFO    (engine-66): Resume from 0 epoch
[2021-07-04 14:51:16,251] INFO    (main_cnn-88): Runing ISSUE04_EXP03_01 | eval on ['34', '35', '36', '41', '42']
[2021-07-04 14:51:16,255] INFO    (fnirs-68): {'BH': 448, 'BL': 435, 'LH': 448, 'LL': 432, 'RH': 425, 'RL': 449}
[2021-07-04 14:51:16,256] INFO    (fnirs-68): {'BH': 90, 'BL': 90, 'LH': 85, 'LL': 90, 'RH': 90, 'RL': 90}
[2021-07-04 14:51:16,258] INFO    (fnirs-68): {'BH': 90, 'BL': 90, 'LH': 85, 'LL': 90, 'RH': 90, 'RL': 90}
[2021-07-04 14:51:16,263] INFO    (base_engine-64): Train >>> ISSUE04_EXP03_01
[2021-07-04 14:51:16,263] INFO    (base_engine-78): Epc: 0/50, val_loss:100000000.0
[2021-07-04 14:51:18,790] INFO    (base_engine-102): New min Val loss 0.21306524625638637 at [000]
[2021-07-04 14:51:18,811] INFO    (base_engine-105): leanring rate = [0.0001]
[2021-07-04 14:51:18,812] INFO    (base_engine-78): Epc: 1/50, val_loss:0.21306524625638637
[2021-07-04 14:51:21,362] INFO    (base_engine-105): leanring rate = [0.0001]
[2021-07-04 14:51:21,362] INFO    (base_engine-78): Epc: 2/50, val_loss:0.21306524625638637
[2021-07-04 14:51:23,866] INFO    (base_engine-105): leanring rate = [0.0001]
[2021-07-04 14:51:23,866] INFO    (base_engine-78): Epc: 3/50, val_loss:0.21306524625638637
[2021-07-04 14:51:26,377] INFO    (base_engine-105): leanring rate = [0.0001]
[2021-07-04 14:51:26,378] INFO    (base_engine-78): Epc: 4/50, val_loss:0.21306524625638637
[2021-07-04 14:51:28,857] INFO    (base_engine-105): leanring rate = [0.0001]
[2021-07-04 14:51:28,858] INFO    (base_engine-78): Epc: 5/50, val_loss:0.21306524625638637
[2021-07-04 14:51:31,370] INFO    (base_engine-105): leanring rate = [0.0001]
[2021-07-04 14:51:31,371] INFO    (base_engine-78): Epc: 6/50, val_loss:0.21306524625638637
[2021-07-04 14:51:33,860] INFO    (base_engine-105): leanring rate = [1e-05]
[2021-07-04 14:51:33,861] WARNING (base_engine-107): Out of patience and reached lowest learning rate.
[2021-07-04 14:51:33,866] INFO    (engine-66): Resume from 0 epoch
[2021-07-04 14:51:34,278] INFO    (main_cnn-88): Runing ISSUE04_EXP03_02 | eval on ['38', '39', '40', '48', '49', '50']
[2021-07-04 14:51:34,281] INFO    (fnirs-68): {'BH': 430, 'BL': 417, 'LH': 408, 'LL': 408, 'RH': 432, 'RL': 431}
[2021-07-04 14:51:34,282] INFO    (fnirs-68): {'BH': 108, 'BL': 102, 'LH': 107, 'LL': 105, 'RH': 102, 'RL': 108}
[2021-07-04 14:51:34,284] INFO    (fnirs-68): {'BH': 108, 'BL': 102, 'LH': 107, 'LL': 105, 'RH': 102, 'RL': 108}
[2021-07-04 14:51:34,289] INFO    (base_engine-64): Train >>> ISSUE04_EXP03_02
[2021-07-04 14:51:34,290] INFO    (base_engine-78): Epc: 0/50, val_loss:100000000.0
[2021-07-04 14:51:36,776] INFO    (base_engine-102): New min Val loss 0.2676932597771669 at [000]
[2021-07-04 14:51:36,796] INFO    (base_engine-105): leanring rate = [0.0001]
[2021-07-04 14:51:36,796] INFO    (base_engine-78): Epc: 1/50, val_loss:0.2676932597771669
[2021-07-04 14:51:39,273] INFO    (base_engine-105): leanring rate = [0.0001]
[2021-07-04 14:51:39,273] INFO    (base_engine-78): Epc: 2/50, val_loss:0.2676932597771669
[2021-07-04 14:51:41,713] INFO    (base_engine-105): leanring rate = [0.0001]
[2021-07-04 14:51:41,714] INFO    (base_engine-78): Epc: 3/50, val_loss:0.2676932597771669
[2021-07-04 14:51:44,162] INFO    (base_engine-105): leanring rate = [0.0001]
[2021-07-04 14:51:44,162] INFO    (base_engine-78): Epc: 4/50, val_loss:0.2676932597771669
[2021-07-04 14:51:46,613] INFO    (base_engine-105): leanring rate = [0.0001]
[2021-07-04 14:51:46,614] INFO    (base_engine-78): Epc: 5/50, val_loss:0.2676932597771669
[2021-07-04 14:51:49,048] INFO    (base_engine-105): leanring rate = [0.0001]
[2021-07-04 14:51:49,049] INFO    (base_engine-78): Epc: 6/50, val_loss:0.2676932597771669
[2021-07-04 14:51:51,492] INFO    (base_engine-105): leanring rate = [1e-05]
[2021-07-04 14:51:51,492] WARNING (base_engine-107): Out of patience and reached lowest learning rate.
[2021-07-04 14:51:51,498] INFO    (engine-66): Resume from 0 epoch
[2021-07-04 14:51:51,934] INFO    (main_cnn-88): Runing ISSUE04_EXP03_03 | eval on ['20', '21', '22', '45', '46', '47']
[2021-07-04 14:51:51,937] INFO    (fnirs-68): {'BH': 431, 'BL': 417, 'LH': 430, 'LL': 414, 'RH': 408, 'RL': 432}
[2021-07-04 14:51:51,939] INFO    (fnirs-68): {'BH': 107, 'BL': 108, 'LH': 108, 'LL': 102, 'RH': 108, 'RL': 107}
[2021-07-04 14:51:51,940] INFO    (fnirs-68): {'BH': 107, 'BL': 108, 'LH': 108, 'LL': 102, 'RH': 108, 'RL': 107}
[2021-07-04 14:51:51,945] INFO    (base_engine-64): Train >>> ISSUE04_EXP03_03
[2021-07-04 14:51:51,946] INFO    (base_engine-78): Epc: 0/50, val_loss:100000000.0
[2021-07-04 14:51:54,426] INFO    (base_engine-102): New min Val loss 0.28739322760166264 at [000]
[2021-07-04 14:51:54,433] INFO    (base_engine-105): leanring rate = [0.0001]
[2021-07-04 14:51:54,434] INFO    (base_engine-78): Epc: 1/50, val_loss:0.28739322760166264
[2021-07-04 14:51:56,917] INFO    (base_engine-105): leanring rate = [0.0001]
[2021-07-04 14:51:56,918] INFO    (base_engine-78): Epc: 2/50, val_loss:0.28739322760166264
[2021-07-04 14:51:59,405] INFO    (base_engine-105): leanring rate = [0.0001]
[2021-07-04 14:51:59,405] INFO    (base_engine-78): Epc: 3/50, val_loss:0.28739322760166264
[2021-07-04 14:52:01,891] INFO    (base_engine-105): leanring rate = [0.0001]
[2021-07-04 14:52:01,891] INFO    (base_engine-78): Epc: 4/50, val_loss:0.28739322760166264
[2021-07-04 14:52:04,374] INFO    (base_engine-105): leanring rate = [0.0001]
[2021-07-04 14:52:04,374] INFO    (base_engine-78): Epc: 5/50, val_loss:0.28739322760166264
[2021-07-04 14:52:06,941] INFO    (base_engine-105): leanring rate = [0.0001]
[2021-07-04 14:52:06,941] INFO    (base_engine-78): Epc: 6/50, val_loss:0.28739322760166264
[2021-07-04 14:52:09,429] INFO    (base_engine-105): leanring rate = [1e-05]
[2021-07-04 14:52:09,430] WARNING (base_engine-107): Out of patience and reached lowest learning rate.
[2021-07-04 14:52:09,435] INFO    (engine-66): Resume from 0 epoch
[2021-07-04 14:52:09,919] INFO    (main_cnn-88): Runing ISSUE04_EXP03_04 | eval on ['29', '30', '31', '1', '2', '3']
[2021-07-04 14:52:09,923] INFO    (fnirs-68): {'BH': 431, 'BL': 428, 'LH': 408, 'LL': 414, 'RH': 408, 'RL': 431}
[2021-07-04 14:52:09,924] INFO    (fnirs-68): {'BH': 102, 'BL': 102, 'LH': 102, 'LL': 107, 'RH': 102, 'RL': 102}
[2021-07-04 14:52:09,926] INFO    (fnirs-68): {'BH': 102, 'BL': 102, 'LH': 102, 'LL': 107, 'RH': 102, 'RL': 102}
[2021-07-04 14:52:09,931] INFO    (base_engine-64): Train >>> ISSUE04_EXP03_04
[2021-07-04 14:52:09,931] INFO    (base_engine-78): Epc: 0/50, val_loss:100000000.0
[2021-07-04 14:52:12,401] INFO    (base_engine-102): New min Val loss 0.25931962636800915 at [000]
[2021-07-04 14:52:12,418] INFO    (base_engine-105): leanring rate = [0.0001]
[2021-07-04 14:52:12,419] INFO    (base_engine-78): Epc: 1/50, val_loss:0.25931962636800915
[2021-07-04 14:52:14,867] INFO    (base_engine-105): leanring rate = [0.0001]
[2021-07-04 14:52:14,868] INFO    (base_engine-78): Epc: 2/50, val_loss:0.25931962636800915
[2021-07-04 14:52:17,287] INFO    (base_engine-105): leanring rate = [0.0001]
[2021-07-04 14:52:17,287] INFO    (base_engine-78): Epc: 3/50, val_loss:0.25931962636800915
[2021-07-04 14:52:19,717] INFO    (base_engine-105): leanring rate = [0.0001]
[2021-07-04 14:52:19,717] INFO    (base_engine-78): Epc: 4/50, val_loss:0.25931962636800915
[2021-07-04 14:52:22,137] INFO    (base_engine-105): leanring rate = [0.0001]
[2021-07-04 14:52:22,138] INFO    (base_engine-78): Epc: 5/50, val_loss:0.25931962636800915
[2021-07-04 14:52:24,567] INFO    (base_engine-105): leanring rate = [0.0001]
[2021-07-04 14:52:24,568] INFO    (base_engine-78): Epc: 6/50, val_loss:0.25931962636800915
[2021-07-04 14:52:26,997] INFO    (base_engine-105): leanring rate = [1e-05]
[2021-07-04 14:52:26,998] WARNING (base_engine-107): Out of patience and reached lowest learning rate.
[2021-07-04 14:52:27,003] INFO    (engine-66): Resume from 0 epoch
[2021-07-04 14:52:27,436] INFO    (engine-71): ACCURACY_ISSUE04_EXP03 = 0.3254654255319149 
[2021-07-04 14:52:27,437] INFO    (engine-72): Precision_ISSUE04_EXP03 = [0.3512931  0.17075564 0.45146089] 
[2021-07-04 14:52:27,438] INFO    (engine-73): RECALL_ISSUE04_EXP03 = [0.33231397 0.33333333 0.31827243] 
[2021-07-04 14:52:27,438] INFO    (engine-74): F1_ISSUE04_EXP03 = [0.34154007 0.22582738 0.37334373] 
[2021-07-04 14:52:54,954] INFO    (main_cnn-88): Runing ISSUE04_EXP03_00 | eval on ['23', '24', '25', '51', '18', '19', '28']
[2021-07-04 14:52:54,977] INFO    (fnirs-68): {'BH': 412, 'BL': 403, 'LH': 391, 'LL': 396, 'RH': 414, 'RL': 413}
[2021-07-04 14:52:54,997] INFO    (fnirs-68): {'BH': 126, 'BL': 122, 'LH': 126, 'LL': 119, 'RH': 119, 'RL': 119}
[2021-07-04 14:52:55,016] INFO    (fnirs-68): {'BH': 126, 'BL': 122, 'LH': 126, 'LL': 119, 'RH': 119, 'RL': 119}
[2021-07-04 14:52:57,162] INFO    (base_engine-64): Train >>> ISSUE04_EXP03_00
[2021-07-04 14:52:57,178] INFO    (base_engine-78): Epc: 0/50, val_loss:100000000.0
[2021-07-04 14:53:03,051] INFO    (base_engine-102): New min Val loss 0.3348603715767732 at [000]
[2021-07-04 14:53:03,079] INFO    (base_engine-105): leanring rate = [0.001]
[2021-07-04 14:53:03,095] INFO    (base_engine-78): Epc: 1/50, val_loss:0.3348603715767732
[2021-07-04 14:53:08,988] INFO    (base_engine-105): leanring rate = [0.001]
[2021-07-04 14:53:09,004] INFO    (base_engine-78): Epc: 2/50, val_loss:0.3348603715767732
[2021-07-04 14:53:14,836] INFO    (base_engine-105): leanring rate = [0.001]
[2021-07-04 14:53:14,852] INFO    (base_engine-78): Epc: 3/50, val_loss:0.3348603715767732
[2021-07-04 14:53:20,660] INFO    (base_engine-105): leanring rate = [0.001]
[2021-07-04 14:53:20,676] INFO    (base_engine-78): Epc: 4/50, val_loss:0.3348603715767732
[2021-07-04 14:53:26,504] INFO    (base_engine-105): leanring rate = [0.001]
[2021-07-04 14:53:26,520] INFO    (base_engine-78): Epc: 5/50, val_loss:0.3348603715767732
[2021-07-04 14:53:32,353] INFO    (base_engine-105): leanring rate = [0.001]
[2021-07-04 14:53:32,369] INFO    (base_engine-78): Epc: 6/50, val_loss:0.3348603715767732
[2021-07-04 14:53:38,203] INFO    (base_engine-105): leanring rate = [0.0001]
[2021-07-04 14:53:38,219] INFO    (base_engine-78): Epc: 7/50, val_loss:0.3348603715767732
[2021-07-04 14:53:44,060] INFO    (base_engine-105): leanring rate = [0.0001]
[2021-07-04 14:53:44,075] INFO    (base_engine-78): Epc: 8/50, val_loss:0.3348603715767732
[2021-07-04 14:53:49,914] INFO    (base_engine-105): leanring rate = [0.0001]
[2021-07-04 14:53:49,930] INFO    (base_engine-78): Epc: 9/50, val_loss:0.3348603715767732
[2021-07-04 14:53:55,788] INFO    (base_engine-105): leanring rate = [0.0001]
[2021-07-04 14:53:55,804] INFO    (base_engine-78): Epc: 10/50, val_loss:0.3348603715767732
[2021-07-04 14:54:01,617] INFO    (base_engine-105): leanring rate = [0.0001]
[2021-07-04 14:54:01,634] INFO    (base_engine-78): Epc: 11/50, val_loss:0.3348603715767732
[2021-07-04 14:54:07,412] INFO    (base_engine-105): leanring rate = [0.0001]
[2021-07-04 14:54:07,428] INFO    (base_engine-78): Epc: 12/50, val_loss:0.3348603715767732
[2021-07-04 14:54:13,240] INFO    (base_engine-105): leanring rate = [1e-05]
[2021-07-04 14:54:13,256] WARNING (base_engine-107): Out of patience and reached lowest learning rate.
[2021-07-04 14:54:13,281] INFO    (engine-66): Resume from 0 epoch
[2021-07-04 14:54:14,615] INFO    (main_cnn-88): Runing ISSUE04_EXP03_01 | eval on ['34', '35', '36', '41', '42']
[2021-07-04 14:54:14,637] INFO    (fnirs-68): {'BH': 448, 'BL': 435, 'LH': 448, 'LL': 432, 'RH': 425, 'RL': 449}
[2021-07-04 14:54:14,655] INFO    (fnirs-68): {'BH': 90, 'BL': 90, 'LH': 85, 'LL': 90, 'RH': 90, 'RL': 90}
[2021-07-04 14:54:14,674] INFO    (fnirs-68): {'BH': 90, 'BL': 90, 'LH': 85, 'LL': 90, 'RH': 90, 'RL': 90}
[2021-07-04 14:54:14,697] INFO    (base_engine-64): Train >>> ISSUE04_EXP03_01
[2021-07-04 14:54:14,713] INFO    (base_engine-78): Epc: 0/50, val_loss:100000000.0
[2021-07-04 14:54:20,634] INFO    (base_engine-102): New min Val loss 0.21600395441055298 at [000]
[2021-07-04 14:54:20,671] INFO    (base_engine-105): leanring rate = [0.001]
[2021-07-04 14:54:20,686] INFO    (base_engine-78): Epc: 1/50, val_loss:0.21600395441055298
[2021-07-04 14:54:26,638] INFO    (base_engine-105): leanring rate = [0.001]
[2021-07-04 14:54:26,653] INFO    (base_engine-78): Epc: 2/50, val_loss:0.21600395441055298
[2021-07-04 14:54:32,551] INFO    (base_engine-105): leanring rate = [0.001]
[2021-07-04 14:54:32,566] INFO    (base_engine-78): Epc: 3/50, val_loss:0.21600395441055298
[2021-07-04 14:54:38,461] INFO    (base_engine-105): leanring rate = [0.001]
[2021-07-04 14:54:38,477] INFO    (base_engine-78): Epc: 4/50, val_loss:0.21600395441055298
[2021-07-04 14:54:44,370] INFO    (base_engine-105): leanring rate = [0.001]
[2021-07-04 14:54:44,385] INFO    (base_engine-78): Epc: 5/50, val_loss:0.21600395441055298
[2021-07-04 14:54:50,273] INFO    (base_engine-105): leanring rate = [0.001]
[2021-07-04 14:54:50,289] INFO    (base_engine-78): Epc: 6/50, val_loss:0.21600395441055298
[2021-07-04 14:54:56,234] INFO    (base_engine-105): leanring rate = [0.0001]
[2021-07-04 14:54:56,250] INFO    (base_engine-78): Epc: 7/50, val_loss:0.21600395441055298
[2021-07-04 14:55:02,226] INFO    (base_engine-105): leanring rate = [0.0001]
[2021-07-04 14:55:02,241] INFO    (base_engine-78): Epc: 8/50, val_loss:0.21600395441055298
[2021-07-04 14:55:08,219] INFO    (base_engine-105): leanring rate = [0.0001]
[2021-07-04 14:55:08,234] INFO    (base_engine-78): Epc: 9/50, val_loss:0.21600395441055298
[2021-07-04 14:55:14,241] INFO    (base_engine-105): leanring rate = [0.0001]
[2021-07-04 14:55:14,256] INFO    (base_engine-78): Epc: 10/50, val_loss:0.21600395441055298
[2021-07-04 14:55:20,201] INFO    (base_engine-105): leanring rate = [0.0001]
[2021-07-04 14:55:20,216] INFO    (base_engine-78): Epc: 11/50, val_loss:0.21600395441055298
[2021-07-04 14:55:26,158] INFO    (base_engine-105): leanring rate = [0.0001]
[2021-07-04 14:55:26,173] INFO    (base_engine-78): Epc: 12/50, val_loss:0.21600395441055298
[2021-07-04 14:55:32,115] INFO    (base_engine-105): leanring rate = [1e-05]
[2021-07-04 14:55:32,131] WARNING (base_engine-107): Out of patience and reached lowest learning rate.
[2021-07-04 14:55:32,154] INFO    (engine-66): Resume from 0 epoch
[2021-07-04 14:55:33,114] INFO    (main_cnn-88): Runing ISSUE04_EXP03_02 | eval on ['38', '39', '40', '48', '49', '50']
[2021-07-04 14:55:33,135] INFO    (fnirs-68): {'BH': 430, 'BL': 417, 'LH': 408, 'LL': 408, 'RH': 432, 'RL': 431}
[2021-07-04 14:55:33,154] INFO    (fnirs-68): {'BH': 108, 'BL': 102, 'LH': 107, 'LL': 105, 'RH': 102, 'RL': 108}
[2021-07-04 14:55:33,173] INFO    (fnirs-68): {'BH': 108, 'BL': 102, 'LH': 107, 'LL': 105, 'RH': 102, 'RL': 108}
[2021-07-04 14:55:33,196] INFO    (base_engine-64): Train >>> ISSUE04_EXP03_02
[2021-07-04 14:55:33,212] INFO    (base_engine-78): Epc: 0/50, val_loss:100000000.0
[2021-07-04 14:55:39,029] INFO    (base_engine-102): New min Val loss 0.34767701075627255 at [000]
[2021-07-04 14:55:39,064] INFO    (base_engine-105): leanring rate = [0.001]
[2021-07-04 14:55:39,080] INFO    (base_engine-78): Epc: 1/50, val_loss:0.34767701075627255
[2021-07-04 14:55:44,945] INFO    (base_engine-105): leanring rate = [0.001]
[2021-07-04 14:55:44,961] INFO    (base_engine-78): Epc: 2/50, val_loss:0.34767701075627255
[2021-07-04 14:55:50,822] INFO    (base_engine-105): leanring rate = [0.001]
[2021-07-04 14:55:50,838] INFO    (base_engine-78): Epc: 3/50, val_loss:0.34767701075627255
[2021-07-04 14:55:56,661] INFO    (base_engine-105): leanring rate = [0.001]
[2021-07-04 14:55:56,677] INFO    (base_engine-78): Epc: 4/50, val_loss:0.34767701075627255
[2021-07-04 14:56:02,487] INFO    (base_engine-105): leanring rate = [0.001]
[2021-07-04 14:56:02,502] INFO    (base_engine-78): Epc: 5/50, val_loss:0.34767701075627255
[2021-07-04 14:56:08,299] INFO    (base_engine-105): leanring rate = [0.001]
[2021-07-04 14:56:08,314] INFO    (base_engine-78): Epc: 6/50, val_loss:0.34767701075627255
[2021-07-04 14:56:14,112] INFO    (base_engine-105): leanring rate = [0.0001]
[2021-07-04 14:56:14,127] INFO    (base_engine-78): Epc: 7/50, val_loss:0.34767701075627255
[2021-07-04 14:56:19,936] INFO    (base_engine-105): leanring rate = [0.0001]
[2021-07-04 14:56:19,955] INFO    (base_engine-78): Epc: 8/50, val_loss:0.34767701075627255
[2021-07-04 14:56:25,824] INFO    (base_engine-105): leanring rate = [0.0001]
[2021-07-04 14:56:25,840] INFO    (base_engine-78): Epc: 9/50, val_loss:0.34767701075627255
[2021-07-04 14:56:31,658] INFO    (base_engine-105): leanring rate = [0.0001]
[2021-07-04 14:56:31,673] INFO    (base_engine-78): Epc: 10/50, val_loss:0.34767701075627255
[2021-07-04 14:56:37,489] INFO    (base_engine-105): leanring rate = [0.0001]
[2021-07-04 14:56:37,504] INFO    (base_engine-78): Epc: 11/50, val_loss:0.34767701075627255
[2021-07-04 14:56:43,320] INFO    (base_engine-105): leanring rate = [0.0001]
[2021-07-04 14:56:43,335] INFO    (base_engine-78): Epc: 12/50, val_loss:0.34767701075627255
[2021-07-04 14:56:49,139] INFO    (base_engine-105): leanring rate = [1e-05]
[2021-07-04 14:56:49,155] WARNING (base_engine-107): Out of patience and reached lowest learning rate.
[2021-07-04 14:56:49,178] INFO    (engine-66): Resume from 0 epoch
[2021-07-04 14:56:50,271] INFO    (main_cnn-88): Runing ISSUE04_EXP03_03 | eval on ['20', '21', '22', '45', '46', '47']
[2021-07-04 14:56:50,296] INFO    (fnirs-68): {'BH': 431, 'BL': 417, 'LH': 430, 'LL': 414, 'RH': 408, 'RL': 432}
[2021-07-04 14:56:50,315] INFO    (fnirs-68): {'BH': 107, 'BL': 108, 'LH': 108, 'LL': 102, 'RH': 108, 'RL': 107}
[2021-07-04 14:56:50,334] INFO    (fnirs-68): {'BH': 107, 'BL': 108, 'LH': 108, 'LL': 102, 'RH': 108, 'RL': 107}
[2021-07-04 14:56:50,358] INFO    (base_engine-64): Train >>> ISSUE04_EXP03_03
[2021-07-04 14:56:50,376] INFO    (base_engine-78): Epc: 0/50, val_loss:100000000.0
[2021-07-04 14:56:56,367] INFO    (base_engine-102): New min Val loss 0.29931949652158296 at [000]
[2021-07-04 14:56:56,403] INFO    (base_engine-105): leanring rate = [0.001]
[2021-07-04 14:56:56,419] INFO    (base_engine-78): Epc: 1/50, val_loss:0.29931949652158296
[2021-07-04 14:57:02,376] INFO    (base_engine-105): leanring rate = [0.001]
[2021-07-04 14:57:02,393] INFO    (base_engine-78): Epc: 2/50, val_loss:0.29931949652158296
[2021-07-04 14:57:08,357] INFO    (base_engine-105): leanring rate = [0.001]
[2021-07-04 14:57:08,373] INFO    (base_engine-78): Epc: 3/50, val_loss:0.29931949652158296
[2021-07-04 14:57:14,382] INFO    (base_engine-105): leanring rate = [0.001]
[2021-07-04 14:57:14,397] INFO    (base_engine-78): Epc: 4/50, val_loss:0.29931949652158296
[2021-07-04 14:57:20,364] INFO    (base_engine-105): leanring rate = [0.001]
[2021-07-04 14:57:20,380] INFO    (base_engine-78): Epc: 5/50, val_loss:0.29931949652158296
[2021-07-04 14:57:26,352] INFO    (base_engine-105): leanring rate = [0.001]
[2021-07-04 14:57:26,367] INFO    (base_engine-78): Epc: 6/50, val_loss:0.29931949652158296
[2021-07-04 14:57:32,341] INFO    (base_engine-105): leanring rate = [0.0001]
[2021-07-04 14:57:32,356] INFO    (base_engine-78): Epc: 7/50, val_loss:0.29931949652158296
[2021-07-04 14:57:38,345] INFO    (base_engine-105): leanring rate = [0.0001]
[2021-07-04 14:57:38,361] INFO    (base_engine-78): Epc: 8/50, val_loss:0.29931949652158296
[2021-07-04 14:57:44,403] INFO    (base_engine-105): leanring rate = [0.0001]
[2021-07-04 14:57:44,418] INFO    (base_engine-78): Epc: 9/50, val_loss:0.29931949652158296
[2021-07-04 14:57:50,395] INFO    (base_engine-105): leanring rate = [0.0001]
[2021-07-04 14:57:50,410] INFO    (base_engine-78): Epc: 10/50, val_loss:0.29931949652158296
[2021-07-04 14:57:56,384] INFO    (base_engine-105): leanring rate = [0.0001]
[2021-07-04 14:57:56,399] INFO    (base_engine-78): Epc: 11/50, val_loss:0.29931949652158296
[2021-07-04 14:58:02,365] INFO    (base_engine-105): leanring rate = [0.0001]
[2021-07-04 14:58:02,380] INFO    (base_engine-78): Epc: 12/50, val_loss:0.29931949652158296
[2021-07-04 14:58:08,345] INFO    (base_engine-105): leanring rate = [1e-05]
[2021-07-04 14:58:08,360] WARNING (base_engine-107): Out of patience and reached lowest learning rate.
[2021-07-04 14:58:08,384] INFO    (engine-66): Resume from 0 epoch
[2021-07-04 14:58:09,594] INFO    (main_cnn-88): Runing ISSUE04_EXP03_04 | eval on ['29', '30', '31', '1', '2', '3']
[2021-07-04 14:58:09,616] INFO    (fnirs-68): {'BH': 431, 'BL': 428, 'LH': 408, 'LL': 414, 'RH': 408, 'RL': 431}
[2021-07-04 14:58:09,635] INFO    (fnirs-68): {'BH': 102, 'BL': 102, 'LH': 102, 'LL': 107, 'RH': 102, 'RL': 102}
[2021-07-04 14:58:09,654] INFO    (fnirs-68): {'BH': 102, 'BL': 102, 'LH': 102, 'LL': 107, 'RH': 102, 'RL': 102}
[2021-07-04 14:58:09,678] INFO    (base_engine-64): Train >>> ISSUE04_EXP03_04
[2021-07-04 14:58:09,693] INFO    (base_engine-78): Epc: 0/50, val_loss:100000000.0
[2021-07-04 14:58:15,528] INFO    (base_engine-102): New min Val loss 0.2925917215836354 at [000]
[2021-07-04 14:58:15,564] INFO    (base_engine-105): leanring rate = [0.001]
[2021-07-04 14:58:15,580] INFO    (base_engine-78): Epc: 1/50, val_loss:0.2925917215836354
[2021-07-04 14:58:21,403] INFO    (base_engine-105): leanring rate = [0.001]
[2021-07-04 14:58:21,419] INFO    (base_engine-78): Epc: 2/50, val_loss:0.2925917215836354
[2021-07-04 14:58:27,236] INFO    (base_engine-105): leanring rate = [0.001]
[2021-07-04 14:58:27,252] INFO    (base_engine-78): Epc: 3/50, val_loss:0.2925917215836354
[2021-07-04 14:58:33,082] INFO    (base_engine-105): leanring rate = [0.001]
[2021-07-04 14:58:33,098] INFO    (base_engine-78): Epc: 4/50, val_loss:0.2925917215836354
[2021-07-04 14:58:38,972] INFO    (base_engine-105): leanring rate = [0.001]
[2021-07-04 14:58:38,987] INFO    (base_engine-78): Epc: 5/50, val_loss:0.2925917215836354
[2021-07-04 14:58:44,847] INFO    (base_engine-105): leanring rate = [0.001]
[2021-07-04 14:58:44,862] INFO    (base_engine-78): Epc: 6/50, val_loss:0.2925917215836354
[2021-07-04 14:58:50,651] INFO    (base_engine-105): leanring rate = [0.0001]
[2021-07-04 14:58:50,666] INFO    (base_engine-78): Epc: 7/50, val_loss:0.2925917215836354
[2021-07-04 14:58:56,467] INFO    (base_engine-105): leanring rate = [0.0001]
[2021-07-04 14:58:56,483] INFO    (base_engine-78): Epc: 8/50, val_loss:0.2925917215836354
[2021-07-04 14:59:02,300] INFO    (base_engine-105): leanring rate = [0.0001]
[2021-07-04 14:59:02,316] INFO    (base_engine-78): Epc: 9/50, val_loss:0.2925917215836354
[2021-07-04 14:59:08,085] INFO    (base_engine-105): leanring rate = [0.0001]
[2021-07-04 14:59:08,101] INFO    (base_engine-78): Epc: 10/50, val_loss:0.2925917215836354
[2021-07-04 14:59:13,874] INFO    (base_engine-105): leanring rate = [0.0001]
[2021-07-04 14:59:13,889] INFO    (base_engine-78): Epc: 11/50, val_loss:0.2925917215836354
[2021-07-04 14:59:19,652] INFO    (base_engine-105): leanring rate = [0.0001]
[2021-07-04 14:59:19,668] INFO    (base_engine-78): Epc: 12/50, val_loss:0.2925917215836354
[2021-07-04 14:59:25,434] INFO    (base_engine-105): leanring rate = [1e-05]
[2021-07-04 14:59:25,450] WARNING (base_engine-107): Out of patience and reached lowest learning rate.
[2021-07-04 14:59:25,472] INFO    (engine-66): Resume from 0 epoch
[2021-07-04 14:59:26,545] INFO    (engine-71): ACCURACY_ISSUE04_EXP03 = 0.31117021276595747 
[2021-07-04 14:59:26,565] INFO    (engine-72): Precision_ISSUE04_EXP03 = [0.44396552 0.26300294 0.24128181] 
[2021-07-04 14:59:26,583] INFO    (engine-73): RECALL_ISSUE04_EXP03 = [0.35304199 0.28663102 0.28256071] 
[2021-07-04 14:59:26,599] INFO    (engine-74): F1_ISSUE04_EXP03 = [0.39331742 0.27430911 0.26029487] 
