[2021-06-09 01:21:20,414] INFO    (main_static_test-253): Runing ISSUE02_EXP01_00 | eval on ['2012', '8213', '8206']
[2021-06-09 01:21:20,468] INFO    (fnirs-66): {'rt': 4370, 'anb': 9272, 'ewm': 9044, 'gng': 4370}
[2021-06-09 01:21:20,495] INFO    (fnirs-66): {'gng': 690, 'anb': 1464, 'rt': 690, 'ewm': 1428}
[2021-06-09 01:21:20,520] INFO    (fnirs-66): {'gng': 690, 'anb': 1464, 'rt': 690, 'ewm': 1428}
[2021-06-09 01:24:08,130] INFO    (main_static_test-253): Runing ISSUE02_EXP01_00 | eval on ['2012', '8213', '8206']
[2021-06-09 01:24:08,183] INFO    (fnirs-66): {'rt': 4370, 'anb': 9272, 'ewm': 9044, 'gng': 4370}
[2021-06-09 01:24:08,208] INFO    (fnirs-66): {'gng': 690, 'anb': 1464, 'rt': 690, 'ewm': 1428}
[2021-06-09 01:24:08,233] INFO    (fnirs-66): {'gng': 690, 'anb': 1464, 'rt': 690, 'ewm': 1428}
[2021-06-09 01:24:10,387] INFO    (base_engine-64): Train >>> ISSUE02_EXP01_00
[2021-06-09 01:24:10,403] INFO    (base_engine-78): Epc: 0/50, val_loss:100000000.0
[2021-06-09 01:24:35,151] INFO    (main_static_test-253): Runing ISSUE02_EXP01_00 | eval on ['2012', '8213', '8206']
[2021-06-09 01:24:35,202] INFO    (fnirs-66): {'rt': 4370, 'anb': 9272, 'ewm': 9044, 'gng': 4370}
[2021-06-09 01:24:35,228] INFO    (fnirs-66): {'gng': 690, 'anb': 1464, 'rt': 690, 'ewm': 1428}
[2021-06-09 01:24:35,253] INFO    (fnirs-66): {'gng': 690, 'anb': 1464, 'rt': 690, 'ewm': 1428}
[2021-06-09 01:24:37,380] INFO    (base_engine-64): Train >>> ISSUE02_EXP01_00
[2021-06-09 01:24:37,395] INFO    (base_engine-78): Epc: 0/50, val_loss:100000000.0
[2021-06-09 03:21:32,254] INFO    (main_static_test-253): Runing P_00_ISSUE02_EXP01_00 | eval on ['2012', '8213', '8206']
[2021-06-09 03:21:32,307] INFO    (fnirs-66): {'rt': 4370, 'anb': 9272, 'ewm': 9044, 'gng': 4370}
[2021-06-09 03:21:32,332] INFO    (fnirs-66): {'gng': 690, 'anb': 1464, 'rt': 690, 'ewm': 1428}
[2021-06-09 03:21:32,358] INFO    (fnirs-66): {'gng': 690, 'anb': 1464, 'rt': 690, 'ewm': 1428}
[2021-06-09 03:21:34,494] INFO    (base_engine-64): Train >>> P_00_ISSUE02_EXP01_00
[2021-06-09 03:21:34,510] INFO    (base_engine-78): Epc: 0/50, val_loss:100000000.0
