[2021-06-06 03:01:14,516] INFO    (main_entry-253): Runing ISSUE01_EXP04_00 | eval on ['2012', '8213', '8206']
[2021-06-06 03:01:19,345] INFO    (fnirs-66): {'anb': 3815, 'ewm': 3703, 'rt': 1771, 'gng': 1803}
[2021-06-06 03:01:19,372] INFO    (fnirs-66): {'anb': 574, 'ewm': 574, 'gng': 287, 'rt': 316}
[2021-06-06 03:01:19,398] INFO    (fnirs-66): {'anb': 574, 'ewm': 574, 'gng': 287, 'rt': 316}
[2021-06-06 03:02:32,915] INFO    (main_entry-180): Runing ISSUE01_EXP04_00 | eval ids : ['2001']
[2021-06-06 03:02:32,951] INFO    (fnirs-66): {'anb': 4177, 'ewm': 4079, 'rt': 2008, 'gng': 1996}
[2021-06-06 03:02:32,973] INFO    (fnirs-66): {'anb': 194, 'rt': 91, 'ewm': 196, 'gng': 102}
[2021-06-06 03:02:32,994] INFO    (fnirs-66): {'anb': 194, 'rt': 91, 'ewm': 196, 'gng': 102}
[2021-06-06 13:41:51,670] INFO    (main_entry-229): Runing ISSUE01_EXP04_00 | eval on ['2012', '8213', '8206']
[2021-06-06 13:41:51,704] INFO    (fnirs-66): {'anb': 3815, 'ewm': 3703, 'rt': 1771, 'gng': 1803}
[2021-06-06 13:41:51,728] INFO    (fnirs-66): {'anb': 574, 'ewm': 574, 'gng': 287, 'rt': 316}
[2021-06-06 13:41:51,750] INFO    (fnirs-66): {'anb': 574, 'ewm': 574, 'gng': 287, 'rt': 316}
[2021-06-06 13:41:53,918] INFO    (engine-73): Resume from 13 epoch
[2021-06-06 13:42:02,184] INFO    (main_entry-229): Runing ISSUE01_EXP04_01 | eval on ['8214', '2006', '2017']
[2021-06-06 13:42:02,218] INFO    (fnirs-66): {'ewm': 3652, 'gng': 1800, 'rt': 1840, 'anb': 3800}
[2021-06-06 13:42:02,241] INFO    (fnirs-66): {'anb': 604, 'ewm': 599, 'rt': 272, 'gng': 276}
[2021-06-06 13:42:02,262] INFO    (fnirs-66): {'anb': 604, 'ewm': 599, 'rt': 272, 'gng': 276}
[2021-06-06 13:42:02,302] INFO    (engine-73): Resume from 4 epoch
[2021-06-06 13:42:10,520] INFO    (main_entry-229): Runing ISSUE01_EXP04_02 | eval on ['2001', '8203']
[2021-06-06 13:42:10,554] INFO    (fnirs-66): {'gng': 1927, 'ewm': 3860, 'anb': 4014, 'rt': 1875}
[2021-06-06 13:42:10,575] INFO    (fnirs-66): {'anb': 373, 'ewm': 415, 'gng': 189, 'rt': 190}
[2021-06-06 13:42:10,597] INFO    (fnirs-66): {'anb': 373, 'ewm': 415, 'gng': 189, 'rt': 190}
[2021-06-06 13:42:10,641] INFO    (engine-73): Resume from 3 epoch
[2021-06-06 13:42:16,103] INFO    (main_entry-229): Runing ISSUE01_EXP04_03 | eval on ['2011', '8218']
[2021-06-06 13:42:16,137] INFO    (fnirs-66): {'ewm': 3885, 'gng': 1869, 'anb': 4035, 'rt': 1887}
[2021-06-06 13:42:16,249] INFO    (fnirs-66): {'ewm': 399, 'rt': 166, 'anb': 407, 'gng': 195}
[2021-06-06 13:42:16,270] INFO    (fnirs-66): {'ewm': 399, 'rt': 166, 'anb': 407, 'gng': 195}
[2021-06-06 13:42:16,308] INFO    (engine-73): Resume from 6 epoch
[2021-06-06 13:42:21,758] INFO    (main_entry-229): Runing ISSUE01_EXP04_04 | eval on ['2003', '8204']
[2021-06-06 13:42:21,792] INFO    (fnirs-66): {'ewm': 3905, 'anb': 4009, 'gng': 1894, 'rt': 1868}
[2021-06-06 13:42:21,813] INFO    (fnirs-66): {'anb': 416, 'ewm': 387, 'gng': 176, 'rt': 188}
[2021-06-06 13:42:21,834] INFO    (fnirs-66): {'anb': 416, 'ewm': 387, 'gng': 176, 'rt': 188}
[2021-06-06 13:42:21,873] INFO    (engine-73): Resume from 23 epoch
[2021-06-06 13:42:27,334] INFO    (main_entry-229): Runing ISSUE01_EXP04_05 | eval on ['2014', '2013']
[2021-06-06 13:42:27,369] INFO    (fnirs-66): {'anb': 4011, 'rt': 1859, 'ewm': 3934, 'gng': 1872}
[2021-06-06 13:42:27,393] INFO    (fnirs-66): {'ewm': 382, 'anb': 399, 'rt': 186, 'gng': 200}
[2021-06-06 13:42:27,423] INFO    (fnirs-66): {'ewm': 382, 'anb': 399, 'rt': 186, 'gng': 200}
[2021-06-06 13:42:27,466] INFO    (engine-73): Resume from 2 epoch
[2021-06-06 13:42:32,940] INFO    (main_entry-229): Runing ISSUE01_EXP04_06 | eval on ['8209', '8216']
[2021-06-06 13:42:32,973] INFO    (fnirs-66): {'ewm': 3869, 'gng': 1891, 'anb': 4003, 'rt': 1913}
[2021-06-06 13:42:32,995] INFO    (fnirs-66): {'gng': 182, 'rt': 203, 'anb': 390, 'ewm': 392}
[2021-06-06 13:42:33,016] INFO    (fnirs-66): {'gng': 182, 'rt': 203, 'anb': 390, 'ewm': 392}
[2021-06-06 13:42:33,055] INFO    (engine-73): Resume from 10 epoch
[2021-06-06 13:42:38,574] INFO    (main_entry-229): Runing ISSUE01_EXP04_07 | eval on ['8211', '8208']
[2021-06-06 13:42:38,609] INFO    (fnirs-66): {'anb': 3976, 'ewm': 3905, 'gng': 1889, 'rt': 1906}
[2021-06-06 13:42:38,629] INFO    (fnirs-66): {'gng': 184, 'rt': 199, 'ewm': 397, 'anb': 387}
[2021-06-06 13:42:38,651] INFO    (fnirs-66): {'gng': 184, 'rt': 199, 'ewm': 397, 'anb': 387}
[2021-06-06 13:42:38,689] INFO    (engine-73): Resume from 13 epoch
[2021-06-06 13:42:44,194] INFO    (main_entry-229): Runing ISSUE01_EXP04_08 | eval on ['2015', '8201']
[2021-06-06 13:42:44,227] INFO    (fnirs-66): {'ewm': 3906, 'rt': 1863, 'gng': 1881, 'anb': 4026}
[2021-06-06 13:42:44,248] INFO    (fnirs-66): {'rt': 188, 'ewm': 401, 'gng': 167, 'anb': 411}
[2021-06-06 13:42:44,269] INFO    (fnirs-66): {'rt': 188, 'ewm': 401, 'gng': 167, 'anb': 411}
[2021-06-06 13:42:44,307] INFO    (engine-73): Resume from 5 epoch
[2021-06-06 13:42:49,783] INFO    (main_entry-229): Runing ISSUE01_EXP04_09 | eval on ['8210', '2004']
[2021-06-06 13:42:49,816] INFO    (fnirs-66): {'gng': 1881, 'ewm': 3905, 'anb': 4010, 'rt': 1880}
[2021-06-06 13:42:49,837] INFO    (fnirs-66): {'rt': 185, 'anb': 406, 'gng': 172, 'ewm': 404}
[2021-06-06 13:42:49,859] INFO    (fnirs-66): {'rt': 185, 'anb': 406, 'gng': 172, 'ewm': 404}
[2021-06-06 13:42:49,898] INFO    (engine-73): Resume from 6 epoch
[2021-06-06 13:42:55,370] INFO    (engine-80): ACCURACY_wml = 0.7753314393939394 
[2021-06-06 13:42:55,386] INFO    (engine-81): Precision_wml = [0.83920811 0.71217233 0.77079324] 
[2021-06-06 13:42:55,401] INFO    (engine-82): RECALL_wml = [0.85363458 0.64022399 0.83565137] 
[2021-06-06 13:42:55,417] INFO    (engine-83): F1_wml = [0.84635987 0.67428431 0.80191302] 
[2021-06-06 13:42:55,690] INFO    (engine-80): ACCURACY_vpl = 0.7730429292929293 
[2021-06-06 13:42:55,707] INFO    (engine-81): Precision_vpl = [0.76453118 0.84698118 0.70519783] 
[2021-06-06 13:42:55,722] INFO    (engine-82): RECALL_vpl = [0.83541956 0.8509332  0.63625758] 
[2021-06-06 13:42:55,738] INFO    (engine-83): F1_vpl = [0.79840496 0.84895259 0.66895621] 
[2021-07-06 15:03:18,755] INFO    (main_entry-252): Runing ISSUE01_EXP04_00 | eval on ['2012', '8213', '8206']
[2021-07-06 15:03:19,677] INFO    (fnirs-68): {'anb': 3815, 'ewm': 3703, 'rt': 1771, 'gng': 1803}
[2021-07-06 15:03:19,703] INFO    (fnirs-68): {'anb': 574, 'ewm': 574, 'gng': 287, 'rt': 316}
[2021-07-06 15:03:19,730] INFO    (fnirs-68): {'anb': 574, 'ewm': 574, 'gng': 287, 'rt': 316}
[2021-07-06 15:03:25,580] INFO    (main_entry-259): fold id is 0
[2021-07-06 15:03:27,555] INFO    (engine-168): Resume from 13 epoch
[2021-07-06 15:03:36,892] INFO    (engine-175): ACCURACY_wml = 0.8559027777777778 
[2021-07-06 15:03:36,911] INFO    (engine-176): Precision_wml = [1.         0.75693312 0.82142857] 
[2021-07-06 15:03:36,930] INFO    (engine-177): RECALL_wml = [0.92654424 0.82269504 0.81415929] 
[2021-07-06 15:03:36,949] INFO    (engine-178): F1_wml = [0.96187175 0.7884452  0.81777778] 
[2021-07-06 15:03:37,242] INFO    (engine-175): ACCURACY_vpl = 0.8530092592592593 
[2021-07-06 15:03:37,261] INFO    (engine-176): Precision_vpl = [0.8159292  1.         0.75409836] 
[2021-07-06 15:03:37,281] INFO    (engine-177): RECALL_vpl = [0.8159292  0.92320534 0.81560284] 
[2021-07-06 15:03:37,300] INFO    (engine-178): F1_vpl = [0.8159292  0.96006944 0.78364566] 
[2021-07-06 15:04:56,142] INFO    (main_entry-252): Runing ISSUE01_EXP04_01 | eval on ['8214', '2006', '2017']
[2021-07-06 15:04:56,178] INFO    (fnirs-68): {'ewm': 3652, 'gng': 1800, 'rt': 1840, 'anb': 3800}
[2021-07-06 15:04:56,200] INFO    (fnirs-68): {'anb': 604, 'ewm': 599, 'rt': 272, 'gng': 276}
[2021-07-06 15:04:56,223] INFO    (fnirs-68): {'anb': 604, 'ewm': 599, 'rt': 272, 'gng': 276}
[2021-07-06 15:04:56,264] INFO    (main_entry-259): fold id is 1
[2021-07-06 15:05:17,995] INFO    (engine-168): Resume from 4 epoch
[2021-07-06 15:05:26,162] INFO    (engine-175): ACCURACY_wml = 0.6221064814814815 
[2021-07-06 15:05:26,178] INFO    (engine-176): Precision_wml = [0.60815603 0.46601942 0.71808511] 
[2021-07-06 15:05:26,193] INFO    (engine-177): RECALL_wml = [0.63284133 0.32653061 0.90301003] 
[2021-07-06 15:05:26,209] INFO    (engine-178): F1_wml = [0.62025316 0.384      0.8       ] 
[2021-07-06 15:05:26,447] INFO    (engine-175): ACCURACY_vpl = 0.6336805555555556 
[2021-07-06 15:05:26,463] INFO    (engine-176): Precision_vpl = [0.71447197 0.64990329 0.47522523] 
[2021-07-06 15:05:26,478] INFO    (engine-177): RECALL_vpl = [0.91638796 0.6199262  0.35884354] 
[2021-07-06 15:05:26,494] INFO    (engine-178): F1_vpl = [0.8029304  0.63456091 0.40891473] 
[2021-07-06 15:05:39,786] INFO    (main_entry-252): Runing ISSUE01_EXP04_02 | eval on ['2001', '8203']
[2021-07-06 15:05:39,919] INFO    (fnirs-68): {'gng': 1927, 'ewm': 3860, 'anb': 4014, 'rt': 1875}
[2021-07-06 15:05:39,939] INFO    (fnirs-68): {'anb': 373, 'ewm': 415, 'gng': 189, 'rt': 190}
[2021-07-06 15:05:39,961] INFO    (fnirs-68): {'anb': 373, 'ewm': 415, 'gng': 189, 'rt': 190}
[2021-07-06 15:05:39,986] INFO    (main_entry-259): fold id is 2
[2021-07-06 15:05:40,025] INFO    (engine-168): Resume from 3 epoch
[2021-07-06 15:05:45,466] INFO    (engine-175): ACCURACY_wml = 0.6831597222222222 
[2021-07-06 15:05:45,482] INFO    (engine-176): Precision_wml = [0.951417   0.54810997 0.72136223] 
[2021-07-06 15:05:45,498] INFO    (engine-177): RECALL_wml = [0.62834225 0.7799511  0.63143631] 
[2021-07-06 15:05:45,513] INFO    (engine-178): F1_wml = [0.7568438  0.64379415 0.6734104 ] 
[2021-07-06 15:05:45,751] INFO    (engine-175): ACCURACY_vpl = 0.6909722222222222 
[2021-07-06 15:05:45,766] INFO    (engine-176): Precision_vpl = [0.72011662 0.87084871 0.58178439] 
[2021-07-06 15:05:45,782] INFO    (engine-177): RECALL_vpl = [0.66937669 0.63101604 0.76528117] 
[2021-07-06 15:05:45,798] INFO    (engine-178): F1_vpl = [0.69382022 0.73178295 0.66103485] 
[2021-07-06 15:05:46,031] INFO    (main_entry-252): Runing ISSUE01_EXP04_03 | eval on ['2011', '8218']
[2021-07-06 15:05:46,066] INFO    (fnirs-68): {'ewm': 3885, 'gng': 1869, 'anb': 4035, 'rt': 1887}
[2021-07-06 15:05:46,087] INFO    (fnirs-68): {'ewm': 399, 'rt': 166, 'anb': 407, 'gng': 195}
[2021-07-06 15:05:46,108] INFO    (fnirs-68): {'ewm': 399, 'rt': 166, 'anb': 407, 'gng': 195}
[2021-07-06 15:05:46,132] INFO    (main_entry-259): fold id is 3
[2021-07-06 15:05:46,169] INFO    (engine-168): Resume from 6 epoch
[2021-07-06 15:05:51,829] INFO    (engine-175): ACCURACY_wml = 0.6727430555555556 
[2021-07-06 15:05:51,845] INFO    (engine-176): Precision_wml = [0.61888112 0.58709677 0.77647059] 
[2021-07-06 15:05:51,860] INFO    (engine-177): RECALL_wml = [1.         0.23155216 0.81481481] 
[2021-07-06 15:05:51,876] INFO    (engine-178): F1_wml = [0.76457883 0.33211679 0.79518072] 
[2021-07-06 15:05:52,101] INFO    (engine-175): ACCURACY_vpl = 0.6631944444444444 
[2021-07-06 15:05:52,117] INFO    (engine-176): Precision_vpl = [0.7745098  0.61245675 0.56626506] 
[2021-07-06 15:05:52,132] INFO    (engine-177): RECALL_vpl = [0.78024691 1.         0.23918575] 
[2021-07-06 15:05:52,148] INFO    (engine-178): F1_vpl = [0.77736777 0.75965665 0.33631485] 
[2021-07-06 15:05:52,373] INFO    (main_entry-252): Runing ISSUE01_EXP04_04 | eval on ['2003', '8204']
[2021-07-06 15:05:52,408] INFO    (fnirs-68): {'ewm': 3905, 'anb': 4009, 'gng': 1894, 'rt': 1868}
[2021-07-06 15:05:52,431] INFO    (fnirs-68): {'anb': 416, 'ewm': 387, 'gng': 176, 'rt': 188}
[2021-07-06 15:05:52,456] INFO    (fnirs-68): {'anb': 416, 'ewm': 387, 'gng': 176, 'rt': 188}
[2021-07-06 15:05:52,484] INFO    (main_entry-259): fold id is 4
[2021-07-06 15:05:52,522] INFO    (engine-168): Resume from 23 epoch
[2021-07-06 15:05:58,093] INFO    (engine-175): ACCURACY_wml = 0.8836805555555556 
[2021-07-06 15:05:58,108] INFO    (engine-176): Precision_wml = [1.         0.94909091 0.77055449] 
[2021-07-06 15:05:58,124] INFO    (engine-177): RECALL_wml = [0.98607242 0.68503937 0.97815534] 
[2021-07-06 15:05:58,139] INFO    (engine-178): F1_wml = [0.99298738 0.79573171 0.86203209] 
[2021-07-06 15:05:58,357] INFO    (engine-175): ACCURACY_vpl = 0.8880208333333334 
[2021-07-06 15:05:58,372] INFO    (engine-176): Precision_vpl = [0.77799228 1.         0.95      ] 
[2021-07-06 15:05:58,387] INFO    (engine-177): RECALL_vpl = [0.97815534 0.98607242 0.69816273] 
[2021-07-06 15:05:58,403] INFO    (engine-178): F1_vpl = [0.86666667 0.99298738 0.80484115] 
[2021-07-06 15:05:58,621] INFO    (main_entry-252): Runing ISSUE01_EXP04_05 | eval on ['2014', '2013']
[2021-07-06 15:05:58,659] INFO    (fnirs-68): {'anb': 4011, 'rt': 1859, 'ewm': 3934, 'gng': 1872}
[2021-07-06 15:05:58,685] INFO    (fnirs-68): {'ewm': 382, 'anb': 399, 'rt': 186, 'gng': 200}
[2021-07-06 15:05:58,708] INFO    (fnirs-68): {'ewm': 382, 'anb': 399, 'rt': 186, 'gng': 200}
[2021-07-06 15:05:58,732] INFO    (main_entry-259): fold id is 5
[2021-07-06 15:05:58,775] INFO    (engine-168): Resume from 2 epoch
[2021-07-06 15:06:04,368] INFO    (engine-175): ACCURACY_wml = 0.5598958333333334 
[2021-07-06 15:06:04,383] INFO    (engine-176): Precision_wml = [0.63818182 0.53164557 0.46027397] 
[2021-07-06 15:06:04,398] INFO    (engine-177): RECALL_wml = [0.91884817 0.336      0.42531646] 
[2021-07-06 15:06:04,413] INFO    (engine-178): F1_wml = [0.75321888 0.41176471 0.44210526] 
[2021-07-06 15:06:04,632] INFO    (engine-175): ACCURACY_vpl = 0.5598958333333334 
[2021-07-06 15:06:04,647] INFO    (engine-176): Precision_vpl = [0.47607053 0.72524752 0.46438746] 
[2021-07-06 15:06:04,662] INFO    (engine-177): RECALL_vpl = [0.47848101 0.76701571 0.43466667] 
[2021-07-06 15:06:04,677] INFO    (engine-178): F1_vpl = [0.47727273 0.74554707 0.44903581] 
[2021-07-06 15:06:04,913] INFO    (main_entry-252): Runing ISSUE01_EXP04_06 | eval on ['8209', '8216']
[2021-07-06 15:06:04,951] INFO    (fnirs-68): {'ewm': 3869, 'gng': 1891, 'anb': 4003, 'rt': 1913}
[2021-07-06 15:06:04,973] INFO    (fnirs-68): {'gng': 182, 'rt': 203, 'anb': 390, 'ewm': 392}
[2021-07-06 15:06:04,994] INFO    (fnirs-68): {'gng': 182, 'rt': 203, 'anb': 390, 'ewm': 392}
[2021-07-06 15:06:05,017] INFO    (main_entry-259): fold id is 6
[2021-07-06 15:06:05,056] INFO    (engine-168): Resume from 10 epoch
[2021-07-06 15:06:10,641] INFO    (engine-175): ACCURACY_wml = 0.8307291666666666 
[2021-07-06 15:06:10,657] INFO    (engine-176): Precision_wml = [0.79123173 1.         0.80208333] 
[2021-07-06 15:06:10,672] INFO    (engine-177): RECALL_wml = [1.         0.49742268 1.        ] 
[2021-07-06 15:06:10,686] INFO    (engine-178): F1_wml = [0.88344988 0.66437177 0.89017341] 
[2021-07-06 15:06:10,911] INFO    (engine-175): ACCURACY_vpl = 0.8342013888888888 
[2021-07-06 15:06:10,926] INFO    (engine-176): Precision_vpl = [0.8004158  0.79957806 1.        ] 
[2021-07-06 15:06:10,941] INFO    (engine-177): RECALL_vpl = [1.         1.         0.50773196] 
[2021-07-06 15:06:10,956] INFO    (engine-178): F1_vpl = [0.8891455  0.88862837 0.67350427] 
[2021-07-06 15:06:11,200] INFO    (main_entry-252): Runing ISSUE01_EXP04_07 | eval on ['8211', '8208']
[2021-07-06 15:06:11,349] INFO    (fnirs-68): {'anb': 3976, 'ewm': 3905, 'gng': 1889, 'rt': 1906}
[2021-07-06 15:06:11,373] INFO    (fnirs-68): {'gng': 184, 'rt': 199, 'ewm': 397, 'anb': 387}
[2021-07-06 15:06:11,396] INFO    (fnirs-68): {'gng': 184, 'rt': 199, 'ewm': 397, 'anb': 387}
[2021-07-06 15:06:11,421] INFO    (main_entry-259): fold id is 7
[2021-07-06 15:06:11,458] INFO    (engine-168): Resume from 13 epoch
[2021-07-06 15:06:17,032] INFO    (engine-175): ACCURACY_wml = 0.9036458333333334 
[2021-07-06 15:06:17,047] INFO    (engine-176): Precision_wml = [1.         0.82110092 0.90294118] 
[2021-07-06 15:06:17,062] INFO    (engine-177): RECALL_wml = [0.99208443 0.91560102 0.80366492] 
[2021-07-06 15:06:17,077] INFO    (engine-178): F1_wml = [0.99602649 0.86577993 0.85041551] 
[2021-07-06 15:06:17,295] INFO    (engine-175): ACCURACY_vpl = 0.9036458333333334 
[2021-07-06 15:06:17,310] INFO    (engine-176): Precision_vpl = [0.90294118 1.         0.82110092] 
[2021-07-06 15:06:17,326] INFO    (engine-177): RECALL_vpl = [0.80366492 0.99208443 0.91560102] 
[2021-07-06 15:06:17,341] INFO    (engine-178): F1_vpl = [0.85041551 0.99602649 0.86577993] 
[2021-07-06 15:06:17,563] INFO    (main_entry-252): Runing ISSUE01_EXP04_08 | eval on ['2015', '8201']
[2021-07-06 15:06:17,597] INFO    (fnirs-68): {'ewm': 3906, 'rt': 1863, 'gng': 1881, 'anb': 4026}
[2021-07-06 15:06:17,617] INFO    (fnirs-68): {'rt': 188, 'ewm': 401, 'gng': 167, 'anb': 411}
[2021-07-06 15:06:17,637] INFO    (fnirs-68): {'rt': 188, 'ewm': 401, 'gng': 167, 'anb': 411}
[2021-07-06 15:06:17,661] INFO    (main_entry-259): fold id is 8
[2021-07-06 15:06:17,697] INFO    (engine-168): Resume from 5 epoch
[2021-07-06 15:06:23,317] INFO    (engine-175): ACCURACY_wml = 0.8159722222222222 
[2021-07-06 15:06:23,332] INFO    (engine-176): Precision_wml = [1.         0.70509978 0.79427083] 
[2021-07-06 15:06:23,348] INFO    (engine-177): RECALL_wml = [0.90056818 0.80100756 0.75682382] 
[2021-07-06 15:06:23,363] INFO    (engine-178): F1_wml = [0.94768311 0.75       0.7750953 ] 
[2021-07-06 15:06:23,594] INFO    (engine-175): ACCURACY_vpl = 0.8125 
[2021-07-06 15:06:23,615] INFO    (engine-176): Precision_vpl = [0.75       0.98816568 0.72885572] 
[2021-07-06 15:06:23,646] INFO    (engine-177): RECALL_vpl = [0.76674938 0.94886364 0.73803526] 
[2021-07-06 15:06:23,670] INFO    (engine-178): F1_vpl = [0.75828221 0.96811594 0.73341677] 
[2021-07-06 15:06:23,889] INFO    (main_entry-252): Runing ISSUE01_EXP04_09 | eval on ['8210', '2004']
[2021-07-06 15:06:23,924] INFO    (fnirs-68): {'gng': 1881, 'ewm': 3905, 'anb': 4010, 'rt': 1880}
[2021-07-06 15:06:23,944] INFO    (fnirs-68): {'rt': 185, 'anb': 406, 'gng': 172, 'ewm': 404}
[2021-07-06 15:06:23,965] INFO    (fnirs-68): {'rt': 185, 'anb': 406, 'gng': 172, 'ewm': 404}
[2021-07-06 15:06:23,988] INFO    (main_entry-259): fold id is 9
[2021-07-06 15:06:24,025] INFO    (engine-168): Resume from 6 epoch
[2021-07-06 15:06:29,663] INFO    (engine-175): ACCURACY_wml = 0.625 
[2021-07-06 15:06:29,679] INFO    (engine-176): Precision_wml = [0.57531381 0.54661017 0.72146119] 
[2021-07-06 15:06:29,694] INFO    (engine-177): RECALL_wml = [0.78125 0.3225  0.79   ] 
[2021-07-06 15:06:29,709] INFO    (engine-178): F1_wml = [0.6626506  0.40566038 0.75417661] 
[2021-07-06 15:06:29,948] INFO    (engine-175): ACCURACY_vpl = 0.6111111111111112 
[2021-07-06 15:06:29,964] INFO    (engine-176): Precision_vpl = [0.72171946 0.55179283 0.51923077] 
[2021-07-06 15:06:29,979] INFO    (engine-177): RECALL_vpl = [0.7975     0.78693182 0.27      ] 
[2021-07-06 15:06:29,995] INFO    (engine-178): F1_vpl = [0.75771971 0.64871194 0.35526316] 
