[2021-05-17 07:34:09,391] INFO    (__init__-24): DEVICE: cuda, found 1 gpus: ['0']
[2021-05-17 07:38:01,562] INFO    (__init__-24): DEVICE: cuda, found 1 gpus: ['0']
[2021-05-17 08:03:13,283] INFO    (__init__-24): DEVICE: cuda, found 1 gpus: ['0']
[2021-05-17 08:07:55,773] INFO    (__init__-24): DEVICE: cuda, found 1 gpus: ['0']
[2021-05-17 08:10:27,184] INFO    (fnirs-60): {'rt': 4830, 'anb': 5124, 'gng': 4830, 'ewm': 4788}
[2021-05-17 08:31:33,060] INFO    (__init__-24): DEVICE: cuda, found 1 gpus: ['0']
[2021-05-17 08:31:55,589] INFO    (fnirs-60): {'rt': 4830, 'anb': 10248, 'gng': 4830, 'ewm': 9996}
[2021-05-17 08:54:01,944] INFO    (__init__-24): DEVICE: cuda, found 1 gpus: ['0']
[2021-05-17 08:54:17,289] INFO    (fnirs-60): {'rt': 4830, 'anb': 10248, 'gng': 4830, 'ewm': 9996}
[2021-05-17 08:55:04,890] INFO    (__init__-24): DEVICE: cuda, found 1 gpus: ['0']
[2021-05-17 08:55:18,802] INFO    (fnirs-60): {'rt': 4830, 'anb': 10248, 'gng': 4830, 'ewm': 9996}
[2021-05-17 09:15:18,941] INFO    (__init__-24): DEVICE: cuda, found 1 gpus: ['0']
[2021-05-17 09:16:40,693] INFO    (__init__-24): DEVICE: cuda, found 1 gpus: ['0']
[2021-05-17 09:16:45,553] INFO    (fnirs-60): {'anb': 10248, 'rt': 4830, 'gng': 4830, 'ewm': 9996}
[2021-05-17 09:17:14,957] INFO    (__init__-24): DEVICE: cuda, found 1 gpus: ['0']
[2021-05-17 09:17:15,370] INFO    (fnirs-60): {'anb': 10248, 'rt': 4830, 'gng': 4830, 'ewm': 9996}
[2021-05-17 09:17:15,534] INFO    (fnirs-60): {'rt': 230, 'anb': 488, 'ewm': 476, 'gng': 230}
[2021-05-17 09:17:15,917] INFO    (fnirs-60): {'rt': 4830, 'anb': 10248, 'gng': 4830, 'ewm': 9996}
[2021-05-17 09:17:16,032] INFO    (fnirs-60): {'ewm': 476, 'rt': 230, 'anb': 488, 'gng': 230}
[2021-05-17 09:17:16,431] INFO    (fnirs-60): {'rt': 4830, 'anb': 10248, 'gng': 4830, 'ewm': 9996}
[2021-05-17 09:17:16,553] INFO    (fnirs-60): {'rt': 230, 'anb': 488, 'gng': 230, 'ewm': 476}
[2021-05-17 09:17:16,936] INFO    (fnirs-60): {'rt': 4830, 'anb': 10248, 'gng': 4830, 'ewm': 9996}
[2021-05-17 09:17:17,056] INFO    (fnirs-60): {'rt': 230, 'gng': 230, 'anb': 488, 'ewm': 476}
[2021-05-17 09:17:17,461] INFO    (fnirs-60): {'rt': 4830, 'gng': 4830, 'anb': 10248, 'ewm': 9996}
[2021-05-17 09:17:17,580] INFO    (fnirs-60): {'anb': 488, 'ewm': 476, 'gng': 230, 'rt': 230}
[2021-05-17 09:17:17,963] INFO    (fnirs-60): {'rt': 4830, 'anb': 10248, 'gng': 4830, 'ewm': 9996}
[2021-05-17 09:17:18,080] INFO    (fnirs-60): {'rt': 230, 'ewm': 476, 'anb': 488, 'gng': 230}
[2021-05-17 09:17:18,455] INFO    (fnirs-60): {'rt': 4830, 'anb': 10248, 'ewm': 9996, 'gng': 4830}
[2021-05-17 09:17:18,584] INFO    (fnirs-60): {'gng': 230, 'anb': 488, 'ewm': 476, 'rt': 230}
[2021-05-17 09:17:18,957] INFO    (fnirs-60): {'rt': 4830, 'anb': 10248, 'gng': 4830, 'ewm': 9996}
[2021-05-17 09:17:19,071] INFO    (fnirs-60): {'anb': 488, 'ewm': 476, 'gng': 230, 'rt': 230}
[2021-05-17 09:17:19,455] INFO    (fnirs-60): {'rt': 4830, 'anb': 10248, 'gng': 4830, 'ewm': 9996}
[2021-05-17 09:17:19,568] INFO    (fnirs-60): {'gng': 230, 'rt': 230, 'anb': 488, 'ewm': 476}
[2021-05-17 09:17:19,960] INFO    (fnirs-60): {'rt': 4830, 'anb': 10248, 'gng': 4830, 'ewm': 9996}
[2021-05-17 09:17:20,074] INFO    (fnirs-60): {'gng': 230, 'rt': 230, 'ewm': 476, 'anb': 488}
[2021-05-17 09:17:20,451] INFO    (fnirs-60): {'rt': 4830, 'anb': 10248, 'gng': 4830, 'ewm': 9996}
[2021-05-17 09:17:20,564] INFO    (fnirs-60): {'gng': 230, 'rt': 230, 'anb': 488, 'ewm': 476}
[2021-05-17 09:17:20,955] INFO    (fnirs-60): {'rt': 4830, 'anb': 10248, 'gng': 4830, 'ewm': 9996}
[2021-05-17 09:17:21,066] INFO    (fnirs-60): {'gng': 230, 'rt': 230, 'ewm': 476, 'anb': 488}
[2021-05-17 09:17:21,458] INFO    (fnirs-60): {'rt': 4830, 'anb': 10248, 'gng': 4830, 'ewm': 9996}
[2021-05-17 09:17:21,568] INFO    (fnirs-60): {'gng': 230, 'rt': 230, 'anb': 488, 'ewm': 476}
[2021-05-17 09:17:21,942] INFO    (fnirs-60): {'rt': 4830, 'anb': 10248, 'gng': 4830, 'ewm': 9996}
[2021-05-17 09:17:22,055] INFO    (fnirs-60): {'gng': 230, 'ewm': 476, 'rt': 230, 'anb': 488}
[2021-05-17 09:17:22,455] INFO    (fnirs-60): {'rt': 4830, 'anb': 10248, 'gng': 4830, 'ewm': 9996}
[2021-05-17 09:17:22,569] INFO    (fnirs-60): {'anb': 488, 'gng': 230, 'rt': 230, 'ewm': 476}
[2021-05-17 09:17:22,942] INFO    (fnirs-60): {'rt': 4830, 'anb': 10248, 'gng': 4830, 'ewm': 9996}
[2021-05-17 09:17:23,052] INFO    (fnirs-60): {'rt': 230, 'ewm': 476, 'gng': 230, 'anb': 488}
[2021-05-17 09:17:23,459] INFO    (fnirs-60): {'rt': 4830, 'anb': 10248, 'gng': 4830, 'ewm': 9996}
[2021-05-17 09:17:23,573] INFO    (fnirs-60): {'ewm': 476, 'rt': 230, 'gng': 230, 'anb': 488}
[2021-05-17 09:17:23,943] INFO    (fnirs-60): {'rt': 4830, 'anb': 10248, 'gng': 4830, 'ewm': 9996}
[2021-05-17 09:17:24,060] INFO    (fnirs-60): {'gng': 230, 'ewm': 476, 'anb': 488, 'rt': 230}
[2021-05-17 09:17:24,439] INFO    (fnirs-60): {'rt': 4830, 'anb': 10248, 'gng': 4830, 'ewm': 9996}
[2021-05-17 09:17:24,557] INFO    (fnirs-60): {'ewm': 476, 'rt': 230, 'gng': 230, 'anb': 488}
[2021-05-17 09:17:24,950] INFO    (fnirs-60): {'rt': 4830, 'anb': 10248, 'gng': 4830, 'ewm': 9996}
[2021-05-17 09:17:25,069] INFO    (fnirs-60): {'rt': 230, 'ewm': 476, 'anb': 488, 'gng': 230}
[2021-05-17 09:17:25,454] INFO    (fnirs-60): {'rt': 4830, 'anb': 10248, 'gng': 4830, 'ewm': 9996}
[2021-05-17 09:17:25,573] INFO    (fnirs-60): {'ewm': 476, 'gng': 230, 'rt': 230, 'anb': 488}
[2021-05-17 09:17:25,968] INFO    (fnirs-60): {'rt': 4830, 'anb': 10248, 'gng': 4830, 'ewm': 9996}
[2021-05-17 09:17:26,087] INFO    (fnirs-60): {'ewm': 476, 'gng': 230, 'rt': 230, 'anb': 488}
[2021-05-17 09:31:41,194] INFO    (__init__-24): DEVICE: cuda, found 1 gpus: ['0']
[2021-05-17 09:31:41,596] INFO    (fnirs-60): {'anb': 20475, 'rt': 4830, 'gng': 4830, 'ewm': 4788}
[2021-05-17 09:31:41,729] INFO    (fnirs-60): {'rt': 230, 'anb': 975, 'ewm': 228, 'gng': 230}
[2021-05-17 09:31:42,138] INFO    (fnirs-60): {'rt': 4830, 'anb': 20475, 'gng': 4830, 'ewm': 4788}
[2021-05-17 09:31:42,273] INFO    (fnirs-60): {'ewm': 228, 'rt': 230, 'anb': 975, 'gng': 230}
[2021-05-17 09:31:42,654] INFO    (fnirs-60): {'rt': 4830, 'anb': 20475, 'gng': 4830, 'ewm': 4788}
[2021-05-17 09:31:42,788] INFO    (fnirs-60): {'rt': 230, 'anb': 975, 'gng': 230, 'ewm': 228}
[2021-05-17 09:31:43,200] INFO    (fnirs-60): {'rt': 4830, 'anb': 20475, 'gng': 4830, 'ewm': 4788}
[2021-05-17 09:31:43,326] INFO    (fnirs-60): {'rt': 230, 'gng': 230, 'anb': 975, 'ewm': 228}
[2021-05-17 09:31:43,707] INFO    (fnirs-60): {'rt': 4830, 'gng': 4830, 'anb': 20475, 'ewm': 4788}
[2021-05-17 09:31:43,840] INFO    (fnirs-60): {'anb': 975, 'ewm': 228, 'gng': 230, 'rt': 230}
[2021-05-17 09:31:44,226] INFO    (fnirs-60): {'rt': 4830, 'anb': 20475, 'gng': 4830, 'ewm': 4788}
[2021-05-17 09:31:44,357] INFO    (fnirs-60): {'rt': 230, 'ewm': 228, 'anb': 975, 'gng': 230}
[2021-05-17 09:31:44,770] INFO    (fnirs-60): {'rt': 4830, 'anb': 20475, 'ewm': 4788, 'gng': 4830}
[2021-05-17 09:31:44,896] INFO    (fnirs-60): {'gng': 230, 'anb': 975, 'ewm': 228, 'rt': 230}
[2021-05-17 09:31:45,292] INFO    (fnirs-60): {'rt': 4830, 'anb': 20475, 'gng': 4830, 'ewm': 4788}
[2021-05-17 09:31:45,417] INFO    (fnirs-60): {'anb': 975, 'ewm': 228, 'gng': 230, 'rt': 230}
[2021-05-17 09:31:45,813] INFO    (fnirs-60): {'rt': 4830, 'anb': 20475, 'gng': 4830, 'ewm': 4788}
[2021-05-17 09:31:45,939] INFO    (fnirs-60): {'gng': 230, 'rt': 230, 'anb': 975, 'ewm': 228}
[2021-05-17 09:31:46,320] INFO    (fnirs-60): {'rt': 4830, 'anb': 20475, 'gng': 4830, 'ewm': 4788}
[2021-05-17 09:31:46,447] INFO    (fnirs-60): {'gng': 230, 'rt': 230, 'ewm': 228, 'anb': 975}
[2021-05-17 09:31:46,852] INFO    (fnirs-60): {'rt': 4830, 'anb': 20475, 'gng': 4830, 'ewm': 4788}
[2021-05-17 09:31:46,976] INFO    (fnirs-60): {'gng': 230, 'rt': 230, 'anb': 975, 'ewm': 228}
[2021-05-17 09:31:47,360] INFO    (fnirs-60): {'rt': 4830, 'anb': 20475, 'gng': 4830, 'ewm': 4788}
[2021-05-17 09:31:47,487] INFO    (fnirs-60): {'gng': 230, 'rt': 230, 'ewm': 228, 'anb': 975}
[2021-05-17 09:31:47,886] INFO    (fnirs-60): {'rt': 4830, 'anb': 20475, 'gng': 4830, 'ewm': 4788}
[2021-05-17 09:31:48,011] INFO    (fnirs-60): {'gng': 230, 'rt': 230, 'anb': 975, 'ewm': 228}
[2021-05-17 09:31:48,394] INFO    (fnirs-60): {'rt': 4830, 'anb': 20475, 'gng': 4830, 'ewm': 4788}
[2021-05-17 09:31:48,520] INFO    (fnirs-60): {'gng': 230, 'ewm': 228, 'rt': 230, 'anb': 975}
[2021-05-17 09:31:48,931] INFO    (fnirs-60): {'rt': 4830, 'anb': 20475, 'gng': 4830, 'ewm': 4788}
[2021-05-17 09:31:49,056] INFO    (fnirs-60): {'anb': 975, 'gng': 230, 'rt': 230, 'ewm': 228}
[2021-05-17 09:31:49,443] INFO    (fnirs-60): {'rt': 4830, 'anb': 20475, 'gng': 4830, 'ewm': 4788}
[2021-05-17 09:31:49,569] INFO    (fnirs-60): {'rt': 230, 'ewm': 228, 'gng': 230, 'anb': 975}
[2021-05-17 09:31:49,945] INFO    (fnirs-60): {'rt': 4830, 'anb': 20475, 'gng': 4830, 'ewm': 4788}
[2021-05-17 09:31:50,072] INFO    (fnirs-60): {'ewm': 228, 'rt': 230, 'gng': 230, 'anb': 975}
[2021-05-17 09:31:50,472] INFO    (fnirs-60): {'rt': 4830, 'anb': 20475, 'gng': 4830, 'ewm': 4788}
[2021-05-17 09:31:50,598] INFO    (fnirs-60): {'gng': 230, 'ewm': 228, 'anb': 975, 'rt': 230}
[2021-05-17 09:31:50,985] INFO    (fnirs-60): {'rt': 4830, 'anb': 20475, 'gng': 4830, 'ewm': 4788}
[2021-05-17 09:31:51,110] INFO    (fnirs-60): {'ewm': 228, 'rt': 230, 'gng': 230, 'anb': 975}
[2021-05-17 09:31:51,527] INFO    (fnirs-60): {'rt': 4830, 'anb': 20475, 'gng': 4830, 'ewm': 4788}
[2021-05-17 09:31:51,653] INFO    (fnirs-60): {'rt': 230, 'ewm': 228, 'anb': 975, 'gng': 230}
[2021-05-17 09:31:52,034] INFO    (fnirs-60): {'rt': 4830, 'anb': 20475, 'gng': 4830, 'ewm': 4788}
[2021-05-17 09:31:52,159] INFO    (fnirs-60): {'ewm': 228, 'gng': 230, 'rt': 230, 'anb': 975}
[2021-05-17 09:31:52,560] INFO    (fnirs-60): {'rt': 4830, 'anb': 20475, 'gng': 4830, 'ewm': 4788}
[2021-05-17 09:31:52,723] INFO    (fnirs-60): {'ewm': 228, 'gng': 230, 'rt': 230, 'anb': 975}
[2021-05-17 09:35:25,703] INFO    (__init__-24): DEVICE: cuda, found 1 gpus: ['0']
[2021-05-17 09:35:26,116] INFO    (fnirs-60): {'anb': 13671, 'rt': 4830, 'gng': 4830, 'ewm': 4788}
[2021-05-17 09:35:26,232] INFO    (fnirs-60): {'rt': 230, 'anb': 651, 'ewm': 228, 'gng': 230}
[2021-05-17 09:35:26,615] INFO    (fnirs-60): {'rt': 4830, 'anb': 13671, 'gng': 4830, 'ewm': 4788}
[2021-05-17 09:35:26,724] INFO    (fnirs-60): {'ewm': 228, 'rt': 230, 'anb': 651, 'gng': 230}
[2021-05-17 09:35:27,123] INFO    (fnirs-60): {'rt': 4830, 'anb': 13671, 'gng': 4830, 'ewm': 4788}
[2021-05-17 09:35:27,233] INFO    (fnirs-60): {'rt': 230, 'anb': 651, 'gng': 230, 'ewm': 228}
[2021-05-17 09:35:27,630] INFO    (fnirs-60): {'rt': 4830, 'anb': 13671, 'gng': 4830, 'ewm': 4788}
[2021-05-17 09:35:27,742] INFO    (fnirs-60): {'rt': 230, 'gng': 230, 'anb': 651, 'ewm': 228}
[2021-05-17 09:35:28,170] INFO    (fnirs-60): {'rt': 4830, 'gng': 4830, 'anb': 13671, 'ewm': 4788}
[2021-05-17 09:35:28,282] INFO    (fnirs-60): {'anb': 651, 'ewm': 228, 'gng': 230, 'rt': 230}
[2021-05-17 09:35:28,682] INFO    (fnirs-60): {'rt': 4830, 'anb': 13671, 'gng': 4830, 'ewm': 4788}
[2021-05-17 09:35:28,795] INFO    (fnirs-60): {'rt': 230, 'ewm': 228, 'anb': 651, 'gng': 230}
[2021-05-17 09:35:29,193] INFO    (fnirs-60): {'rt': 4830, 'anb': 13671, 'ewm': 4788, 'gng': 4830}
[2021-05-17 09:35:29,304] INFO    (fnirs-60): {'gng': 230, 'anb': 651, 'ewm': 228, 'rt': 230}
[2021-05-17 09:35:29,730] INFO    (fnirs-60): {'rt': 4830, 'anb': 13671, 'gng': 4830, 'ewm': 4788}
[2021-05-17 09:35:29,838] INFO    (fnirs-60): {'anb': 651, 'ewm': 228, 'gng': 230, 'rt': 230}
[2021-05-17 09:35:30,218] INFO    (fnirs-60): {'rt': 4830, 'anb': 13671, 'gng': 4830, 'ewm': 4788}
[2021-05-17 09:35:30,332] INFO    (fnirs-60): {'gng': 230, 'rt': 230, 'anb': 651, 'ewm': 228}
[2021-05-17 09:35:30,709] INFO    (fnirs-60): {'rt': 4830, 'anb': 13671, 'gng': 4830, 'ewm': 4788}
[2021-05-17 09:35:30,842] INFO    (fnirs-60): {'gng': 230, 'rt': 230, 'ewm': 228, 'anb': 651}
[2021-05-17 09:35:31,218] INFO    (fnirs-60): {'rt': 4830, 'anb': 13671, 'gng': 4830, 'ewm': 4788}
[2021-05-17 09:35:31,333] INFO    (fnirs-60): {'gng': 230, 'rt': 230, 'anb': 651, 'ewm': 228}
[2021-05-17 09:35:31,709] INFO    (fnirs-60): {'rt': 4830, 'anb': 13671, 'gng': 4830, 'ewm': 4788}
[2021-05-17 09:35:31,825] INFO    (fnirs-60): {'gng': 230, 'rt': 230, 'ewm': 228, 'anb': 651}
[2021-05-17 09:35:32,228] INFO    (fnirs-60): {'rt': 4830, 'anb': 13671, 'gng': 4830, 'ewm': 4788}
[2021-05-17 09:35:32,343] INFO    (fnirs-60): {'gng': 230, 'rt': 230, 'anb': 651, 'ewm': 228}
[2021-05-17 09:35:32,720] INFO    (fnirs-60): {'rt': 4830, 'anb': 13671, 'gng': 4830, 'ewm': 4788}
[2021-05-17 09:35:32,835] INFO    (fnirs-60): {'gng': 230, 'ewm': 228, 'rt': 230, 'anb': 651}
[2021-05-17 09:35:33,211] INFO    (fnirs-60): {'rt': 4830, 'anb': 13671, 'gng': 4830, 'ewm': 4788}
[2021-05-17 09:35:33,324] INFO    (fnirs-60): {'anb': 651, 'gng': 230, 'rt': 230, 'ewm': 228}
[2021-05-17 09:35:33,720] INFO    (fnirs-60): {'rt': 4830, 'anb': 13671, 'gng': 4830, 'ewm': 4788}
[2021-05-17 09:35:33,837] INFO    (fnirs-60): {'rt': 230, 'ewm': 228, 'gng': 230, 'anb': 651}
[2021-05-17 09:35:34,220] INFO    (fnirs-60): {'rt': 4830, 'anb': 13671, 'gng': 4830, 'ewm': 4788}
[2021-05-17 09:35:34,335] INFO    (fnirs-60): {'ewm': 228, 'rt': 230, 'gng': 230, 'anb': 651}
[2021-05-17 09:35:34,729] INFO    (fnirs-60): {'rt': 4830, 'anb': 13671, 'gng': 4830, 'ewm': 4788}
[2021-05-17 09:35:34,845] INFO    (fnirs-60): {'gng': 230, 'ewm': 228, 'anb': 651, 'rt': 230}
[2021-05-17 09:35:35,218] INFO    (fnirs-60): {'rt': 4830, 'anb': 13671, 'gng': 4830, 'ewm': 4788}
[2021-05-17 09:35:35,328] INFO    (fnirs-60): {'ewm': 228, 'rt': 230, 'gng': 230, 'anb': 651}
[2021-05-17 09:35:35,707] INFO    (fnirs-60): {'rt': 4830, 'anb': 13671, 'gng': 4830, 'ewm': 4788}
[2021-05-17 09:35:35,818] INFO    (fnirs-60): {'rt': 230, 'ewm': 228, 'anb': 651, 'gng': 230}
[2021-05-17 09:35:36,223] INFO    (fnirs-60): {'rt': 4830, 'anb': 13671, 'gng': 4830, 'ewm': 4788}
[2021-05-17 09:35:36,335] INFO    (fnirs-60): {'ewm': 228, 'gng': 230, 'rt': 230, 'anb': 651}
[2021-05-17 09:35:36,712] INFO    (fnirs-60): {'rt': 4830, 'anb': 13671, 'gng': 4830, 'ewm': 4788}
[2021-05-17 09:35:36,819] INFO    (fnirs-60): {'ewm': 228, 'gng': 230, 'rt': 230, 'anb': 651}
[2021-05-17 09:49:32,637] INFO    (__init__-24): DEVICE: cuda, found 1 gpus: ['0']
[2021-05-17 09:49:33,030] INFO    (fnirs-60): {'anb': 10248, 'rt': 4830, 'gng': 4830, 'ewm': 4788}
[2021-05-17 09:49:33,128] INFO    (fnirs-60): {'rt': 230, 'anb': 488, 'ewm': 228, 'gng': 230}
[2021-05-17 09:49:33,502] INFO    (fnirs-60): {'rt': 4830, 'anb': 10248, 'gng': 4830, 'ewm': 4788}
[2021-05-17 09:49:33,597] INFO    (fnirs-60): {'ewm': 228, 'rt': 230, 'anb': 488, 'gng': 230}
[2021-05-17 09:49:33,984] INFO    (fnirs-60): {'rt': 4830, 'anb': 10248, 'gng': 4830, 'ewm': 4788}
[2021-05-17 09:49:34,084] INFO    (fnirs-60): {'rt': 230, 'anb': 488, 'gng': 230, 'ewm': 228}
[2021-05-17 09:49:34,459] INFO    (fnirs-60): {'rt': 4830, 'anb': 10248, 'gng': 4830, 'ewm': 4788}
[2021-05-17 09:49:34,557] INFO    (fnirs-60): {'rt': 230, 'gng': 230, 'anb': 488, 'ewm': 228}
[2021-05-17 09:49:34,931] INFO    (fnirs-60): {'rt': 4830, 'gng': 4830, 'anb': 10248, 'ewm': 4788}
[2021-05-17 09:49:35,029] INFO    (fnirs-60): {'anb': 488, 'ewm': 228, 'gng': 230, 'rt': 230}
[2021-05-17 09:49:35,420] INFO    (fnirs-60): {'rt': 4830, 'anb': 10248, 'gng': 4830, 'ewm': 4788}
[2021-05-17 09:49:35,519] INFO    (fnirs-60): {'rt': 230, 'ewm': 228, 'anb': 488, 'gng': 230}
[2021-05-17 09:49:35,884] INFO    (fnirs-60): {'rt': 4830, 'anb': 10248, 'ewm': 4788, 'gng': 4830}
[2021-05-17 09:49:35,982] INFO    (fnirs-60): {'gng': 230, 'anb': 488, 'ewm': 228, 'rt': 230}
[2021-05-17 09:49:36,365] INFO    (fnirs-60): {'rt': 4830, 'anb': 10248, 'gng': 4830, 'ewm': 4788}
[2021-05-17 09:49:36,462] INFO    (fnirs-60): {'anb': 488, 'ewm': 228, 'gng': 230, 'rt': 230}
[2021-05-17 09:49:36,847] INFO    (fnirs-60): {'rt': 4830, 'anb': 10248, 'gng': 4830, 'ewm': 4788}
[2021-05-17 09:49:36,943] INFO    (fnirs-60): {'gng': 230, 'rt': 230, 'anb': 488, 'ewm': 228}
[2021-05-17 09:49:37,311] INFO    (fnirs-60): {'rt': 4830, 'anb': 10248, 'gng': 4830, 'ewm': 4788}
[2021-05-17 09:49:37,409] INFO    (fnirs-60): {'gng': 230, 'rt': 230, 'ewm': 228, 'anb': 488}
[2021-05-17 09:49:37,775] INFO    (fnirs-60): {'rt': 4830, 'anb': 10248, 'gng': 4830, 'ewm': 4788}
[2021-05-17 09:49:37,873] INFO    (fnirs-60): {'gng': 230, 'rt': 230, 'anb': 488, 'ewm': 228}
[2021-05-17 09:49:38,262] INFO    (fnirs-60): {'rt': 4830, 'anb': 10248, 'gng': 4830, 'ewm': 4788}
[2021-05-17 09:49:38,360] INFO    (fnirs-60): {'gng': 230, 'rt': 230, 'ewm': 228, 'anb': 488}
[2021-05-17 09:49:38,725] INFO    (fnirs-60): {'rt': 4830, 'anb': 10248, 'gng': 4830, 'ewm': 4788}
[2021-05-17 09:49:38,823] INFO    (fnirs-60): {'gng': 230, 'rt': 230, 'anb': 488, 'ewm': 228}
[2021-05-17 09:49:39,214] INFO    (fnirs-60): {'rt': 4830, 'anb': 10248, 'gng': 4830, 'ewm': 4788}
[2021-05-17 09:49:39,312] INFO    (fnirs-60): {'gng': 230, 'ewm': 228, 'rt': 230, 'anb': 488}
[2021-05-17 09:49:39,684] INFO    (fnirs-60): {'rt': 4830, 'anb': 10248, 'gng': 4830, 'ewm': 4788}
[2021-05-17 09:49:39,781] INFO    (fnirs-60): {'anb': 488, 'gng': 230, 'rt': 230, 'ewm': 228}
[2021-05-17 09:49:40,148] INFO    (fnirs-60): {'rt': 4830, 'anb': 10248, 'gng': 4830, 'ewm': 4788}
[2021-05-17 09:49:40,246] INFO    (fnirs-60): {'rt': 230, 'ewm': 228, 'gng': 230, 'anb': 488}
[2021-05-17 09:49:40,642] INFO    (fnirs-60): {'rt': 4830, 'anb': 10248, 'gng': 4830, 'ewm': 4788}
[2021-05-17 09:49:40,738] INFO    (fnirs-60): {'ewm': 228, 'rt': 230, 'gng': 230, 'anb': 488}
[2021-05-17 09:49:41,102] INFO    (fnirs-60): {'rt': 4830, 'anb': 10248, 'gng': 4830, 'ewm': 4788}
[2021-05-17 09:49:41,198] INFO    (fnirs-60): {'gng': 230, 'ewm': 228, 'anb': 488, 'rt': 230}
[2021-05-17 09:49:41,569] INFO    (fnirs-60): {'rt': 4830, 'anb': 10248, 'gng': 4830, 'ewm': 4788}
[2021-05-17 09:49:41,667] INFO    (fnirs-60): {'ewm': 228, 'rt': 230, 'gng': 230, 'anb': 488}
[2021-05-17 09:49:42,054] INFO    (fnirs-60): {'rt': 4830, 'anb': 10248, 'gng': 4830, 'ewm': 4788}
[2021-05-17 09:49:42,151] INFO    (fnirs-60): {'rt': 230, 'ewm': 228, 'anb': 488, 'gng': 230}
[2021-05-17 09:49:42,543] INFO    (fnirs-60): {'rt': 4830, 'anb': 10248, 'gng': 4830, 'ewm': 4788}
[2021-05-17 09:49:42,641] INFO    (fnirs-60): {'ewm': 228, 'gng': 230, 'rt': 230, 'anb': 488}
[2021-05-17 09:49:43,007] INFO    (fnirs-60): {'rt': 4830, 'anb': 10248, 'gng': 4830, 'ewm': 4788}
[2021-05-17 09:49:43,103] INFO    (fnirs-60): {'ewm': 228, 'gng': 230, 'rt': 230, 'anb': 488}
[2021-05-17 09:50:29,829] INFO    (__init__-24): DEVICE: cuda, found 1 gpus: ['0']
[2021-05-17 09:50:30,234] INFO    (fnirs-60): {'anb': 10248, 'rt': 4830, 'gng': 4830, 'ewm': 9996}
[2021-05-17 09:50:30,362] INFO    (fnirs-60): {'rt': 230, 'anb': 488, 'ewm': 476, 'gng': 230}
[2021-05-17 09:50:30,743] INFO    (fnirs-60): {'rt': 4830, 'anb': 10248, 'gng': 4830, 'ewm': 9996}
[2021-05-17 09:50:30,856] INFO    (fnirs-60): {'ewm': 476, 'rt': 230, 'anb': 488, 'gng': 230}
[2021-05-17 09:50:31,252] INFO    (fnirs-60): {'rt': 4830, 'anb': 10248, 'gng': 4830, 'ewm': 9996}
[2021-05-17 09:50:31,364] INFO    (fnirs-60): {'rt': 230, 'anb': 488, 'gng': 230, 'ewm': 476}
[2021-05-17 09:50:31,740] INFO    (fnirs-60): {'rt': 4830, 'anb': 10248, 'gng': 4830, 'ewm': 9996}
[2021-05-17 09:50:31,852] INFO    (fnirs-60): {'rt': 230, 'gng': 230, 'anb': 488, 'ewm': 476}
[2021-05-17 09:50:32,245] INFO    (fnirs-60): {'rt': 4830, 'gng': 4830, 'anb': 10248, 'ewm': 9996}
[2021-05-17 09:50:32,361] INFO    (fnirs-60): {'anb': 488, 'ewm': 476, 'gng': 230, 'rt': 230}
[2021-05-17 09:50:32,746] INFO    (fnirs-60): {'rt': 4830, 'anb': 10248, 'gng': 4830, 'ewm': 9996}
[2021-05-17 09:50:32,865] INFO    (fnirs-60): {'rt': 230, 'ewm': 476, 'anb': 488, 'gng': 230}
[2021-05-17 09:50:33,240] INFO    (fnirs-60): {'rt': 4830, 'anb': 10248, 'ewm': 9996, 'gng': 4830}
[2021-05-17 09:50:33,377] INFO    (fnirs-60): {'gng': 230, 'anb': 488, 'ewm': 476, 'rt': 230}
[2021-05-17 09:50:33,753] INFO    (fnirs-60): {'rt': 4830, 'anb': 10248, 'gng': 4830, 'ewm': 9996}
[2021-05-17 09:50:33,871] INFO    (fnirs-60): {'anb': 488, 'ewm': 476, 'gng': 230, 'rt': 230}
[2021-05-17 09:50:34,245] INFO    (fnirs-60): {'rt': 4830, 'anb': 10248, 'gng': 4830, 'ewm': 9996}
[2021-05-17 09:50:34,355] INFO    (fnirs-60): {'gng': 230, 'rt': 230, 'anb': 488, 'ewm': 476}
[2021-05-17 09:50:34,760] INFO    (fnirs-60): {'rt': 4830, 'anb': 10248, 'gng': 4830, 'ewm': 9996}
[2021-05-17 09:50:34,872] INFO    (fnirs-60): {'gng': 230, 'rt': 230, 'ewm': 476, 'anb': 488}
[2021-05-17 09:50:35,247] INFO    (fnirs-60): {'rt': 4830, 'anb': 10248, 'gng': 4830, 'ewm': 9996}
[2021-05-17 09:50:35,358] INFO    (fnirs-60): {'gng': 230, 'rt': 230, 'anb': 488, 'ewm': 476}
[2021-05-17 09:50:35,753] INFO    (fnirs-60): {'rt': 4830, 'anb': 10248, 'gng': 4830, 'ewm': 9996}
[2021-05-17 09:50:35,864] INFO    (fnirs-60): {'gng': 230, 'rt': 230, 'ewm': 476, 'anb': 488}
[2021-05-17 09:50:36,242] INFO    (fnirs-60): {'rt': 4830, 'anb': 10248, 'gng': 4830, 'ewm': 9996}
[2021-05-17 09:50:36,356] INFO    (fnirs-60): {'gng': 230, 'rt': 230, 'anb': 488, 'ewm': 476}
[2021-05-17 09:50:36,771] INFO    (fnirs-60): {'rt': 4830, 'anb': 10248, 'gng': 4830, 'ewm': 9996}
[2021-05-17 09:50:36,885] INFO    (fnirs-60): {'gng': 230, 'ewm': 476, 'rt': 230, 'anb': 488}
[2021-05-17 09:50:37,285] INFO    (fnirs-60): {'rt': 4830, 'anb': 10248, 'gng': 4830, 'ewm': 9996}
[2021-05-17 09:50:37,399] INFO    (fnirs-60): {'anb': 488, 'gng': 230, 'rt': 230, 'ewm': 476}
[2021-05-17 09:50:37,779] INFO    (fnirs-60): {'rt': 4830, 'anb': 10248, 'gng': 4830, 'ewm': 9996}
[2021-05-17 09:50:37,892] INFO    (fnirs-60): {'rt': 230, 'ewm': 476, 'gng': 230, 'anb': 488}
[2021-05-17 09:50:38,292] INFO    (fnirs-60): {'rt': 4830, 'anb': 10248, 'gng': 4830, 'ewm': 9996}
[2021-05-17 09:50:38,406] INFO    (fnirs-60): {'ewm': 476, 'rt': 230, 'gng': 230, 'anb': 488}
[2021-05-17 09:50:38,811] INFO    (fnirs-60): {'rt': 4830, 'anb': 10248, 'gng': 4830, 'ewm': 9996}
[2021-05-17 09:50:38,924] INFO    (fnirs-60): {'gng': 230, 'ewm': 476, 'anb': 488, 'rt': 230}
[2021-05-17 09:50:39,298] INFO    (fnirs-60): {'rt': 4830, 'anb': 10248, 'gng': 4830, 'ewm': 9996}
[2021-05-17 09:50:39,409] INFO    (fnirs-60): {'ewm': 476, 'rt': 230, 'gng': 230, 'anb': 488}
[2021-05-17 09:50:39,801] INFO    (fnirs-60): {'rt': 4830, 'anb': 10248, 'gng': 4830, 'ewm': 9996}
[2021-05-17 09:50:39,913] INFO    (fnirs-60): {'rt': 230, 'ewm': 476, 'anb': 488, 'gng': 230}
[2021-05-17 09:50:40,292] INFO    (fnirs-60): {'rt': 4830, 'anb': 10248, 'gng': 4830, 'ewm': 9996}
[2021-05-17 09:50:40,403] INFO    (fnirs-60): {'ewm': 476, 'gng': 230, 'rt': 230, 'anb': 488}
[2021-05-17 09:50:40,827] INFO    (fnirs-60): {'rt': 4830, 'anb': 10248, 'gng': 4830, 'ewm': 9996}
[2021-05-17 09:50:40,939] INFO    (fnirs-60): {'ewm': 476, 'gng': 230, 'rt': 230, 'anb': 488}
[2021-05-17 09:51:58,084] INFO    (__init__-24): DEVICE: cuda, found 1 gpus: ['0']
[2021-05-17 09:51:58,469] INFO    (fnirs-60): {'anb': 13671, 'rt': 4830, 'gng': 4830, 'ewm': 4788}
[2021-05-17 09:51:58,581] INFO    (fnirs-60): {'rt': 230, 'anb': 651, 'ewm': 228, 'gng': 230}
[2021-05-17 09:51:58,958] INFO    (fnirs-60): {'rt': 4830, 'anb': 13671, 'gng': 4830, 'ewm': 4788}
[2021-05-17 09:51:59,071] INFO    (fnirs-60): {'ewm': 228, 'rt': 230, 'anb': 651, 'gng': 230}
[2021-05-17 09:51:59,464] INFO    (fnirs-60): {'rt': 4830, 'anb': 13671, 'gng': 4830, 'ewm': 4788}
[2021-05-17 09:51:59,577] INFO    (fnirs-60): {'rt': 230, 'anb': 651, 'gng': 230, 'ewm': 228}
[2021-05-17 09:51:59,958] INFO    (fnirs-60): {'rt': 4830, 'anb': 13671, 'gng': 4830, 'ewm': 4788}
[2021-05-17 09:52:00,072] INFO    (fnirs-60): {'rt': 230, 'gng': 230, 'anb': 651, 'ewm': 228}
[2021-05-17 09:52:00,481] INFO    (fnirs-60): {'rt': 4830, 'gng': 4830, 'anb': 13671, 'ewm': 4788}
[2021-05-17 09:52:00,588] INFO    (fnirs-60): {'anb': 651, 'ewm': 228, 'gng': 230, 'rt': 230}
[2021-05-17 09:52:00,962] INFO    (fnirs-60): {'rt': 4830, 'anb': 13671, 'gng': 4830, 'ewm': 4788}
[2021-05-17 09:52:01,070] INFO    (fnirs-60): {'rt': 230, 'ewm': 228, 'anb': 651, 'gng': 230}
[2021-05-17 09:52:01,440] INFO    (fnirs-60): {'rt': 4830, 'anb': 13671, 'ewm': 4788, 'gng': 4830}
[2021-05-17 09:52:01,554] INFO    (fnirs-60): {'gng': 230, 'anb': 651, 'ewm': 228, 'rt': 230}
[2021-05-17 09:52:01,956] INFO    (fnirs-60): {'rt': 4830, 'anb': 13671, 'gng': 4830, 'ewm': 4788}
[2021-05-17 09:52:02,068] INFO    (fnirs-60): {'anb': 651, 'ewm': 228, 'gng': 230, 'rt': 230}
[2021-05-17 09:52:02,438] INFO    (fnirs-60): {'rt': 4830, 'anb': 13671, 'gng': 4830, 'ewm': 4788}
[2021-05-17 09:52:02,551] INFO    (fnirs-60): {'gng': 230, 'rt': 230, 'anb': 651, 'ewm': 228}
[2021-05-17 09:52:02,921] INFO    (fnirs-60): {'rt': 4830, 'anb': 13671, 'gng': 4830, 'ewm': 4788}
[2021-05-17 09:52:03,053] INFO    (fnirs-60): {'gng': 230, 'rt': 230, 'ewm': 228, 'anb': 651}
[2021-05-17 09:52:03,424] INFO    (fnirs-60): {'rt': 4830, 'anb': 13671, 'gng': 4830, 'ewm': 4788}
[2021-05-17 09:52:03,538] INFO    (fnirs-60): {'gng': 230, 'rt': 230, 'anb': 651, 'ewm': 228}
[2021-05-17 09:52:03,930] INFO    (fnirs-60): {'rt': 4830, 'anb': 13671, 'gng': 4830, 'ewm': 4788}
[2021-05-17 09:52:04,043] INFO    (fnirs-60): {'gng': 230, 'rt': 230, 'ewm': 228, 'anb': 651}
[2021-05-17 09:52:04,432] INFO    (fnirs-60): {'rt': 4830, 'anb': 13671, 'gng': 4830, 'ewm': 4788}
[2021-05-17 09:52:04,545] INFO    (fnirs-60): {'gng': 230, 'rt': 230, 'anb': 651, 'ewm': 228}
[2021-05-17 09:52:04,918] INFO    (fnirs-60): {'rt': 4830, 'anb': 13671, 'gng': 4830, 'ewm': 4788}
[2021-05-17 09:52:05,032] INFO    (fnirs-60): {'gng': 230, 'ewm': 228, 'rt': 230, 'anb': 651}
[2021-05-17 09:52:05,409] INFO    (fnirs-60): {'rt': 4830, 'anb': 13671, 'gng': 4830, 'ewm': 4788}
[2021-05-17 09:52:05,522] INFO    (fnirs-60): {'anb': 651, 'gng': 230, 'rt': 230, 'ewm': 228}
[2021-05-17 09:52:05,923] INFO    (fnirs-60): {'rt': 4830, 'anb': 13671, 'gng': 4830, 'ewm': 4788}
[2021-05-17 09:52:06,036] INFO    (fnirs-60): {'rt': 230, 'ewm': 228, 'gng': 230, 'anb': 651}
[2021-05-17 09:52:06,408] INFO    (fnirs-60): {'rt': 4830, 'anb': 13671, 'gng': 4830, 'ewm': 4788}
[2021-05-17 09:52:06,521] INFO    (fnirs-60): {'ewm': 228, 'rt': 230, 'gng': 230, 'anb': 651}
[2021-05-17 09:52:06,907] INFO    (fnirs-60): {'rt': 4830, 'anb': 13671, 'gng': 4830, 'ewm': 4788}
[2021-05-17 09:52:07,021] INFO    (fnirs-60): {'gng': 230, 'ewm': 228, 'anb': 651, 'rt': 230}
[2021-05-17 09:52:07,391] INFO    (fnirs-60): {'rt': 4830, 'anb': 13671, 'gng': 4830, 'ewm': 4788}
[2021-05-17 09:52:07,505] INFO    (fnirs-60): {'ewm': 228, 'rt': 230, 'gng': 230, 'anb': 651}
[2021-05-17 09:52:07,882] INFO    (fnirs-60): {'rt': 4830, 'anb': 13671, 'gng': 4830, 'ewm': 4788}
[2021-05-17 09:52:07,997] INFO    (fnirs-60): {'rt': 230, 'ewm': 228, 'anb': 651, 'gng': 230}
[2021-05-17 09:52:08,386] INFO    (fnirs-60): {'rt': 4830, 'anb': 13671, 'gng': 4830, 'ewm': 4788}
[2021-05-17 09:52:08,501] INFO    (fnirs-60): {'ewm': 228, 'gng': 230, 'rt': 230, 'anb': 651}
[2021-05-17 09:52:08,873] INFO    (fnirs-60): {'rt': 4830, 'anb': 13671, 'gng': 4830, 'ewm': 4788}
[2021-05-17 09:52:08,985] INFO    (fnirs-60): {'ewm': 228, 'gng': 230, 'rt': 230, 'anb': 651}
[2021-05-18 23:30:47,473] INFO    (__init__-24): DEVICE: cuda, found 1 gpus: ['0']
[2021-05-18 23:30:47,484] INFO    (main_entry-102): Runing ISSUE01_EXP01_00 | eval ids : ['2001']
[2021-05-18 23:35:52,083] INFO    (__init__-24): DEVICE: cuda, found 1 gpus: ['0']
[2021-05-18 23:35:52,096] INFO    (main_entry-102): Runing ISSUE01_EXP01_00 | eval ids : ['2001']
[2021-05-18 23:36:29,700] INFO    (__init__-24): DEVICE: cuda, found 1 gpus: ['0']
[2021-05-18 23:36:29,715] INFO    (main_entry-102): Runing ISSUE01_EXP01_00 | eval ids : ['2001']
[2021-05-19 01:12:33,074] INFO    (__init__-24): DEVICE: cuda, found 1 gpus: ['0']
[2021-05-19 01:12:33,473] INFO    (fnirs-66): {'anb': 13671, 'rt': 4830, 'gng': 4830, 'ewm': 4788}
[2021-05-19 01:13:18,698] INFO    (__init__-24): DEVICE: cuda, found 1 gpus: ['0']
[2021-05-19 01:13:19,100] INFO    (fnirs-66): {'anb': 13671, 'rt': 4830, 'gng': 4830, 'ewm': 4788}
[2021-05-19 01:13:19,160] INFO    (fnirs-66): {'rt': 230, 'anb': 651, 'ewm': 228, 'gng': 230}
[2021-05-19 01:13:19,538] INFO    (fnirs-66): {'rt': 4830, 'anb': 13671, 'gng': 4830, 'ewm': 4788}
[2021-05-19 01:13:19,604] INFO    (fnirs-66): {'ewm': 228, 'rt': 230, 'anb': 651, 'gng': 230}
[2021-05-19 01:13:20,002] INFO    (fnirs-66): {'rt': 4830, 'anb': 13671, 'gng': 4830, 'ewm': 4788}
[2021-05-19 01:13:20,065] INFO    (fnirs-66): {'rt': 230, 'anb': 651, 'gng': 230, 'ewm': 228}
[2021-05-19 01:13:20,440] INFO    (fnirs-66): {'rt': 4830, 'anb': 13671, 'gng': 4830, 'ewm': 4788}
[2021-05-19 01:13:20,503] INFO    (fnirs-66): {'rt': 230, 'gng': 230, 'anb': 651, 'ewm': 228}
[2021-05-19 01:13:20,901] INFO    (fnirs-66): {'rt': 4830, 'gng': 4830, 'anb': 13671, 'ewm': 4788}
[2021-05-19 01:13:20,962] INFO    (fnirs-66): {'anb': 651, 'ewm': 228, 'gng': 230, 'rt': 230}
[2021-05-19 01:13:21,339] INFO    (fnirs-66): {'rt': 4830, 'anb': 13671, 'gng': 4830, 'ewm': 4788}
[2021-05-19 01:13:21,403] INFO    (fnirs-66): {'rt': 230, 'ewm': 228, 'anb': 651, 'gng': 230}
[2021-05-19 01:13:21,786] INFO    (fnirs-66): {'rt': 4830, 'anb': 13671, 'ewm': 4788, 'gng': 4830}
[2021-05-19 01:13:21,844] INFO    (fnirs-66): {'gng': 230, 'anb': 651, 'ewm': 228, 'rt': 230}
[2021-05-19 01:13:22,235] INFO    (fnirs-66): {'rt': 4830, 'anb': 13671, 'gng': 4830, 'ewm': 4788}
[2021-05-19 01:13:22,294] INFO    (fnirs-66): {'anb': 651, 'ewm': 228, 'gng': 230, 'rt': 230}
[2021-05-19 01:13:22,662] INFO    (fnirs-66): {'rt': 4830, 'anb': 13671, 'gng': 4830, 'ewm': 4788}
[2021-05-19 01:13:22,723] INFO    (fnirs-66): {'gng': 230, 'rt': 230, 'anb': 651, 'ewm': 228}
[2021-05-19 01:13:23,094] INFO    (fnirs-66): {'rt': 4830, 'anb': 13671, 'gng': 4830, 'ewm': 4788}
[2021-05-19 01:13:23,171] INFO    (fnirs-66): {'gng': 230, 'rt': 230, 'ewm': 228, 'anb': 651}
[2021-05-19 01:13:23,540] INFO    (fnirs-66): {'rt': 4830, 'anb': 13671, 'gng': 4830, 'ewm': 4788}
[2021-05-19 01:13:23,600] INFO    (fnirs-66): {'gng': 230, 'rt': 230, 'anb': 651, 'ewm': 228}
[2021-05-19 01:13:23,972] INFO    (fnirs-66): {'rt': 4830, 'anb': 13671, 'gng': 4830, 'ewm': 4788}
[2021-05-19 01:13:24,030] INFO    (fnirs-66): {'gng': 230, 'rt': 230, 'ewm': 228, 'anb': 651}
[2021-05-19 01:13:24,415] INFO    (fnirs-66): {'rt': 4830, 'anb': 13671, 'gng': 4830, 'ewm': 4788}
[2021-05-19 01:13:24,475] INFO    (fnirs-66): {'gng': 230, 'rt': 230, 'anb': 651, 'ewm': 228}
[2021-05-19 01:13:24,845] INFO    (fnirs-66): {'rt': 4830, 'anb': 13671, 'gng': 4830, 'ewm': 4788}
[2021-05-19 01:13:24,904] INFO    (fnirs-66): {'gng': 230, 'ewm': 228, 'rt': 230, 'anb': 651}
[2021-05-19 01:13:25,273] INFO    (fnirs-66): {'rt': 4830, 'anb': 13671, 'gng': 4830, 'ewm': 4788}
[2021-05-19 01:13:25,334] INFO    (fnirs-66): {'anb': 651, 'gng': 230, 'rt': 230, 'ewm': 228}
[2021-05-19 01:13:25,724] INFO    (fnirs-66): {'rt': 4830, 'anb': 13671, 'gng': 4830, 'ewm': 4788}
[2021-05-19 01:13:25,808] INFO    (fnirs-66): {'rt': 230, 'ewm': 228, 'gng': 230, 'anb': 651}
[2021-05-19 01:13:26,188] INFO    (fnirs-66): {'rt': 4830, 'anb': 13671, 'gng': 4830, 'ewm': 4788}
[2021-05-19 01:13:26,247] INFO    (fnirs-66): {'ewm': 228, 'rt': 230, 'gng': 230, 'anb': 651}
[2021-05-19 01:13:26,643] INFO    (fnirs-66): {'rt': 4830, 'anb': 13671, 'gng': 4830, 'ewm': 4788}
[2021-05-19 01:13:26,700] INFO    (fnirs-66): {'gng': 230, 'ewm': 228, 'anb': 651, 'rt': 230}
[2021-05-19 01:13:27,072] INFO    (fnirs-66): {'rt': 4830, 'anb': 13671, 'gng': 4830, 'ewm': 4788}
[2021-05-19 01:13:27,133] INFO    (fnirs-66): {'ewm': 228, 'rt': 230, 'gng': 230, 'anb': 651}
[2021-05-19 01:13:27,507] INFO    (fnirs-66): {'rt': 4830, 'anb': 13671, 'gng': 4830, 'ewm': 4788}
[2021-05-19 01:13:27,567] INFO    (fnirs-66): {'rt': 230, 'ewm': 228, 'anb': 651, 'gng': 230}
[2021-05-19 01:13:27,979] INFO    (fnirs-66): {'rt': 4830, 'anb': 13671, 'gng': 4830, 'ewm': 4788}
[2021-05-19 01:13:28,039] INFO    (fnirs-66): {'ewm': 228, 'gng': 230, 'rt': 230, 'anb': 651}
[2021-05-19 01:13:28,406] INFO    (fnirs-66): {'rt': 4830, 'anb': 13671, 'gng': 4830, 'ewm': 4788}
[2021-05-19 01:13:28,465] INFO    (fnirs-66): {'ewm': 228, 'gng': 230, 'rt': 230, 'anb': 651}
[2021-05-19 01:19:50,014] INFO    (__init__-24): DEVICE: cuda, found 1 gpus: ['0']
[2021-05-19 01:19:50,424] INFO    (fnirs-66): {'anb': 10248, 'rt': 4830, 'gng': 4830, 'ewm': 9996}
[2021-05-19 01:19:50,483] INFO    (fnirs-66): {'rt': 230, 'anb': 488, 'ewm': 476, 'gng': 230}
[2021-05-19 01:19:50,861] INFO    (fnirs-66): {'rt': 4830, 'anb': 10248, 'gng': 4830, 'ewm': 9996}
[2021-05-19 01:19:50,928] INFO    (fnirs-66): {'ewm': 476, 'rt': 230, 'anb': 488, 'gng': 230}
[2021-05-19 01:19:51,323] INFO    (fnirs-66): {'rt': 4830, 'anb': 10248, 'gng': 4830, 'ewm': 9996}
[2021-05-19 01:19:51,389] INFO    (fnirs-66): {'rt': 230, 'anb': 488, 'gng': 230, 'ewm': 476}
[2021-05-19 01:19:51,768] INFO    (fnirs-66): {'rt': 4830, 'anb': 10248, 'gng': 4830, 'ewm': 9996}
[2021-05-19 01:19:51,829] INFO    (fnirs-66): {'rt': 230, 'gng': 230, 'anb': 488, 'ewm': 476}
[2021-05-19 01:19:52,226] INFO    (fnirs-66): {'rt': 4830, 'gng': 4830, 'anb': 10248, 'ewm': 9996}
[2021-05-19 01:19:52,288] INFO    (fnirs-66): {'anb': 488, 'ewm': 476, 'gng': 230, 'rt': 230}
[2021-05-19 01:19:52,658] INFO    (fnirs-66): {'rt': 4830, 'anb': 10248, 'gng': 4830, 'ewm': 9996}
[2021-05-19 01:19:52,725] INFO    (fnirs-66): {'rt': 230, 'ewm': 476, 'anb': 488, 'gng': 230}
[2021-05-19 01:19:53,104] INFO    (fnirs-66): {'rt': 4830, 'anb': 10248, 'ewm': 9996, 'gng': 4830}
[2021-05-19 01:19:53,184] INFO    (fnirs-66): {'gng': 230, 'anb': 488, 'ewm': 476, 'rt': 230}
[2021-05-19 01:19:53,566] INFO    (fnirs-66): {'rt': 4830, 'anb': 10248, 'gng': 4830, 'ewm': 9996}
[2021-05-19 01:19:53,628] INFO    (fnirs-66): {'anb': 488, 'ewm': 476, 'gng': 230, 'rt': 230}
[2021-05-19 01:19:54,009] INFO    (fnirs-66): {'rt': 4830, 'anb': 10248, 'gng': 4830, 'ewm': 9996}
[2021-05-19 01:19:54,071] INFO    (fnirs-66): {'gng': 230, 'rt': 230, 'anb': 488, 'ewm': 476}
[2021-05-19 01:19:54,479] INFO    (fnirs-66): {'rt': 4830, 'anb': 10248, 'gng': 4830, 'ewm': 9996}
[2021-05-19 01:19:54,541] INFO    (fnirs-66): {'gng': 230, 'rt': 230, 'ewm': 476, 'anb': 488}
[2021-05-19 01:19:54,913] INFO    (fnirs-66): {'rt': 4830, 'anb': 10248, 'gng': 4830, 'ewm': 9996}
[2021-05-19 01:19:54,972] INFO    (fnirs-66): {'gng': 230, 'rt': 230, 'anb': 488, 'ewm': 476}
[2021-05-19 01:19:55,368] INFO    (fnirs-66): {'rt': 4830, 'anb': 10248, 'gng': 4830, 'ewm': 9996}
[2021-05-19 01:19:55,428] INFO    (fnirs-66): {'gng': 230, 'rt': 230, 'ewm': 476, 'anb': 488}
[2021-05-19 01:19:55,800] INFO    (fnirs-66): {'rt': 4830, 'anb': 10248, 'gng': 4830, 'ewm': 9996}
[2021-05-19 01:19:55,862] INFO    (fnirs-66): {'gng': 230, 'rt': 230, 'anb': 488, 'ewm': 476}
[2021-05-19 01:19:56,237] INFO    (fnirs-66): {'rt': 4830, 'anb': 10248, 'gng': 4830, 'ewm': 9996}
[2021-05-19 01:19:56,301] INFO    (fnirs-66): {'gng': 230, 'ewm': 476, 'rt': 230, 'anb': 488}
[2021-05-19 01:19:56,701] INFO    (fnirs-66): {'rt': 4830, 'anb': 10248, 'gng': 4830, 'ewm': 9996}
[2021-05-19 01:19:56,763] INFO    (fnirs-66): {'anb': 488, 'gng': 230, 'rt': 230, 'ewm': 476}
[2021-05-19 01:19:57,139] INFO    (fnirs-66): {'rt': 4830, 'anb': 10248, 'gng': 4830, 'ewm': 9996}
[2021-05-19 01:19:57,202] INFO    (fnirs-66): {'rt': 230, 'ewm': 476, 'gng': 230, 'anb': 488}
[2021-05-19 01:19:57,600] INFO    (fnirs-66): {'rt': 4830, 'anb': 10248, 'gng': 4830, 'ewm': 9996}
[2021-05-19 01:19:57,662] INFO    (fnirs-66): {'ewm': 476, 'rt': 230, 'gng': 230, 'anb': 488}
[2021-05-19 01:19:58,034] INFO    (fnirs-66): {'rt': 4830, 'anb': 10248, 'gng': 4830, 'ewm': 9996}
[2021-05-19 01:19:58,096] INFO    (fnirs-66): {'gng': 230, 'ewm': 476, 'anb': 488, 'rt': 230}
[2021-05-19 01:19:58,482] INFO    (fnirs-66): {'rt': 4830, 'anb': 10248, 'gng': 4830, 'ewm': 9996}
[2021-05-19 01:19:58,544] INFO    (fnirs-66): {'ewm': 476, 'rt': 230, 'gng': 230, 'anb': 488}
[2021-05-19 01:19:58,936] INFO    (fnirs-66): {'rt': 4830, 'anb': 10248, 'gng': 4830, 'ewm': 9996}
[2021-05-19 01:19:58,998] INFO    (fnirs-66): {'rt': 230, 'ewm': 476, 'anb': 488, 'gng': 230}
[2021-05-19 01:19:59,373] INFO    (fnirs-66): {'rt': 4830, 'anb': 10248, 'gng': 4830, 'ewm': 9996}
[2021-05-19 01:19:59,436] INFO    (fnirs-66): {'ewm': 476, 'gng': 230, 'rt': 230, 'anb': 488}
[2021-05-19 01:19:59,832] INFO    (fnirs-66): {'rt': 4830, 'anb': 10248, 'gng': 4830, 'ewm': 9996}
[2021-05-19 01:19:59,894] INFO    (fnirs-66): {'ewm': 476, 'gng': 230, 'rt': 230, 'anb': 488}
